This is pdfTeX, Version 3.141592653-2.6-1.40.24 (TeX Live 2022) (preloaded format=pdflatex 2022.12.2)  17 JAN 2023 10:29
entering extended mode
 restricted \write18 enabled.
 %&-line parsing enabled.
**Bio144_lecture4.tex
(./Bio144_lecture4.tex
LaTeX2e <2022-11-01>
L3 programming layer <2022-11-02> (/Users/owenpetchey/Library/TinyTeX/texmf-dist/tex/latex/beamer/beamer.cls
Document Class: beamer 2022/09/13 v3.68 A class for typesetting presentations
(/Users/owenpetchey/Library/TinyTeX/texmf-dist/tex/latex/beamer/beamerbasemodes.sty (/Users/owenpetchey/Library/TinyTeX/texmf-dist/tex/latex/etoolbox/etoolbox.sty
Package: etoolbox 2020/10/05 v2.5k e-TeX tools for LaTeX (JAW)
\etb@tempcnta=\count185
)
\beamer@tempbox=\box51
\beamer@tempcount=\count186
\c@beamerpauses=\count187
(/Users/owenpetchey/Library/TinyTeX/texmf-dist/tex/latex/beamer/beamerbasedecode.sty
\beamer@slideinframe=\count188
\beamer@minimum=\count189
\beamer@decode@box=\box52
)
\beamer@commentbox=\box53
\beamer@modecount=\count190
) (/Users/owenpetchey/Library/TinyTeX/texmf-dist/tex/generic/iftex/iftex.sty
Package: iftex 2022/02/03 v1.0f TeX engine tests
)
\headdp=\dimen140
\footheight=\dimen141
\sidebarheight=\dimen142
\beamer@tempdim=\dimen143
\beamer@finalheight=\dimen144
\beamer@animht=\dimen145
\beamer@animdp=\dimen146
\beamer@animwd=\dimen147
\beamer@leftmargin=\dimen148
\beamer@rightmargin=\dimen149
\beamer@leftsidebar=\dimen150
\beamer@rightsidebar=\dimen151
\beamer@boxsize=\dimen152
\beamer@vboxoffset=\dimen153
\beamer@descdefault=\dimen154
\beamer@descriptionwidth=\dimen155
\beamer@lastskip=\skip47
\beamer@areabox=\box54
\beamer@animcurrent=\box55
\beamer@animshowbox=\box56
\beamer@sectionbox=\box57
\beamer@logobox=\box58
\beamer@linebox=\box59
\beamer@sectioncount=\count191
\beamer@subsubsectionmax=\count192
\beamer@subsectionmax=\count193
\beamer@sectionmax=\count194
\beamer@totalheads=\count195
\beamer@headcounter=\count196
\beamer@partstartpage=\count197
\beamer@sectionstartpage=\count198
\beamer@subsectionstartpage=\count199
\beamer@animationtempa=\count266
\beamer@animationtempb=\count267
\beamer@xpos=\count268
\beamer@ypos=\count269
\beamer@ypos@offset=\count270
\beamer@showpartnumber=\count271
\beamer@currentsubsection=\count272
\beamer@coveringdepth=\count273
\beamer@sectionadjust=\count274
\beamer@toclastsection=\count275
\beamer@tocsectionnumber=\count276
(/Users/owenpetchey/Library/TinyTeX/texmf-dist/tex/latex/beamer/beamerbaseoptions.sty (/Users/owenpetchey/Library/TinyTeX/texmf-dist/tex/latex/graphics/keyval.sty
Package: keyval 2022/05/29 v1.15 key=value parser (DPC)
\KV@toks@=\toks16
))
\beamer@paperwidth=\skip48
\beamer@paperheight=\skip49
(/Users/owenpetchey/Library/TinyTeX/texmf-dist/tex/latex/geometry/geometry.sty
Package: geometry 2020/01/02 v5.9 Page Geometry
(/Users/owenpetchey/Library/TinyTeX/texmf-dist/tex/generic/iftex/ifvtex.sty
Package: ifvtex 2019/10/25 v1.7 ifvtex legacy package. Use iftex instead.
)
\Gm@cnth=\count277
\Gm@cntv=\count278
\c@Gm@tempcnt=\count279
\Gm@bindingoffset=\dimen156
\Gm@wd@mp=\dimen157
\Gm@odd@mp=\dimen158
\Gm@even@mp=\dimen159
\Gm@layoutwidth=\dimen160
\Gm@layoutheight=\dimen161
\Gm@layouthoffset=\dimen162
\Gm@layoutvoffset=\dimen163
\Gm@dimlist=\toks17
) (/Users/owenpetchey/Library/TinyTeX/texmf-dist/tex/latex/pgf/math/pgfmath.sty (/Users/owenpetchey/Library/TinyTeX/texmf-dist/tex/latex/pgf/utilities/pgfrcs.sty (/Users/owenpetchey/Library/TinyTeX/texmf-dist/tex/generic/pgf/utilities/pgfutil-common.tex
\pgfutil@everybye=\toks18
\pgfutil@tempdima=\dimen164
\pgfutil@tempdimb=\dimen165
(/Users/owenpetchey/Library/TinyTeX/texmf-dist/tex/generic/pgf/utilities/pgfutil-common-lists.tex)) (/Users/owenpetchey/Library/TinyTeX/texmf-dist/tex/generic/pgf/utilities/pgfutil-latex.def
\pgfutil@abb=\box60
) (/Users/owenpetchey/Library/TinyTeX/texmf-dist/tex/generic/pgf/utilities/pgfrcs.code.tex (/Users/owenpetchey/Library/TinyTeX/texmf-dist/tex/generic/pgf/pgf.revision.tex)
Package: pgfrcs 2021/05/15 v3.1.9a (3.1.9a)
)) (/Users/owenpetchey/Library/TinyTeX/texmf-dist/tex/latex/pgf/utilities/pgfkeys.sty (/Users/owenpetchey/Library/TinyTeX/texmf-dist/tex/generic/pgf/utilities/pgfkeys.code.tex
\pgfkeys@pathtoks=\toks19
\pgfkeys@temptoks=\toks20
(/Users/owenpetchey/Library/TinyTeX/texmf-dist/tex/generic/pgf/utilities/pgfkeysfiltered.code.tex
\pgfkeys@tmptoks=\toks21
))) (/Users/owenpetchey/Library/TinyTeX/texmf-dist/tex/generic/pgf/math/pgfmath.code.tex (/Users/owenpetchey/Library/TinyTeX/texmf-dist/tex/generic/pgf/math/pgfmathcalc.code.tex (/Users/owenpetchey/Library/TinyTeX/texmf-dist/tex/generic/pgf/math/pgfmathutil.code.tex
\pgf@x=\dimen166
\pgf@xa=\dimen167
\pgf@xb=\dimen168
\pgf@xc=\dimen169
\pgf@y=\dimen170
\pgf@ya=\dimen171
\pgf@yb=\dimen172
\pgf@yc=\dimen173
\c@pgf@counta=\count280
\c@pgf@countb=\count281
\c@pgf@countc=\count282
\c@pgf@countd=\count283
) (/Users/owenpetchey/Library/TinyTeX/texmf-dist/tex/generic/pgf/math/pgfmathparser.code.tex
\pgfmath@dimen=\dimen174
\pgfmath@count=\count284
\pgfmath@box=\box61
\pgfmath@toks=\toks22
\pgfmath@stack@operand=\toks23
\pgfmath@stack@operation=\toks24
) (/Users/owenpetchey/Library/TinyTeX/texmf-dist/tex/generic/pgf/math/pgfmathfunctions.code.tex (/Users/owenpetchey/Library/TinyTeX/texmf-dist/tex/generic/pgf/math/pgfmathfunctions.basic.code.tex) (/Users/owenpetchey/Library/TinyTeX/texmf-dist/tex/generic/pgf/math/pgfmathfunctions.trigonometric.code.tex) (/Users/owenpetchey/Library/TinyTeX/texmf-dist/tex/generic/pgf/math/pgfmathfunctions.random.code.tex) (/Users/owenpetchey/Library/TinyTeX/texmf-dist/tex/generic/pgf/math/pgfmathfunctions.comparison.code.tex) (/Users/owenpetchey/Library/TinyTeX/texmf-dist/tex/generic/pgf/math/pgfmathfunctions.base.code.tex) (/Users/owenpetchey/Library/TinyTeX/texmf-dist/tex/generic/pgf/math/pgfmathfunctions.round.code.tex) (/Users/owenpetchey/Library/TinyTeX/texmf-dist/tex/generic/pgf/math/pgfmathfunctions.misc.code.tex) (/Users/owenpetchey/Library/TinyTeX/texmf-dist/tex/generic/pgf/math/pgfmathfunctions.integerarithmetics.code.tex))) (/Users/owenpetchey/Library/TinyTeX/texmf-dist/tex/generic/pgf/math/pgfmathfloat.code.tex
\c@pgfmathroundto@lastzeros=\count285
))) (/Users/owenpetchey/Library/TinyTeX/texmf-dist/tex/latex/base/size11.clo
File: size11.clo 2022/07/02 v1.4n Standard LaTeX file (size option)
) (/Users/owenpetchey/Library/TinyTeX/texmf-dist/tex/latex/pgf/basiclayer/pgfcore.sty (/Users/owenpetchey/Library/TinyTeX/texmf-dist/tex/latex/graphics/graphicx.sty
Package: graphicx 2021/09/16 v1.2d Enhanced LaTeX Graphics (DPC,SPQR)
(/Users/owenpetchey/Library/TinyTeX/texmf-dist/tex/latex/graphics/graphics.sty
Package: graphics 2022/03/10 v1.4e Standard LaTeX Graphics (DPC,SPQR)
(/Users/owenpetchey/Library/TinyTeX/texmf-dist/tex/latex/graphics/trig.sty
Package: trig 2021/08/11 v1.11 sin cos tan (DPC)
) (/Users/owenpetchey/Library/TinyTeX/texmf-dist/tex/latex/graphics-cfg/graphics.cfg
File: graphics.cfg 2016/06/04 v1.11 sample graphics configuration
)
Package graphics Info: Driver file: pdftex.def on input line 107.
(/Users/owenpetchey/Library/TinyTeX/texmf-dist/tex/latex/graphics-def/pdftex.def
File: pdftex.def 2022/09/22 v1.2b Graphics/color driver for pdftex
))
\Gin@req@height=\dimen175
\Gin@req@width=\dimen176
) (/Users/owenpetchey/Library/TinyTeX/texmf-dist/tex/latex/pgf/systemlayer/pgfsys.sty (/Users/owenpetchey/Library/TinyTeX/texmf-dist/tex/generic/pgf/systemlayer/pgfsys.code.tex
Package: pgfsys 2021/05/15 v3.1.9a (3.1.9a)
(/Users/owenpetchey/Library/TinyTeX/texmf-dist/tex/generic/pgf/utilities/pgfkeys.code.tex)
\pgf@x=\dimen177
\pgf@y=\dimen178
\pgf@xa=\dimen179
\pgf@ya=\dimen180
\pgf@xb=\dimen181
\pgf@yb=\dimen182
\pgf@xc=\dimen183
\pgf@yc=\dimen184
\pgf@xd=\dimen185
\pgf@yd=\dimen186
\w@pgf@writea=\write3
\r@pgf@reada=\read2
\c@pgf@counta=\count286
\c@pgf@countb=\count287
\c@pgf@countc=\count288
\c@pgf@countd=\count289
\t@pgf@toka=\toks25
\t@pgf@tokb=\toks26
\t@pgf@tokc=\toks27
\pgf@sys@id@count=\count290
(/Users/owenpetchey/Library/TinyTeX/texmf-dist/tex/generic/pgf/systemlayer/pgf.cfg
File: pgf.cfg 2021/05/15 v3.1.9a (3.1.9a)
)
Driver file for pgf: pgfsys-pdftex.def
(/Users/owenpetchey/Library/TinyTeX/texmf-dist/tex/generic/pgf/systemlayer/pgfsys-pdftex.def
File: pgfsys-pdftex.def 2021/05/15 v3.1.9a (3.1.9a)
(/Users/owenpetchey/Library/TinyTeX/texmf-dist/tex/generic/pgf/systemlayer/pgfsys-common-pdf.def
File: pgfsys-common-pdf.def 2021/05/15 v3.1.9a (3.1.9a)
))) (/Users/owenpetchey/Library/TinyTeX/texmf-dist/tex/generic/pgf/systemlayer/pgfsyssoftpath.code.tex
File: pgfsyssoftpath.code.tex 2021/05/15 v3.1.9a (3.1.9a)
\pgfsyssoftpath@smallbuffer@items=\count291
\pgfsyssoftpath@bigbuffer@items=\count292
) (/Users/owenpetchey/Library/TinyTeX/texmf-dist/tex/generic/pgf/systemlayer/pgfsysprotocol.code.tex
File: pgfsysprotocol.code.tex 2021/05/15 v3.1.9a (3.1.9a)
)) (/Users/owenpetchey/Library/TinyTeX/texmf-dist/tex/latex/xcolor/xcolor.sty
Package: xcolor 2022/06/12 v2.14 LaTeX color extensions (UK)
(/Users/owenpetchey/Library/TinyTeX/texmf-dist/tex/latex/graphics-cfg/color.cfg
File: color.cfg 2016/01/02 v1.6 sample color configuration
)
Package xcolor Info: Driver file: pdftex.def on input line 227.
(/Users/owenpetchey/Library/TinyTeX/texmf-dist/tex/latex/graphics/mathcolor.ltx)
Package xcolor Info: Model `cmy' substituted by `cmy0' on input line 1353.
Package xcolor Info: Model `hsb' substituted by `rgb' on input line 1357.
Package xcolor Info: Model `RGB' extended on input line 1369.
Package xcolor Info: Model `HTML' substituted by `rgb' on input line 1371.
Package xcolor Info: Model `Hsb' substituted by `hsb' on input line 1372.
Package xcolor Info: Model `tHsb' substituted by `hsb' on input line 1373.
Package xcolor Info: Model `HSB' substituted by `hsb' on input line 1374.
Package xcolor Info: Model `Gray' substituted by `gray' on input line 1375.
Package xcolor Info: Model `wave' substituted by `hsb' on input line 1376.
) (/Users/owenpetchey/Library/TinyTeX/texmf-dist/tex/generic/pgf/basiclayer/pgfcore.code.tex
Package: pgfcore 2021/05/15 v3.1.9a (3.1.9a)
(/Users/owenpetchey/Library/TinyTeX/texmf-dist/tex/generic/pgf/math/pgfmath.code.tex) (/Users/owenpetchey/Library/TinyTeX/texmf-dist/tex/generic/pgf/math/pgfint.code.tex) (/Users/owenpetchey/Library/TinyTeX/texmf-dist/tex/generic/pgf/basiclayer/pgfcorepoints.code.tex
File: pgfcorepoints.code.tex 2021/05/15 v3.1.9a (3.1.9a)
\pgf@picminx=\dimen187
\pgf@picmaxx=\dimen188
\pgf@picminy=\dimen189
\pgf@picmaxy=\dimen190
\pgf@pathminx=\dimen191
\pgf@pathmaxx=\dimen192
\pgf@pathminy=\dimen193
\pgf@pathmaxy=\dimen194
\pgf@xx=\dimen195
\pgf@xy=\dimen196
\pgf@yx=\dimen197
\pgf@yy=\dimen198
\pgf@zx=\dimen199
\pgf@zy=\dimen256
) (/Users/owenpetchey/Library/TinyTeX/texmf-dist/tex/generic/pgf/basiclayer/pgfcorepathconstruct.code.tex
File: pgfcorepathconstruct.code.tex 2021/05/15 v3.1.9a (3.1.9a)
\pgf@path@lastx=\dimen257
\pgf@path@lasty=\dimen258
) (/Users/owenpetchey/Library/TinyTeX/texmf-dist/tex/generic/pgf/basiclayer/pgfcorepathusage.code.tex
File: pgfcorepathusage.code.tex 2021/05/15 v3.1.9a (3.1.9a)
\pgf@shorten@end@additional=\dimen259
\pgf@shorten@start@additional=\dimen260
) (/Users/owenpetchey/Library/TinyTeX/texmf-dist/tex/generic/pgf/basiclayer/pgfcorescopes.code.tex
File: pgfcorescopes.code.tex 2021/05/15 v3.1.9a (3.1.9a)
\pgfpic=\box62
\pgf@hbox=\box63
\pgf@layerbox@main=\box64
\pgf@picture@serial@count=\count293
) (/Users/owenpetchey/Library/TinyTeX/texmf-dist/tex/generic/pgf/basiclayer/pgfcoregraphicstate.code.tex
File: pgfcoregraphicstate.code.tex 2021/05/15 v3.1.9a (3.1.9a)
\pgflinewidth=\dimen261
) (/Users/owenpetchey/Library/TinyTeX/texmf-dist/tex/generic/pgf/basiclayer/pgfcoretransformations.code.tex
File: pgfcoretransformations.code.tex 2021/05/15 v3.1.9a (3.1.9a)
\pgf@pt@x=\dimen262
\pgf@pt@y=\dimen263
\pgf@pt@temp=\dimen264
) (/Users/owenpetchey/Library/TinyTeX/texmf-dist/tex/generic/pgf/basiclayer/pgfcorequick.code.tex
File: pgfcorequick.code.tex 2021/05/15 v3.1.9a (3.1.9a)
) (/Users/owenpetchey/Library/TinyTeX/texmf-dist/tex/generic/pgf/basiclayer/pgfcoreobjects.code.tex
File: pgfcoreobjects.code.tex 2021/05/15 v3.1.9a (3.1.9a)
) (/Users/owenpetchey/Library/TinyTeX/texmf-dist/tex/generic/pgf/basiclayer/pgfcorepathprocessing.code.tex
File: pgfcorepathprocessing.code.tex 2021/05/15 v3.1.9a (3.1.9a)
) (/Users/owenpetchey/Library/TinyTeX/texmf-dist/tex/generic/pgf/basiclayer/pgfcorearrows.code.tex
File: pgfcorearrows.code.tex 2021/05/15 v3.1.9a (3.1.9a)
\pgfarrowsep=\dimen265
) (/Users/owenpetchey/Library/TinyTeX/texmf-dist/tex/generic/pgf/basiclayer/pgfcoreshade.code.tex
File: pgfcoreshade.code.tex 2021/05/15 v3.1.9a (3.1.9a)
\pgf@max=\dimen266
\pgf@sys@shading@range@num=\count294
\pgf@shadingcount=\count295
) (/Users/owenpetchey/Library/TinyTeX/texmf-dist/tex/generic/pgf/basiclayer/pgfcoreimage.code.tex
File: pgfcoreimage.code.tex 2021/05/15 v3.1.9a (3.1.9a)
(/Users/owenpetchey/Library/TinyTeX/texmf-dist/tex/generic/pgf/basiclayer/pgfcoreexternal.code.tex
File: pgfcoreexternal.code.tex 2021/05/15 v3.1.9a (3.1.9a)
\pgfexternal@startupbox=\box65
)) (/Users/owenpetchey/Library/TinyTeX/texmf-dist/tex/generic/pgf/basiclayer/pgfcorelayers.code.tex
File: pgfcorelayers.code.tex 2021/05/15 v3.1.9a (3.1.9a)
) (/Users/owenpetchey/Library/TinyTeX/texmf-dist/tex/generic/pgf/basiclayer/pgfcoretransparency.code.tex
File: pgfcoretransparency.code.tex 2021/05/15 v3.1.9a (3.1.9a)
) (/Users/owenpetchey/Library/TinyTeX/texmf-dist/tex/generic/pgf/basiclayer/pgfcorepatterns.code.tex
File: pgfcorepatterns.code.tex 2021/05/15 v3.1.9a (3.1.9a)
) (/Users/owenpetchey/Library/TinyTeX/texmf-dist/tex/generic/pgf/basiclayer/pgfcorerdf.code.tex
File: pgfcorerdf.code.tex 2021/05/15 v3.1.9a (3.1.9a)
))) (/Users/owenpetchey/Library/TinyTeX/texmf-dist/tex/latex/pgf/utilities/xxcolor.sty
Package: xxcolor 2003/10/24 ver 0.1
\XC@nummixins=\count296
\XC@countmixins=\count297
) (/Users/owenpetchey/Library/TinyTeX/texmf-dist/tex/latex/base/atbegshi-ltx.sty
Package: atbegshi-ltx 2021/01/10 v1.0c Emulation of the original atbegshi
package with kernel methods
) (/Users/owenpetchey/Library/TinyTeX/texmf-dist/tex/latex/hyperref/hyperref.sty
Package: hyperref 2022-11-13 v7.00u Hypertext links for LaTeX
(/Users/owenpetchey/Library/TinyTeX/texmf-dist/tex/generic/ltxcmds/ltxcmds.sty
Package: ltxcmds 2020-05-10 v1.25 LaTeX kernel commands for general use (HO)
) (/Users/owenpetchey/Library/TinyTeX/texmf-dist/tex/generic/pdftexcmds/pdftexcmds.sty
Package: pdftexcmds 2020-06-27 v0.33 Utility functions of pdfTeX for LuaTeX (HO)
(/Users/owenpetchey/Library/TinyTeX/texmf-dist/tex/generic/infwarerr/infwarerr.sty
Package: infwarerr 2019/12/03 v1.5 Providing info/warning/error messages (HO)
)
Package pdftexcmds Info: \pdf@primitive is available.
Package pdftexcmds Info: \pdf@ifprimitive is available.
Package pdftexcmds Info: \pdfdraftmode found.
) (/Users/owenpetchey/Library/TinyTeX/texmf-dist/tex/latex/kvsetkeys/kvsetkeys.sty
Package: kvsetkeys 2022-10-05 v1.19 Key value parser (HO)
) (/Users/owenpetchey/Library/TinyTeX/texmf-dist/tex/generic/kvdefinekeys/kvdefinekeys.sty
Package: kvdefinekeys 2019-12-19 v1.6 Define keys (HO)
) (/Users/owenpetchey/Library/TinyTeX/texmf-dist/tex/generic/pdfescape/pdfescape.sty
Package: pdfescape 2019/12/09 v1.15 Implements pdfTeX's escape features (HO)
) (/Users/owenpetchey/Library/TinyTeX/texmf-dist/tex/latex/hycolor/hycolor.sty
Package: hycolor 2020-01-27 v1.10 Color options for hyperref/bookmark (HO)
) (/Users/owenpetchey/Library/TinyTeX/texmf-dist/tex/latex/letltxmacro/letltxmacro.sty
Package: letltxmacro 2019/12/03 v1.6 Let assignment for LaTeX macros (HO)
) (/Users/owenpetchey/Library/TinyTeX/texmf-dist/tex/latex/auxhook/auxhook.sty
Package: auxhook 2019-12-17 v1.6 Hooks for auxiliary files (HO)
) (/Users/owenpetchey/Library/TinyTeX/texmf-dist/tex/latex/hyperref/nameref.sty
Package: nameref 2022-05-17 v2.50 Cross-referencing by name of section
(/Users/owenpetchey/Library/TinyTeX/texmf-dist/tex/latex/refcount/refcount.sty
Package: refcount 2019/12/15 v3.6 Data extraction from label references (HO)
) (/Users/owenpetchey/Library/TinyTeX/texmf-dist/tex/generic/gettitlestring/gettitlestring.sty
Package: gettitlestring 2019/12/15 v1.6 Cleanup title references (HO)
(/Users/owenpetchey/Library/TinyTeX/texmf-dist/tex/latex/kvoptions/kvoptions.sty
Package: kvoptions 2022-06-15 v3.15 Key value format for package options (HO)
))
\c@section@level=\count298
)
\@linkdim=\dimen267
\Hy@linkcounter=\count299
\Hy@pagecounter=\count300
(/Users/owenpetchey/Library/TinyTeX/texmf-dist/tex/latex/hyperref/pd1enc.def
File: pd1enc.def 2022-11-13 v7.00u Hyperref: PDFDocEncoding definition (HO)
Now handling font encoding PD1 ...
... no UTF-8 mapping file for font encoding PD1
) (/Users/owenpetchey/Library/TinyTeX/texmf-dist/tex/generic/intcalc/intcalc.sty
Package: intcalc 2019/12/15 v1.3 Expandable calculations with integers (HO)
) (/Users/owenpetchey/Library/TinyTeX/texmf-dist/tex/generic/etexcmds/etexcmds.sty
Package: etexcmds 2019/12/15 v1.7 Avoid name clashes with e-TeX commands (HO)
)
\Hy@SavedSpaceFactor=\count301
(/Users/owenpetchey/Library/TinyTeX/texmf-dist/tex/latex/hyperref/puenc.def
File: puenc.def 2022-11-13 v7.00u Hyperref: PDF Unicode definition (HO)
Now handling font encoding PU ...
... no UTF-8 mapping file for font encoding PU
)
Package hyperref Info: Option `unicode' set `true' on input line 4045.
Package hyperref Info: Option `bookmarks' set `true' on input line 4045.
Package hyperref Info: Option `bookmarksopen' set `true' on input line 4045.
Package hyperref Info: Option `implicit' set `false' on input line 4045.
Package hyperref Info: Hyper figures OFF on input line 4162.
Package hyperref Info: Link nesting OFF on input line 4167.
Package hyperref Info: Hyper index ON on input line 4170.
Package hyperref Info: Plain pages OFF on input line 4177.
Package hyperref Info: Backreferencing OFF on input line 4182.
Package hyperref Info: Implicit mode OFF; no redefinition of LaTeX internals.
Package hyperref Info: Bookmarks ON on input line 4410.
\c@Hy@tempcnt=\count302
(/Users/owenpetchey/Library/TinyTeX/texmf-dist/tex/latex/url/url.sty
\Urlmuskip=\muskip16
Package: url 2013/09/16  ver 3.4  Verb mode for urls, etc.
)
LaTeX Info: Redefining \url on input line 4748.
\XeTeXLinkMargin=\dimen268
(/Users/owenpetchey/Library/TinyTeX/texmf-dist/tex/generic/bitset/bitset.sty
Package: bitset 2019/12/09 v1.3 Handle bit-vector datatype (HO)
(/Users/owenpetchey/Library/TinyTeX/texmf-dist/tex/generic/bigintcalc/bigintcalc.sty
Package: bigintcalc 2019/12/15 v1.5 Expandable calculations on big integers (HO)
))
\Fld@menulength=\count303
\Field@Width=\dimen269
\Fld@charsize=\dimen270
Package hyperref Info: Hyper figures OFF on input line 6027.
Package hyperref Info: Link nesting OFF on input line 6032.
Package hyperref Info: Hyper index ON on input line 6035.
Package hyperref Info: backreferencing OFF on input line 6042.
Package hyperref Info: Link coloring OFF on input line 6047.
Package hyperref Info: Link coloring with OCG OFF on input line 6052.
Package hyperref Info: PDF/A mode OFF on input line 6057.
\Hy@abspage=\count304

Package hyperref Message: Stopped early.

)
Package hyperref Info: Driver (autodetected): hpdftex.
(/Users/owenpetchey/Library/TinyTeX/texmf-dist/tex/latex/hyperref/hpdftex.def
File: hpdftex.def 2022-11-13 v7.00u Hyperref driver for pdfTeX
(/Users/owenpetchey/Library/TinyTeX/texmf-dist/tex/latex/base/atveryend-ltx.sty
Package: atveryend-ltx 2020/08/19 v1.0a Emulation of the original atveryend package
with kernel methods
)
\Fld@listcount=\count305
\c@bookmark@seq@number=\count306
(/Users/owenpetchey/Library/TinyTeX/texmf-dist/tex/latex/rerunfilecheck/rerunfilecheck.sty
Package: rerunfilecheck 2022-07-10 v1.10 Rerun checks for auxiliary files (HO)
(/Users/owenpetchey/Library/TinyTeX/texmf-dist/tex/generic/uniquecounter/uniquecounter.sty
Package: uniquecounter 2019/12/15 v1.4 Provide unlimited unique counter (HO)
)
Package uniquecounter Info: New unique counter `rerunfilecheck' on input line 285.
)) (/Users/owenpetchey/Library/TinyTeX/texmf-dist/tex/latex/beamer/beamerbaserequires.sty (/Users/owenpetchey/Library/TinyTeX/texmf-dist/tex/latex/beamer/beamerbasecompatibility.sty) (/Users/owenpetchey/Library/TinyTeX/texmf-dist/tex/latex/beamer/beamerbasefont.sty (/Users/owenpetchey/Library/TinyTeX/texmf-dist/tex/latex/amsfonts/amssymb.sty
Package: amssymb 2013/01/14 v3.01 AMS font symbols
(/Users/owenpetchey/Library/TinyTeX/texmf-dist/tex/latex/amsfonts/amsfonts.sty
Package: amsfonts 2013/01/14 v3.01 Basic AMSFonts support
\@emptytoks=\toks28
\symAMSa=\mathgroup4
\symAMSb=\mathgroup5
LaTeX Font Info:    Redeclaring math symbol \hbar on input line 98.
LaTeX Font Info:    Overwriting math alphabet `\mathfrak' in version `bold'
(Font)                  U/euf/m/n --> U/euf/b/n on input line 106.
))) (/Users/owenpetchey/Library/TinyTeX/texmf-dist/tex/latex/beamer/beamerbasetranslator.sty (/Users/owenpetchey/Library/TinyTeX/texmf-dist/tex/latex/translator/translator.sty
Package: translator 2021-05-31 v1.12d Easy translation of strings in LaTeX
)) (/Users/owenpetchey/Library/TinyTeX/texmf-dist/tex/latex/beamer/beamerbasemisc.sty) (/Users/owenpetchey/Library/TinyTeX/texmf-dist/tex/latex/beamer/beamerbasetwoscreens.sty) (/Users/owenpetchey/Library/TinyTeX/texmf-dist/tex/latex/beamer/beamerbaseoverlay.sty
\beamer@argscount=\count307
\beamer@lastskipcover=\skip50
\beamer@trivlistdepth=\count308
) (/Users/owenpetchey/Library/TinyTeX/texmf-dist/tex/latex/beamer/beamerbasetitle.sty) (/Users/owenpetchey/Library/TinyTeX/texmf-dist/tex/latex/beamer/beamerbasesection.sty
\c@lecture=\count309
\c@part=\count310
\c@section=\count311
\c@subsection=\count312
\c@subsubsection=\count313
) (/Users/owenpetchey/Library/TinyTeX/texmf-dist/tex/latex/beamer/beamerbaseframe.sty
\beamer@framebox=\box66
\beamer@frametitlebox=\box67
\beamer@zoombox=\box68
\beamer@zoomcount=\count314
\beamer@zoomframecount=\count315
\beamer@frametextheight=\dimen271
\c@subsectionslide=\count316
\beamer@frametopskip=\skip51
\beamer@framebottomskip=\skip52
\beamer@frametopskipautobreak=\skip53
\beamer@framebottomskipautobreak=\skip54
\beamer@envbody=\toks29
\framewidth=\dimen272
\c@framenumber=\count317
) (/Users/owenpetchey/Library/TinyTeX/texmf-dist/tex/latex/beamer/beamerbaseverbatim.sty
\beamer@verbatimfileout=\write4
) (/Users/owenpetchey/Library/TinyTeX/texmf-dist/tex/latex/beamer/beamerbaseframesize.sty
\beamer@splitbox=\box69
\beamer@autobreakcount=\count318
\beamer@autobreaklastheight=\dimen273
\beamer@frametitletoks=\toks30
\beamer@framesubtitletoks=\toks31
) (/Users/owenpetchey/Library/TinyTeX/texmf-dist/tex/latex/beamer/beamerbaseframecomponents.sty
\beamer@footins=\box70
) (/Users/owenpetchey/Library/TinyTeX/texmf-dist/tex/latex/beamer/beamerbasecolor.sty) (/Users/owenpetchey/Library/TinyTeX/texmf-dist/tex/latex/beamer/beamerbasenotes.sty
\beamer@frameboxcopy=\box71
) (/Users/owenpetchey/Library/TinyTeX/texmf-dist/tex/latex/beamer/beamerbasetoc.sty) (/Users/owenpetchey/Library/TinyTeX/texmf-dist/tex/latex/beamer/beamerbasetemplates.sty
\beamer@sbttoks=\toks32
(/Users/owenpetchey/Library/TinyTeX/texmf-dist/tex/latex/beamer/beamerbaseauxtemplates.sty (/Users/owenpetchey/Library/TinyTeX/texmf-dist/tex/latex/beamer/beamerbaseboxes.sty
\bmb@box=\box72
\bmb@colorbox=\box73
\bmb@boxwidth=\dimen274
\bmb@boxheight=\dimen275
\bmb@prevheight=\dimen276
\bmb@temp=\dimen277
\bmb@dima=\dimen278
\bmb@dimb=\dimen279
\bmb@prevheight=\dimen280
)
\beamer@blockheadheight=\dimen281
)) (/Users/owenpetchey/Library/TinyTeX/texmf-dist/tex/latex/beamer/beamerbaselocalstructure.sty (/Users/owenpetchey/Library/TinyTeX/texmf-dist/tex/latex/tools/enumerate.sty
Package: enumerate 2015/07/23 v3.00 enumerate extensions (DPC)
\@enLab=\toks33
)
\beamer@bibiconwidth=\skip55
\c@figure=\count319
\c@table=\count320
\abovecaptionskip=\skip56
\belowcaptionskip=\skip57
) (/Users/owenpetchey/Library/TinyTeX/texmf-dist/tex/latex/beamer/beamerbasenavigation.sty
\beamer@section@min@dim=\dimen282
) (/Users/owenpetchey/Library/TinyTeX/texmf-dist/tex/latex/beamer/beamerbasetheorems.sty (/Users/owenpetchey/Library/TinyTeX/texmf-dist/tex/latex/amsmath/amsmath.sty
Package: amsmath 2022/04/08 v2.17n AMS math features
\@mathmargin=\skip58
For additional information on amsmath, use the `?' option.
(/Users/owenpetchey/Library/TinyTeX/texmf-dist/tex/latex/amsmath/amstext.sty
Package: amstext 2021/08/26 v2.01 AMS text
(/Users/owenpetchey/Library/TinyTeX/texmf-dist/tex/latex/amsmath/amsgen.sty
File: amsgen.sty 1999/11/30 v2.0 generic functions
\@emptytoks=\toks34
\ex@=\dimen283
)) (/Users/owenpetchey/Library/TinyTeX/texmf-dist/tex/latex/amsmath/amsbsy.sty
Package: amsbsy 1999/11/29 v1.2d Bold Symbols
\pmbraise@=\dimen284
) (/Users/owenpetchey/Library/TinyTeX/texmf-dist/tex/latex/amsmath/amsopn.sty
Package: amsopn 2022/04/08 v2.04 operator names
)
\inf@bad=\count321
LaTeX Info: Redefining \frac on input line 234.
\uproot@=\count322
\leftroot@=\count323
LaTeX Info: Redefining \overline on input line 399.
LaTeX Info: Redefining \colon on input line 410.
\classnum@=\count324
\DOTSCASE@=\count325
LaTeX Info: Redefining \ldots on input line 496.
LaTeX Info: Redefining \dots on input line 499.
LaTeX Info: Redefining \cdots on input line 620.
\Mathstrutbox@=\box74
\strutbox@=\box75
LaTeX Info: Redefining \big on input line 722.
LaTeX Info: Redefining \Big on input line 723.
LaTeX Info: Redefining \bigg on input line 724.
LaTeX Info: Redefining \Bigg on input line 725.
\big@size=\dimen285
LaTeX Font Info:    Redeclaring font encoding OML on input line 743.
LaTeX Font Info:    Redeclaring font encoding OMS on input line 744.
\macc@depth=\count326
LaTeX Info: Redefining \bmod on input line 905.
LaTeX Info: Redefining \pmod on input line 910.
LaTeX Info: Redefining \smash on input line 940.
LaTeX Info: Redefining \relbar on input line 970.
LaTeX Info: Redefining \Relbar on input line 971.
\c@MaxMatrixCols=\count327
\dotsspace@=\muskip17
\c@parentequation=\count328
\dspbrk@lvl=\count329
\tag@help=\toks35
\row@=\count330
\column@=\count331
\maxfields@=\count332
\andhelp@=\toks36
\eqnshift@=\dimen286
\alignsep@=\dimen287
\tagshift@=\dimen288
\tagwidth@=\dimen289
\totwidth@=\dimen290
\lineht@=\dimen291
\@envbody=\toks37
\multlinegap=\skip59
\multlinetaggap=\skip60
\mathdisplay@stack=\toks38
LaTeX Info: Redefining \[ on input line 2953.
LaTeX Info: Redefining \] on input line 2954.
) (/Users/owenpetchey/Library/TinyTeX/texmf-dist/tex/latex/amscls/amsthm.sty
Package: amsthm 2020/05/29 v2.20.6
\thm@style=\toks39
\thm@bodyfont=\toks40
\thm@headfont=\toks41
\thm@notefont=\toks42
\thm@headpunct=\toks43
\thm@preskip=\skip61
\thm@postskip=\skip62
\thm@headsep=\skip63
\dth@everypar=\toks44
)
\c@theorem=\count333
) (/Users/owenpetchey/Library/TinyTeX/texmf-dist/tex/latex/beamer/beamerbasethemes.sty)) (/Users/owenpetchey/Library/TinyTeX/texmf-dist/tex/latex/beamer/beamerthemedefault.sty (/Users/owenpetchey/Library/TinyTeX/texmf-dist/tex/latex/beamer/beamerfontthemedefault.sty) (/Users/owenpetchey/Library/TinyTeX/texmf-dist/tex/latex/beamer/beamercolorthemedefault.sty) (/Users/owenpetchey/Library/TinyTeX/texmf-dist/tex/latex/beamer/beamerinnerthemedefault.sty
\beamer@dima=\dimen292
\beamer@dimb=\dimen293
) (/Users/owenpetchey/Library/TinyTeX/texmf-dist/tex/latex/beamer/beamerouterthemedefault.sty))) (/Users/owenpetchey/Library/TinyTeX/texmf-dist/tex/latex/pgf/utilities/pgfpages.sty
Package: pgfpages 2011/01/05 ver 0.02
(/Users/owenpetchey/Library/TinyTeX/texmf-dist/tex/latex/tools/calc.sty
Package: calc 2017/05/25 v4.3 Infix arithmetic (KKT,FJ)
\calc@Acount=\count334
\calc@Bcount=\count335
\calc@Adimen=\dimen294
\calc@Bdimen=\dimen295
\calc@Askip=\skip64
\calc@Bskip=\skip65
LaTeX Info: Redefining \setlength on input line 80.
LaTeX Info: Redefining \addtolength on input line 81.
\calc@Ccount=\count336
\calc@Cskip=\skip66
)
\pgf@logicalpages=\count337
\pgf@firstshipout=\count338
\pgf@lastshipout=\count339
\pgf@currentshipout=\count340
\pgf@cpn=\count341
\pgf@shipoutnextto=\count342
\pgfphysicalheight=\dimen296
\pgfphysicalwidth=\dimen297
\pgfpages@shipoutbox=\box76
) (/Users/owenpetchey/Library/TinyTeX/texmf-dist/tex/latex/lm/lmodern.sty
Package: lmodern 2015/05/01 v1.6.1 Latin Modern Fonts
LaTeX Font Info:    Overwriting symbol font `operators' in version `normal'
(Font)                  OT1/cmr/m/n --> OT1/lmr/m/n on input line 22.
LaTeX Font Info:    Overwriting symbol font `letters' in version `normal'
(Font)                  OML/cmm/m/it --> OML/lmm/m/it on input line 23.
LaTeX Font Info:    Overwriting symbol font `symbols' in version `normal'
(Font)                  OMS/cmsy/m/n --> OMS/lmsy/m/n on input line 24.
LaTeX Font Info:    Overwriting symbol font `largesymbols' in version `normal'
(Font)                  OMX/cmex/m/n --> OMX/lmex/m/n on input line 25.
LaTeX Font Info:    Overwriting symbol font `operators' in version `bold'
(Font)                  OT1/cmr/bx/n --> OT1/lmr/bx/n on input line 26.
LaTeX Font Info:    Overwriting symbol font `letters' in version `bold'
(Font)                  OML/cmm/b/it --> OML/lmm/b/it on input line 27.
LaTeX Font Info:    Overwriting symbol font `symbols' in version `bold'
(Font)                  OMS/cmsy/b/n --> OMS/lmsy/b/n on input line 28.
LaTeX Font Info:    Overwriting symbol font `largesymbols' in version `bold'
(Font)                  OMX/cmex/m/n --> OMX/lmex/m/n on input line 29.
LaTeX Font Info:    Overwriting math alphabet `\mathbf' in version `normal'
(Font)                  OT1/cmr/bx/n --> OT1/lmr/bx/n on input line 31.
LaTeX Font Info:    Overwriting math alphabet `\mathsf' in version `normal'
(Font)                  OT1/cmss/m/n --> OT1/lmss/m/n on input line 32.
LaTeX Font Info:    Overwriting math alphabet `\mathit' in version `normal'
(Font)                  OT1/cmr/m/it --> OT1/lmr/m/it on input line 33.
LaTeX Font Info:    Overwriting math alphabet `\mathtt' in version `normal'
(Font)                  OT1/cmtt/m/n --> OT1/lmtt/m/n on input line 34.
LaTeX Font Info:    Overwriting math alphabet `\mathbf' in version `bold'
(Font)                  OT1/cmr/bx/n --> OT1/lmr/bx/n on input line 35.
LaTeX Font Info:    Overwriting math alphabet `\mathsf' in version `bold'
(Font)                  OT1/cmss/bx/n --> OT1/lmss/bx/n on input line 36.
LaTeX Font Info:    Overwriting math alphabet `\mathit' in version `bold'
(Font)                  OT1/cmr/bx/it --> OT1/lmr/bx/it on input line 37.
LaTeX Font Info:    Overwriting math alphabet `\mathtt' in version `bold'
(Font)                  OT1/cmtt/m/n --> OT1/lmtt/m/n on input line 38.
) (/Users/owenpetchey/Library/TinyTeX/texmf-dist/tex/latex/base/fontenc.sty
Package: fontenc 2021/04/29 v2.0v Standard LaTeX package
LaTeX Font Info:    Trying to load font information for T1+lmss on input line 112.
(/Users/owenpetchey/Library/TinyTeX/texmf-dist/tex/latex/lm/t1lmss.fd
File: t1lmss.fd 2015/05/01 v1.6.1 Font defs for Latin Modern
)) (/Users/owenpetchey/Library/TinyTeX/texmf-dist/tex/latex/base/inputenc.sty
Package: inputenc 2021/02/14 v1.3d Input encoding file
\inpenc@prehook=\toks45
\inpenc@posthook=\toks46
) (/Users/owenpetchey/Library/TinyTeX/texmf-dist/tex/latex/base/textcomp.sty
Package: textcomp 2020/02/02 v2.0n Standard LaTeX package
) (/Users/owenpetchey/Library/TinyTeX/texmf-dist/tex/latex/microtype/microtype.sty
Package: microtype 2022/06/23 v3.0f Micro-typographical refinements (RS)
\MT@toks=\toks47
\MT@tempbox=\box77
\MT@count=\count343
LaTeX Info: Redefining \noprotrusionifhmode on input line 1045.
LaTeX Info: Redefining \leftprotrusion on input line 1046.
LaTeX Info: Redefining \rightprotrusion on input line 1056.
LaTeX Info: Redefining \textls on input line 1234.
\MT@outer@kern=\dimen298
LaTeX Info: Redefining \textmicrotypecontext on input line 1858.
\MT@listname@count=\count344
(/Users/owenpetchey/Library/TinyTeX/texmf-dist/tex/latex/microtype/microtype-pdftex.def
File: microtype-pdftex.def 2022/06/23 v3.0f Definitions specific to pdftex (RS)
LaTeX Info: Redefining \lsstyle on input line 900.
LaTeX Info: Redefining \lslig on input line 900.
\MT@outer@space=\skip67
)
Package microtype Info: Loading configuration file microtype.cfg.
(/Users/owenpetchey/Library/TinyTeX/texmf-dist/tex/latex/microtype/microtype.cfg
File: microtype.cfg 2022/06/23 v3.0f microtype main configuration file (RS)
)) (/Users/owenpetchey/Library/TinyTeX/texmf-dist/tex/latex/fancyvrb/fancyvrb.sty
Package: fancyvrb 2022/06/06 4.5 verbatim text (tvz,hv)
\FV@CodeLineNo=\count345
\FV@InFile=\read3
\FV@TabBox=\box78
\c@FancyVerbLine=\count346
\FV@StepNumber=\count347
\FV@OutFile=\write5
) (/Users/owenpetchey/Library/TinyTeX/texmf-dist/tex/latex/framed/framed.sty
Package: framed 2011/10/22 v 0.96: framed or shaded text with page breaks
\OuterFrameSep=\skip68
\fb@frw=\dimen299
\fb@frh=\dimen300
\FrameRule=\dimen301
\FrameSep=\dimen302
) (/Users/owenpetchey/Library/TinyTeX/texmf-dist/tex/latex/tools/multicol.sty
Package: multicol 2021/11/30 v1.9d multicolumn formatting (FMi)
\c@tracingmulticols=\count348
\mult@box=\box79
\multicol@leftmargin=\dimen303
\c@unbalance=\count349
\c@collectmore=\count350
\doublecol@number=\count351
\multicoltolerance=\count352
\multicolpretolerance=\count353
\full@width=\dimen304
\page@free=\dimen305
\premulticols=\dimen306
\postmulticols=\dimen307
\multicolsep=\skip69
\multicolbaselineskip=\skip70
\partial@page=\box80
\last@line=\box81
\maxbalancingoverflow=\dimen308
\mult@rightbox=\box82
\mult@grightbox=\box83
\mult@firstbox=\box84
\mult@gfirstbox=\box85
\@tempa=\box86
\@tempa=\box87
\@tempa=\box88
\@tempa=\box89
\@tempa=\box90
\@tempa=\box91
\@tempa=\box92
\@tempa=\box93
\@tempa=\box94
\@tempa=\box95
\@tempa=\box96
\@tempa=\box97
\@tempa=\box98
\@tempa=\box99
\@tempa=\box100
\@tempa=\box101
\@tempa=\box102
\@tempa=\box103
\@tempa=\box104
\@tempa=\box105
\@tempa=\box106
\@tempa=\box107
\@tempa=\box108
\@tempa=\box109
\@tempa=\box110
\@tempa=\box111
\@tempa=\box112
\@tempa=\box113
\@tempa=\box114
\@tempa=\box115
\@tempa=\box116
\@tempa=\box117
\@tempa=\box118
\@tempa=\box119
\@tempa=\box120
\@tempa=\box121
\c@minrows=\count354
\c@columnbadness=\count355
\c@finalcolumnbadness=\count356
\last@try=\dimen309
\multicolovershoot=\dimen310
\multicolundershoot=\dimen311
\mult@nat@firstbox=\box122
\colbreak@box=\box123
\mc@col@check@num=\count357
) (/Users/owenpetchey/Library/TinyTeX/texmf-dist/tex/latex/l3backend/l3backend-pdftex.def
File: l3backend-pdftex.def 2022-10-26 L3 backend support: PDF output (pdfTeX)
\l__color_backend_stack_int=\count358
\l__pdf_internal_box=\box124
) (./Bio144_lecture4.aux

LaTeX Warning: Label `eq:beta' multiply defined.

)
\openout1 = `Bio144_lecture4.aux'.

LaTeX Font Info:    Checking defaults for OML/cmm/m/it on input line 161.
LaTeX Font Info:    ... okay on input line 161.
LaTeX Font Info:    Checking defaults for OMS/cmsy/m/n on input line 161.
LaTeX Font Info:    ... okay on input line 161.
LaTeX Font Info:    Checking defaults for OT1/cmr/m/n on input line 161.
LaTeX Font Info:    ... okay on input line 161.
LaTeX Font Info:    Checking defaults for T1/cmr/m/n on input line 161.
LaTeX Font Info:    ... okay on input line 161.
LaTeX Font Info:    Checking defaults for TS1/cmr/m/n on input line 161.
LaTeX Font Info:    ... okay on input line 161.
LaTeX Font Info:    Checking defaults for OMX/cmex/m/n on input line 161.
LaTeX Font Info:    ... okay on input line 161.
LaTeX Font Info:    Checking defaults for U/cmr/m/n on input line 161.
LaTeX Font Info:    ... okay on input line 161.
LaTeX Font Info:    Checking defaults for PD1/pdf/m/n on input line 161.
LaTeX Font Info:    ... okay on input line 161.
LaTeX Font Info:    Checking defaults for PU/pdf/m/n on input line 161.
LaTeX Font Info:    ... okay on input line 161.
*geometry* driver: auto-detecting
*geometry* detected driver: pdftex
*geometry* verbose mode - [ preamble ] result:
* driver: pdftex
* paper: custom
* layout: <same size as paper>
* layoutoffset:(h,v)=(0.0pt,0.0pt)
* modes: includehead includefoot 
* h-part:(L,W,R)=(28.45274pt, 398.3386pt, 28.45274pt)
* v-part:(T,H,B)=(0.0pt, 256.0748pt, 0.0pt)
* \paperwidth=455.24408pt
* \paperheight=256.0748pt
* \textwidth=398.3386pt
* \textheight=227.62207pt
* \oddsidemargin=-43.81725pt
* \evensidemargin=-43.81725pt
* \topmargin=-72.26999pt
* \headheight=14.22636pt
* \headsep=0.0pt
* \topskip=11.0pt
* \footskip=14.22636pt
* \marginparwidth=4.0pt
* \marginparsep=10.0pt
* \columnsep=10.0pt
* \skip\footins=10.0pt plus 4.0pt minus 2.0pt
* \hoffset=0.0pt
* \voffset=0.0pt
* \mag=1000
* \@twocolumnfalse
* \@twosidefalse
* \@mparswitchfalse
* \@reversemarginfalse
* (1in=72.27pt=25.4mm, 1cm=28.453pt)

(/Users/owenpetchey/Library/TinyTeX/texmf-dist/tex/latex/epstopdf-pkg/epstopdf-base.sty
Package: epstopdf-base 2020-01-24 v2.11 Base part for package epstopdf
Package epstopdf-base Info: Redefining graphics rule for `.eps' on input line 485.
(/Users/owenpetchey/Library/TinyTeX/texmf-dist/tex/latex/latexconfig/epstopdf-sys.cfg
File: epstopdf-sys.cfg 2010/07/13 v1.3 Configuration of (r)epstopdf for TeX Live
))
Package hyperref Info: Link coloring OFF on input line 161.
(./Bio144_lecture4.out) (./Bio144_lecture4.out)
\@outlinefile=\write6
\openout6 = `Bio144_lecture4.out'.

LaTeX Font Info:    Overwriting symbol font `operators' in version `normal'
(Font)                  OT1/lmr/m/n --> OT1/cmss/m/n on input line 161.
LaTeX Font Info:    Overwriting symbol font `operators' in version `bold'
(Font)                  OT1/lmr/bx/n --> OT1/cmss/b/n on input line 161.
LaTeX Font Info:    Overwriting symbol font `operators' in version `normal'
(Font)                  OT1/cmss/m/n --> OT1/lmss/m/n on input line 161.
LaTeX Font Info:    Overwriting symbol font `operators' in version `bold'
(Font)                  OT1/cmss/b/n --> OT1/lmss/b/n on input line 161.
\symnumbers=\mathgroup6
\sympureletters=\mathgroup7
LaTeX Font Info:    Overwriting math alphabet `\mathrm' in version `normal'
(Font)                  OT1/lmss/m/n --> T1/lmr/m/n on input line 161.
LaTeX Font Info:    Redeclaring math alphabet \mathbf on input line 161.
LaTeX Font Info:    Overwriting math alphabet `\mathbf' in version `normal'
(Font)                  OT1/lmr/bx/n --> T1/lmss/b/n on input line 161.
LaTeX Font Info:    Overwriting math alphabet `\mathbf' in version `bold'
(Font)                  OT1/lmr/bx/n --> T1/lmss/b/n on input line 161.
LaTeX Font Info:    Redeclaring math alphabet \mathsf on input line 161.
LaTeX Font Info:    Overwriting math alphabet `\mathsf' in version `normal'
(Font)                  OT1/lmss/m/n --> T1/lmss/m/n on input line 161.
LaTeX Font Info:    Overwriting math alphabet `\mathsf' in version `bold'
(Font)                  OT1/lmss/bx/n --> T1/lmss/m/n on input line 161.
LaTeX Font Info:    Redeclaring math alphabet \mathit on input line 161.
LaTeX Font Info:    Overwriting math alphabet `\mathit' in version `normal'
(Font)                  OT1/lmr/m/it --> T1/lmss/m/it on input line 161.
LaTeX Font Info:    Overwriting math alphabet `\mathit' in version `bold'
(Font)                  OT1/lmr/bx/it --> T1/lmss/m/it on input line 161.
LaTeX Font Info:    Redeclaring math alphabet \mathtt on input line 161.
LaTeX Font Info:    Overwriting math alphabet `\mathtt' in version `normal'
(Font)                  OT1/lmtt/m/n --> T1/lmtt/m/n on input line 161.
LaTeX Font Info:    Overwriting math alphabet `\mathtt' in version `bold'
(Font)                  OT1/lmtt/m/n --> T1/lmtt/m/n on input line 161.
LaTeX Font Info:    Overwriting symbol font `numbers' in version `bold'
(Font)                  T1/lmss/m/n --> T1/lmss/b/n on input line 161.
LaTeX Font Info:    Overwriting symbol font `pureletters' in version `bold'
(Font)                  T1/lmss/m/it --> T1/lmss/b/it on input line 161.
LaTeX Font Info:    Overwriting math alphabet `\mathrm' in version `bold'
(Font)                  OT1/lmss/b/n --> T1/lmr/b/n on input line 161.
LaTeX Font Info:    Overwriting math alphabet `\mathbf' in version `bold'
(Font)                  T1/lmss/b/n --> T1/lmss/b/n on input line 161.
LaTeX Font Info:    Overwriting math alphabet `\mathsf' in version `bold'
(Font)                  T1/lmss/m/n --> T1/lmss/b/n on input line 161.
LaTeX Font Info:    Overwriting math alphabet `\mathit' in version `bold'
(Font)                  T1/lmss/m/it --> T1/lmss/b/it on input line 161.
LaTeX Font Info:    Overwriting math alphabet `\mathtt' in version `bold'
(Font)                  T1/lmtt/m/n --> T1/lmtt/b/n on input line 161.
(/Users/owenpetchey/Library/TinyTeX/texmf-dist/tex/latex/translator/translator-basic-dictionary-English.dict
Dictionary: translator-basic-dictionary, Language: English 
) (/Users/owenpetchey/Library/TinyTeX/texmf-dist/tex/latex/translator/translator-bibliography-dictionary-English.dict
Dictionary: translator-bibliography-dictionary, Language: English 
) (/Users/owenpetchey/Library/TinyTeX/texmf-dist/tex/latex/translator/translator-environment-dictionary-English.dict
Dictionary: translator-environment-dictionary, Language: English 
) (/Users/owenpetchey/Library/TinyTeX/texmf-dist/tex/latex/translator/translator-months-dictionary-English.dict
Dictionary: translator-months-dictionary, Language: English 
) (/Users/owenpetchey/Library/TinyTeX/texmf-dist/tex/latex/translator/translator-numbers-dictionary-English.dict
Dictionary: translator-numbers-dictionary, Language: English 
) (/Users/owenpetchey/Library/TinyTeX/texmf-dist/tex/latex/translator/translator-theorem-dictionary-English.dict
Dictionary: translator-theorem-dictionary, Language: English 
)
LaTeX Info: Redefining \microtypecontext on input line 161.
Package microtype Info: Applying patch `item' on input line 161.
Package microtype Info: Applying patch `toc' on input line 161.
Package microtype Info: Applying patch `eqnum' on input line 161.
Package microtype Info: Applying patch `footnote' on input line 161.
Package microtype Info: Generating PDF output.
Package microtype Info: Character protrusion enabled (level 2).
Package microtype Info: Using protrusion set `basicmath'.
Package microtype Info: Automatic font expansion enabled (level 2),
(microtype)             stretch: 20, shrink: 20, step: 1, non-selected.
Package microtype Info: Using default expansion set `alltext-nott'.
LaTeX Info: Redefining \showhyphens on input line 161.
Package microtype Info: No adjustment of tracking.
Package microtype Info: No adjustment of interword spacing.
Package microtype Info: No adjustment of character kerning.
Package microtype Info: Loading generic protrusion settings for font family
(microtype)             `lmss' (encoding: T1).
(microtype)             For optimal results, create family-specific settings.
(microtype)             See the microtype manual for details.
(./Bio144_lecture4.nav)
Overfull \hbox (2.34512pt too wide) in paragraph at lines 161--161
[][][][]  
 []

<images/BIO144_logo.jpeg, id=14, 820.06375pt x 192.72pt>
File: images/BIO144_logo.jpeg Graphic file (type jpg)
<use images/BIO144_logo.jpeg>
Package pdftex.def Info: images/BIO144_logo.jpeg  used on input line 161.
(pdftex.def)             Requested size: 71.13188pt x 16.71474pt.
File: images/BIO144_logo.jpeg Graphic file (type jpg)
<use images/BIO144_logo.jpeg>
Package pdftex.def Info: images/BIO144_logo.jpeg  used on input line 162.
(pdftex.def)             Requested size: 71.13188pt x 16.71474pt.

Overfull \hbox (2.34512pt too wide) has occurred while \output is active
[][][][]  
 []

[1

{/Users/owenpetchey/Library/TinyTeX/texmf-var/fonts/map/pdftex/updmap/pdftex.map} <./images/BIO144_logo.jpeg>]
LaTeX Font Info:    Trying to load font information for OT1+lmss on input line 177.
(/Users/owenpetchey/Library/TinyTeX/texmf-dist/tex/latex/lm/ot1lmss.fd
File: ot1lmss.fd 2015/05/01 v1.6.1 Font defs for Latin Modern
)
Package microtype Info: Loading generic protrusion settings for font family
(microtype)             `lmss' (encoding: OT1).
(microtype)             For optimal results, create family-specific settings.
(microtype)             See the microtype manual for details.
LaTeX Font Info:    Trying to load font information for OML+lmm on input line 177.
(/Users/owenpetchey/Library/TinyTeX/texmf-dist/tex/latex/lm/omllmm.fd
File: omllmm.fd 2015/05/01 v1.6.1 Font defs for Latin Modern
)
LaTeX Font Info:    Trying to load font information for OMS+lmsy on input line 177.
(/Users/owenpetchey/Library/TinyTeX/texmf-dist/tex/latex/lm/omslmsy.fd
File: omslmsy.fd 2015/05/01 v1.6.1 Font defs for Latin Modern
)
LaTeX Font Info:    Trying to load font information for OMX+lmex on input line 177.
(/Users/owenpetchey/Library/TinyTeX/texmf-dist/tex/latex/lm/omxlmex.fd
File: omxlmex.fd 2015/05/01 v1.6.1 Font defs for Latin Modern
)
LaTeX Font Info:    External font `lmex10' loaded for size
(Font)              <10.95> on input line 177.
LaTeX Font Info:    External font `lmex10' loaded for size
(Font)              <8> on input line 177.
LaTeX Font Info:    External font `lmex10' loaded for size
(Font)              <6> on input line 177.
LaTeX Font Info:    Trying to load font information for U+msa on input line 177.
(/Users/owenpetchey/Library/TinyTeX/texmf-dist/tex/latex/amsfonts/umsa.fd
File: umsa.fd 2013/01/14 v3.01 AMS symbols A
) (/Users/owenpetchey/Library/TinyTeX/texmf-dist/tex/latex/microtype/mt-msa.cfg
File: mt-msa.cfg 2006/02/04 v1.1 microtype config. file: AMS symbols (a) (RS)
)
LaTeX Font Info:    Trying to load font information for U+msb on input line 177.
(/Users/owenpetchey/Library/TinyTeX/texmf-dist/tex/latex/amsfonts/umsb.fd
File: umsb.fd 2013/01/14 v3.01 AMS symbols B
) (/Users/owenpetchey/Library/TinyTeX/texmf-dist/tex/latex/microtype/mt-msb.cfg
File: mt-msb.cfg 2005/06/01 v1.0 microtype config. file: AMS symbols (b) (RS)
)
LaTeX Font Info:    Font shape `T1/lmss/m/it' in size <10.95> not available
(Font)              Font shape `T1/lmss/m/sl' tried instead on input line 177.
LaTeX Font Info:    Font shape `T1/lmss/m/it' in size <8> not available
(Font)              Font shape `T1/lmss/m/sl' tried instead on input line 177.
LaTeX Font Info:    Font shape `T1/lmss/m/it' in size <6> not available
(Font)              Font shape `T1/lmss/m/sl' tried instead on input line 177.
File: images/BIO144_logo.jpeg Graphic file (type jpg)
<use images/BIO144_logo.jpeg>
Package pdftex.def Info: images/BIO144_logo.jpeg  used on input line 177.
(pdftex.def)             Requested size: 71.13188pt x 16.71474pt.

Overfull \hbox (2.34512pt too wide) has occurred while \output is active
[][][][]  
 []

[2

]
File: images/BIO144_logo.jpeg Graphic file (type jpg)
<use images/BIO144_logo.jpeg>
Package pdftex.def Info: images/BIO144_logo.jpeg  used on input line 207.
(pdftex.def)             Requested size: 71.13188pt x 16.71474pt.

Overfull \hbox (2.34512pt too wide) has occurred while \output is active
[][][][]  
 []

[3

]
File: images/BIO144_logo.jpeg Graphic file (type jpg)
<use images/BIO144_logo.jpeg>
Package pdftex.def Info: images/BIO144_logo.jpeg  used on input line 217.
(pdftex.def)             Requested size: 71.13188pt x 16.71474pt.

Overfull \hbox (2.34512pt too wide) has occurred while \output is active
[][][][]  
 []

[4

]
\openout4 = `Bio144_lecture4.vrb'.

(./Bio144_lecture4.vrb
LaTeX Font Info:    Trying to load font information for T1+lmtt on input line 10.
(/Users/owenpetchey/Library/TinyTeX/texmf-dist/tex/latex/lm/t1lmtt.fd
File: t1lmtt.fd 2015/05/01 v1.6.1 Font defs for Latin Modern
))
File: images/BIO144_logo.jpeg Graphic file (type jpg)
<use images/BIO144_logo.jpeg>
Package pdftex.def Info: images/BIO144_logo.jpeg  used on input line 252.
(pdftex.def)             Requested size: 71.13188pt x 16.71474pt.

Overfull \hbox (2.34512pt too wide) has occurred while \output is active
[][][][]  
 []

[5

]
Overfull \hbox (5.99998pt too wide) in paragraph at lines 274--274
[][][][][][][]  
 []

File: images/BIO144_logo.jpeg Graphic file (type jpg)
<use images/BIO144_logo.jpeg>
Package pdftex.def Info: images/BIO144_logo.jpeg  used on input line 274.
(pdftex.def)             Requested size: 71.13188pt x 16.71474pt.

Overfull \hbox (2.34512pt too wide) has occurred while \output is active
[][][][]  
 []

[6

]
Overfull \hbox (5.99998pt too wide) in paragraph at lines 296--296
[][][][][][][]  
 []

File: images/BIO144_logo.jpeg Graphic file (type jpg)
<use images/BIO144_logo.jpeg>
Package pdftex.def Info: images/BIO144_logo.jpeg  used on input line 296.
(pdftex.def)             Requested size: 71.13188pt x 16.71474pt.

Overfull \hbox (2.34512pt too wide) has occurred while \output is active
[][][][]  
 []

[7

]
<Bio144_lecture4_files/figure-beamer/unnamed-chunk-4-1.pdf, id=79, 838.13126pt x 285.065pt>
File: Bio144_lecture4_files/figure-beamer/unnamed-chunk-4-1.pdf Graphic file (type pdf)
<use Bio144_lecture4_files/figure-beamer/unnamed-chunk-4-1.pdf>
Package pdftex.def Info: Bio144_lecture4_files/figure-beamer/unnamed-chunk-4-1.pdf  used on input line 304.
(pdftex.def)             Requested size: 341.42357pt x 142.26247pt.
File: images/BIO144_logo.jpeg Graphic file (type jpg)
<use images/BIO144_logo.jpeg>
Package pdftex.def Info: images/BIO144_logo.jpeg  used on input line 304.
(pdftex.def)             Requested size: 71.13188pt x 16.71474pt.

Overfull \hbox (2.34512pt too wide) has occurred while \output is active
[][][][]  
 []

[8

 <./Bio144_lecture4_files/figure-beamer/unnamed-chunk-4-1.pdf>]
\openout4 = `Bio144_lecture4.vrb'.

(./Bio144_lecture4.vrb)
File: images/BIO144_logo.jpeg Graphic file (type jpg)
<use images/BIO144_logo.jpeg>
Package pdftex.def Info: images/BIO144_logo.jpeg  used on input line 336.
(pdftex.def)             Requested size: 71.13188pt x 16.71474pt.

Overfull \hbox (2.34512pt too wide) has occurred while \output is active
[][][][]  
 []

[9

]
\openout4 = `Bio144_lecture4.vrb'.

(./Bio144_lecture4.vrb
LaTeX Font Info:    Font shape `T1/lmtt/bx/n' in size <6> not available
(Font)              Font shape `T1/lmtt/b/n' tried instead on input line 14.
<Bio144_lecture4_files/figure-beamer/unnamed-chunk-9-1.pdf, id=102, 423.5825pt x 206.7725pt>
File: Bio144_lecture4_files/figure-beamer/unnamed-chunk-9-1.pdf Graphic file (type pdf)
<use Bio144_lecture4_files/figure-beamer/unnamed-chunk-9-1.pdf>
Package pdftex.def Info: Bio144_lecture4_files/figure-beamer/unnamed-chunk-9-1.pdf  used on input line 27.
(pdftex.def)             Requested size: 142.26378pt x 69.44669pt.
)
LaTeX Font Info:    External font `lmex10' loaded for size
(Font)              <14.4> on input line 366.
LaTeX Font Info:    External font `lmex10' loaded for size
(Font)              <10> on input line 366.
LaTeX Font Info:    External font `lmex10' loaded for size
(Font)              <7> on input line 366.
LaTeX Font Info:    Font shape `T1/lmss/m/it' in size <14.4> not available
(Font)              Font shape `T1/lmss/m/sl' tried instead on input line 366.
LaTeX Font Info:    Font shape `T1/lmss/m/it' in size <10> not available
(Font)              Font shape `T1/lmss/m/sl' tried instead on input line 366.
LaTeX Font Info:    Font shape `T1/lmss/m/it' in size <7> not available
(Font)              Font shape `T1/lmss/m/sl' tried instead on input line 366.

Overfull \vbox (12.26193pt too high) detected at line 366
 []

File: images/BIO144_logo.jpeg Graphic file (type jpg)
<use images/BIO144_logo.jpeg>
Package pdftex.def Info: images/BIO144_logo.jpeg  used on input line 366.
(pdftex.def)             Requested size: 71.13188pt x 16.71474pt.

Overfull \hbox (2.34512pt too wide) has occurred while \output is active
[][][][]  
 []

[10

 <./Bio144_lecture4_files/figure-beamer/unnamed-chunk-9-1.pdf>]
Overfull \hbox (5.99998pt too wide) in paragraph at lines 391--391
[][][][][][][]  
 []

File: images/BIO144_logo.jpeg Graphic file (type jpg)
<use images/BIO144_logo.jpeg>
Package pdftex.def Info: images/BIO144_logo.jpeg  used on input line 391.
(pdftex.def)             Requested size: 71.13188pt x 16.71474pt.

Overfull \hbox (2.34512pt too wide) has occurred while \output is active
[][][][]  
 []

[11

]
File: images/BIO144_logo.jpeg Graphic file (type jpg)
<use images/BIO144_logo.jpeg>
Package pdftex.def Info: images/BIO144_logo.jpeg  used on input line 410.
(pdftex.def)             Requested size: 71.13188pt x 16.71474pt.

Overfull \hbox (2.34512pt too wide) has occurred while \output is active
[][][][]  
 []

[12

]
\openout4 = `Bio144_lecture4.vrb'.

(./Bio144_lecture4.vrb)
File: images/BIO144_logo.jpeg Graphic file (type jpg)
<use images/BIO144_logo.jpeg>
Package pdftex.def Info: images/BIO144_logo.jpeg  used on input line 434.
(pdftex.def)             Requested size: 71.13188pt x 16.71474pt.

Overfull \hbox (2.34512pt too wide) has occurred while \output is active
[][][][]  
 []

[13

]
Overfull \hbox (5.99998pt too wide) in paragraph at lines 453--453
[][][][][][][]  
 []


Overfull \hbox (5.99998pt too wide) in paragraph at lines 453--453
[][][][][][][]  
 []

File: images/BIO144_logo.jpeg Graphic file (type jpg)
<use images/BIO144_logo.jpeg>
Package pdftex.def Info: images/BIO144_logo.jpeg  used on input line 453.
(pdftex.def)             Requested size: 71.13188pt x 16.71474pt.

Overfull \hbox (2.34512pt too wide) has occurred while \output is active
[][][][]  
 []

[14

]
File: images/BIO144_logo.jpeg Graphic file (type jpg)
<use images/BIO144_logo.jpeg>
Package pdftex.def Info: images/BIO144_logo.jpeg  used on input line 490.
(pdftex.def)             Requested size: 71.13188pt x 16.71474pt.

Overfull \hbox (2.34512pt too wide) has occurred while \output is active
[][][][]  
 []

[15

]
\openout4 = `Bio144_lecture4.vrb'.

(./Bio144_lecture4.vrb)
File: images/BIO144_logo.jpeg Graphic file (type jpg)
<use images/BIO144_logo.jpeg>
Package pdftex.def Info: images/BIO144_logo.jpeg  used on input line 516.
(pdftex.def)             Requested size: 71.13188pt x 16.71474pt.

Overfull \hbox (2.34512pt too wide) has occurred while \output is active
[][][][]  
 []

[16

]
Overfull \hbox (5.99998pt too wide) in paragraph at lines 531--531
[][][][][][][]  
 []

<Bio144_lecture4_files/figure-beamer/unnamed-chunk-12-1.pdf, id=169, 689.57625pt x 434.62375pt>
File: Bio144_lecture4_files/figure-beamer/unnamed-chunk-12-1.pdf Graphic file (type pdf)
<use Bio144_lecture4_files/figure-beamer/unnamed-chunk-12-1.pdf>
Package pdftex.def Info: Bio144_lecture4_files/figure-beamer/unnamed-chunk-12-1.pdf  used on input line 531.
(pdftex.def)             Requested size: 170.71652pt x 107.59457pt.

Overfull \vbox (8.95029pt too high) detected at line 531
 []

File: images/BIO144_logo.jpeg Graphic file (type jpg)
<use images/BIO144_logo.jpeg>
Package pdftex.def Info: images/BIO144_logo.jpeg  used on input line 531.
(pdftex.def)             Requested size: 71.13188pt x 16.71474pt.

Overfull \hbox (2.34512pt too wide) has occurred while \output is active
[][][][]  
 []

[17

 <./Bio144_lecture4_files/figure-beamer/unnamed-chunk-12-1.pdf>]
File: images/BIO144_logo.jpeg Graphic file (type jpg)
<use images/BIO144_logo.jpeg>
Package pdftex.def Info: images/BIO144_logo.jpeg  used on input line 545.
(pdftex.def)             Requested size: 71.13188pt x 16.71474pt.

Overfull \hbox (2.34512pt too wide) has occurred while \output is active
[][][][]  
 []

[18

]
Overfull \hbox (5.99998pt too wide) in paragraph at lines 556--556
[][][][][][][]  
 []

File: images/BIO144_logo.jpeg Graphic file (type jpg)
<use images/BIO144_logo.jpeg>
Package pdftex.def Info: images/BIO144_logo.jpeg  used on input line 556.
(pdftex.def)             Requested size: 71.13188pt x 16.71474pt.

Overfull \hbox (2.34512pt too wide) has occurred while \output is active
[][][][]  
 []

[19

]
File: images/BIO144_logo.jpeg Graphic file (type jpg)
<use images/BIO144_logo.jpeg>
Package pdftex.def Info: images/BIO144_logo.jpeg  used on input line 578.
(pdftex.def)             Requested size: 71.13188pt x 16.71474pt.

Overfull \hbox (2.34512pt too wide) has occurred while \output is active
[][][][]  
 []

[20

]
\openout4 = `Bio144_lecture4.vrb'.

(./Bio144_lecture4.vrb)
File: images/BIO144_logo.jpeg Graphic file (type jpg)
<use images/BIO144_logo.jpeg>
Package pdftex.def Info: images/BIO144_logo.jpeg  used on input line 609.
(pdftex.def)             Requested size: 71.13188pt x 16.71474pt.

Overfull \hbox (2.34512pt too wide) has occurred while \output is active
[][][][]  
 []

[21

]
\openout4 = `Bio144_lecture4.vrb'.

(./Bio144_lecture4.vrb
LaTeX Font Info:    External font `lmex10' loaded for size
(Font)              <9> on input line 22.
LaTeX Font Info:    External font `lmex10' loaded for size
(Font)              <5> on input line 22.
LaTeX Font Info:    Font shape `T1/lmss/m/it' in size <9> not available
(Font)              Font shape `T1/lmss/m/sl' tried instead on input line 22.
LaTeX Font Info:    Font shape `T1/lmss/m/it' in size <5> not available
(Font)              Font shape `T1/lmss/m/sl' tried instead on input line 22.
)
File: images/BIO144_logo.jpeg Graphic file (type jpg)
<use images/BIO144_logo.jpeg>
Package pdftex.def Info: images/BIO144_logo.jpeg  used on input line 647.
(pdftex.def)             Requested size: 71.13188pt x 16.71474pt.

Overfull \hbox (2.34512pt too wide) has occurred while \output is active
[][][][]  
 []

[22

]
File: images/BIO144_logo.jpeg Graphic file (type jpg)
<use images/BIO144_logo.jpeg>
Package pdftex.def Info: images/BIO144_logo.jpeg  used on input line 667.
(pdftex.def)             Requested size: 71.13188pt x 16.71474pt.

Overfull \hbox (2.34512pt too wide) has occurred while \output is active
[][][][]  
 []

[23

]
<Bio144_lecture4_files/figure-beamer/unnamed-chunk-16-1.pdf, id=232, 328.22626pt x 285.065pt>
File: Bio144_lecture4_files/figure-beamer/unnamed-chunk-16-1.pdf Graphic file (type pdf)
<use Bio144_lecture4_files/figure-beamer/unnamed-chunk-16-1.pdf>
Package pdftex.def Info: Bio144_lecture4_files/figure-beamer/unnamed-chunk-16-1.pdf  used on input line 677.
(pdftex.def)             Requested size: 170.71652pt x 148.26944pt.
File: images/BIO144_logo.jpeg Graphic file (type jpg)
<use images/BIO144_logo.jpeg>
Package pdftex.def Info: images/BIO144_logo.jpeg  used on input line 677.
(pdftex.def)             Requested size: 71.13188pt x 16.71474pt.

Overfull \hbox (2.34512pt too wide) has occurred while \output is active
[][][][]  
 []

[24

 <./Bio144_lecture4_files/figure-beamer/unnamed-chunk-16-1.pdf>]
Overfull \hbox (5.99998pt too wide) in paragraph at lines 698--698
[][][][][][][]  
 []


Overfull \hbox (5.99998pt too wide) in paragraph at lines 698--698
[][][][][][][]  
 []

File: images/BIO144_logo.jpeg Graphic file (type jpg)
<use images/BIO144_logo.jpeg>
Package pdftex.def Info: images/BIO144_logo.jpeg  used on input line 698.
(pdftex.def)             Requested size: 71.13188pt x 16.71474pt.

Overfull \hbox (2.34512pt too wide) has occurred while \output is active
[][][][]  
 []

[25

]
<Bio144_lecture4_files/figure-beamer/unnamed-chunk-17-1.pdf, id=255, 328.22626pt x 319.1925pt>
File: Bio144_lecture4_files/figure-beamer/unnamed-chunk-17-1.pdf Graphic file (type pdf)
<use Bio144_lecture4_files/figure-beamer/unnamed-chunk-17-1.pdf>
Package pdftex.def Info: Bio144_lecture4_files/figure-beamer/unnamed-chunk-17-1.pdf  used on input line 703.
(pdftex.def)             Requested size: 199.16928pt x 193.6892pt.
File: images/BIO144_logo.jpeg Graphic file (type jpg)
<use images/BIO144_logo.jpeg>
Package pdftex.def Info: images/BIO144_logo.jpeg  used on input line 703.
(pdftex.def)             Requested size: 71.13188pt x 16.71474pt.

Overfull \hbox (2.34512pt too wide) has occurred while \output is active
[][][][]  
 []

[26

 <./Bio144_lecture4_files/figure-beamer/unnamed-chunk-17-1.pdf>]
File: images/BIO144_logo.jpeg Graphic file (type jpg)
<use images/BIO144_logo.jpeg>
Package pdftex.def Info: images/BIO144_logo.jpeg  used on input line 720.
(pdftex.def)             Requested size: 71.13188pt x 16.71474pt.

Overfull \hbox (2.34512pt too wide) has occurred while \output is active
[][][][]  
 []

[27

]
<Bio144_lecture4_files/figure-beamer/unnamed-chunk-18-1.pdf, id=278, 328.22626pt x 319.1925pt>
File: Bio144_lecture4_files/figure-beamer/unnamed-chunk-18-1.pdf Graphic file (type pdf)
<use Bio144_lecture4_files/figure-beamer/unnamed-chunk-18-1.pdf>
Package pdftex.def Info: Bio144_lecture4_files/figure-beamer/unnamed-chunk-18-1.pdf  used on input line 725.
(pdftex.def)             Requested size: 199.16928pt x 193.6892pt.
File: images/BIO144_logo.jpeg Graphic file (type jpg)
<use images/BIO144_logo.jpeg>
Package pdftex.def Info: images/BIO144_logo.jpeg  used on input line 725.
(pdftex.def)             Requested size: 71.13188pt x 16.71474pt.

Overfull \hbox (2.34512pt too wide) has occurred while \output is active
[][][][]  
 []

[28

 <./Bio144_lecture4_files/figure-beamer/unnamed-chunk-18-1.pdf>]
File: images/BIO144_logo.jpeg Graphic file (type jpg)
<use images/BIO144_logo.jpeg>
Package pdftex.def Info: images/BIO144_logo.jpeg  used on input line 753.
(pdftex.def)             Requested size: 71.13188pt x 16.71474pt.

Overfull \hbox (2.34512pt too wide) has occurred while \output is active
[][][][]  
 []

[29

]
File: images/BIO144_logo.jpeg Graphic file (type jpg)
<use images/BIO144_logo.jpeg>
Package pdftex.def Info: images/BIO144_logo.jpeg  used on input line 769.
(pdftex.def)             Requested size: 71.13188pt x 16.71474pt.

Overfull \hbox (2.34512pt too wide) has occurred while \output is active
[][][][]  
 []

[30

]
<Bio144_lecture4_files/figure-beamer/unnamed-chunk-19-1.pdf, id=309, 412.54124pt x 168.63pt>
File: Bio144_lecture4_files/figure-beamer/unnamed-chunk-19-1.pdf Graphic file (type pdf)
<use Bio144_lecture4_files/figure-beamer/unnamed-chunk-19-1.pdf>
Package pdftex.def Info: Bio144_lecture4_files/figure-beamer/unnamed-chunk-19-1.pdf  used on input line 783.
(pdftex.def)             Requested size: 270.30118pt x 110.48819pt.
File: images/BIO144_logo.jpeg Graphic file (type jpg)
<use images/BIO144_logo.jpeg>
Package pdftex.def Info: images/BIO144_logo.jpeg  used on input line 783.
(pdftex.def)             Requested size: 71.13188pt x 16.71474pt.

Overfull \hbox (2.34512pt too wide) has occurred while \output is active
[][][][]  
 []

[31

 <./Bio144_lecture4_files/figure-beamer/unnamed-chunk-19-1.pdf>]
File: images/BIO144_logo.jpeg Graphic file (type jpg)
<use images/BIO144_logo.jpeg>
Package pdftex.def Info: images/BIO144_logo.jpeg  used on input line 795.
(pdftex.def)             Requested size: 71.13188pt x 16.71474pt.

Overfull \hbox (2.34512pt too wide) has occurred while \output is active
[][][][]  
 []

[32

]
File: images/BIO144_logo.jpeg Graphic file (type jpg)
<use images/BIO144_logo.jpeg>
Package pdftex.def Info: images/BIO144_logo.jpeg  used on input line 816.
(pdftex.def)             Requested size: 71.13188pt x 16.71474pt.

Overfull \hbox (2.34512pt too wide) has occurred while \output is active
[][][][]  
 []

[33

]
File: images/BIO144_logo.jpeg Graphic file (type jpg)
<use images/BIO144_logo.jpeg>
Package pdftex.def Info: images/BIO144_logo.jpeg  used on input line 833.
(pdftex.def)             Requested size: 71.13188pt x 16.71474pt.

Overfull \hbox (2.34512pt too wide) has occurred while \output is active
[][][][]  
 []

[34

]
File: images/BIO144_logo.jpeg Graphic file (type jpg)
<use images/BIO144_logo.jpeg>
Package pdftex.def Info: images/BIO144_logo.jpeg  used on input line 845.
(pdftex.def)             Requested size: 71.13188pt x 16.71474pt.

Overfull \hbox (2.34512pt too wide) has occurred while \output is active
[][][][]  
 []

[35

]
\openout4 = `Bio144_lecture4.vrb'.

(./Bio144_lecture4.vrb)
File: images/BIO144_logo.jpeg Graphic file (type jpg)
<use images/BIO144_logo.jpeg>
Package pdftex.def Info: images/BIO144_logo.jpeg  used on input line 882.
(pdftex.def)             Requested size: 71.13188pt x 16.71474pt.

Overfull \hbox (2.34512pt too wide) has occurred while \output is active
[][][][]  
 []

[36

]
<Bio144_lecture4_files/figure-beamer/unnamed-chunk-21-1.pdf, id=360, 428.60126pt x 423.5825pt>
File: Bio144_lecture4_files/figure-beamer/unnamed-chunk-21-1.pdf Graphic file (type pdf)
<use Bio144_lecture4_files/figure-beamer/unnamed-chunk-21-1.pdf>
Package pdftex.def Info: Bio144_lecture4_files/figure-beamer/unnamed-chunk-21-1.pdf  used on input line 897.
(pdftex.def)             Requested size: 142.26378pt x 140.59703pt.
File: images/BIO144_logo.jpeg Graphic file (type jpg)
<use images/BIO144_logo.jpeg>
Package pdftex.def Info: images/BIO144_logo.jpeg  used on input line 897.
(pdftex.def)             Requested size: 71.13188pt x 16.71474pt.

Overfull \hbox (2.34512pt too wide) has occurred while \output is active
[][][][]  
 []

[37

 <./Bio144_lecture4_files/figure-beamer/unnamed-chunk-21-1.pdf>]
Overfull \hbox (5.99998pt too wide) in paragraph at lines 929--929
[][][][][][][]  
 []

File: images/BIO144_logo.jpeg Graphic file (type jpg)
<use images/BIO144_logo.jpeg>
Package pdftex.def Info: images/BIO144_logo.jpeg  used on input line 929.
(pdftex.def)             Requested size: 71.13188pt x 16.71474pt.

Overfull \hbox (2.34512pt too wide) has occurred while \output is active
[][][][]  
 []

[38

]
File: images/BIO144_logo.jpeg Graphic file (type jpg)
<use images/BIO144_logo.jpeg>
Package pdftex.def Info: images/BIO144_logo.jpeg  used on input line 941.
(pdftex.def)             Requested size: 71.13188pt x 16.71474pt.

Overfull \hbox (2.34512pt too wide) has occurred while \output is active
[][][][]  
 []

[39

]
\openout4 = `Bio144_lecture4.vrb'.

(./Bio144_lecture4.vrb
pdfTeX warning (ext4): destination with the same identifier (name{eq:beta}) has been already used, duplicate ignored
<to be read again> 
                   \relax 
l.32 \end{minipage}}
                    
Overfull \hbox (5.99998pt too wide) in paragraph at lines 32--33
[][][][][][][]  
 []

)
Overfull \vbox (4.76924pt too high) detected at line 980
 []

File: images/BIO144_logo.jpeg Graphic file (type jpg)
<use images/BIO144_logo.jpeg>
Package pdftex.def Info: images/BIO144_logo.jpeg  used on input line 980.
(pdftex.def)             Requested size: 71.13188pt x 16.71474pt.

Overfull \hbox (2.34512pt too wide) has occurred while \output is active
[][][][]  
 []

[40

]
\openout4 = `Bio144_lecture4.vrb'.

(./Bio144_lecture4.vrb)
File: images/BIO144_logo.jpeg Graphic file (type jpg)
<use images/BIO144_logo.jpeg>
Package pdftex.def Info: images/BIO144_logo.jpeg  used on input line 1019.
(pdftex.def)             Requested size: 71.13188pt x 16.71474pt.

Overfull \hbox (2.34512pt too wide) has occurred while \output is active
[][][][]  
 []

[41

]
File: images/BIO144_logo.jpeg Graphic file (type jpg)
<use images/BIO144_logo.jpeg>
Package pdftex.def Info: images/BIO144_logo.jpeg  used on input line 1051.
(pdftex.def)             Requested size: 71.13188pt x 16.71474pt.

Overfull \hbox (2.34512pt too wide) has occurred while \output is active
[][][][]  
 []

[42

]
<Bio144_lecture4_files/figure-beamer/unnamed-chunk-26-1.pdf, id=412, 245.91875pt x 240.9pt>
File: Bio144_lecture4_files/figure-beamer/unnamed-chunk-26-1.pdf Graphic file (type pdf)
<use Bio144_lecture4_files/figure-beamer/unnamed-chunk-26-1.pdf>
Package pdftex.def Info: Bio144_lecture4_files/figure-beamer/unnamed-chunk-26-1.pdf  used on input line 1069.
(pdftex.def)             Requested size: 113.81102pt x 111.488pt.

Overfull \hbox (5.99998pt too wide) in paragraph at lines 1069--1069
[][][][][][][]  
 []

File: images/BIO144_logo.jpeg Graphic file (type jpg)
<use images/BIO144_logo.jpeg>
Package pdftex.def Info: images/BIO144_logo.jpeg  used on input line 1069.
(pdftex.def)             Requested size: 71.13188pt x 16.71474pt.

Overfull \hbox (2.34512pt too wide) has occurred while \output is active
[][][][]  
 []

[43

 <./Bio144_lecture4_files/figure-beamer/unnamed-chunk-26-1.pdf>]
Overfull \hbox (5.99998pt too wide) in paragraph at lines 1092--1092
[][][][][][][]  
 []

<Bio144_lecture4_files/figure-beamer/unnamed-chunk-27-1.pdf, id=429, 255.95625pt x 233.87375pt>
File: Bio144_lecture4_files/figure-beamer/unnamed-chunk-27-1.pdf Graphic file (type pdf)
<use Bio144_lecture4_files/figure-beamer/unnamed-chunk-27-1.pdf>
Package pdftex.def Info: Bio144_lecture4_files/figure-beamer/unnamed-chunk-27-1.pdf  used on input line 1092.
(pdftex.def)             Requested size: 113.81102pt x 103.98961pt.
File: images/BIO144_logo.jpeg Graphic file (type jpg)
<use images/BIO144_logo.jpeg>
Package pdftex.def Info: images/BIO144_logo.jpeg  used on input line 1092.
(pdftex.def)             Requested size: 71.13188pt x 16.71474pt.

Overfull \hbox (2.34512pt too wide) has occurred while \output is active
[][][][]  
 []

[44

 <./Bio144_lecture4_files/figure-beamer/unnamed-chunk-27-1.pdf>]
\openout4 = `Bio144_lecture4.vrb'.

(./Bio144_lecture4.vrb)
File: images/BIO144_logo.jpeg Graphic file (type jpg)
<use images/BIO144_logo.jpeg>
Package pdftex.def Info: images/BIO144_logo.jpeg  used on input line 1142.
(pdftex.def)             Requested size: 71.13188pt x 16.71474pt.

Overfull \hbox (2.34512pt too wide) has occurred while \output is active
[][][][]  
 []

[45

]
File: images/BIO144_logo.jpeg Graphic file (type jpg)
<use images/BIO144_logo.jpeg>
Package pdftex.def Info: images/BIO144_logo.jpeg  used on input line 1161.
(pdftex.def)             Requested size: 71.13188pt x 16.71474pt.

Overfull \hbox (2.34512pt too wide) has occurred while \output is active
[][][][]  
 []

[46

]
LaTeX Font Info:    Font shape `T1/lmss/bx/it' in size <10.95> not available
(Font)              Font shape `T1/lmss/bx/sl' tried instead on input line 1191.
File: images/BIO144_logo.jpeg Graphic file (type jpg)
<use images/BIO144_logo.jpeg>
Package pdftex.def Info: images/BIO144_logo.jpeg  used on input line 1191.
(pdftex.def)             Requested size: 71.13188pt x 16.71474pt.

Overfull \hbox (2.34512pt too wide) has occurred while \output is active
[][][][]  
 []

[47

]
<Bio144_lecture4_files/figure-beamer/unnamed-chunk-31-1.pdf, id=467, 311.1625pt x 311.1625pt>
File: Bio144_lecture4_files/figure-beamer/unnamed-chunk-31-1.pdf Graphic file (type pdf)
<use Bio144_lecture4_files/figure-beamer/unnamed-chunk-31-1.pdf>
Package pdftex.def Info: Bio144_lecture4_files/figure-beamer/unnamed-chunk-31-1.pdf  used on input line 1204.
(pdftex.def)             Requested size: 142.26378pt x 142.26286pt.

Overfull \vbox (5.35391pt too high) detected at line 1204
 []

File: images/BIO144_logo.jpeg Graphic file (type jpg)
<use images/BIO144_logo.jpeg>
Package pdftex.def Info: images/BIO144_logo.jpeg  used on input line 1204.
(pdftex.def)             Requested size: 71.13188pt x 16.71474pt.

Overfull \hbox (2.34512pt too wide) has occurred while \output is active
[][][][]  
 []

[48

 <./Bio144_lecture4_files/figure-beamer/unnamed-chunk-31-1.pdf>]
File: images/BIO144_logo.jpeg Graphic file (type jpg)
<use images/BIO144_logo.jpeg>
Package pdftex.def Info: images/BIO144_logo.jpeg  used on input line 1257.
(pdftex.def)             Requested size: 71.13188pt x 16.71474pt.

Overfull \hbox (2.34512pt too wide) has occurred while \output is active
[][][][]  
 []

[49

]
File: images/BIO144_logo.jpeg Graphic file (type jpg)
<use images/BIO144_logo.jpeg>
Package pdftex.def Info: images/BIO144_logo.jpeg  used on input line 1269.
(pdftex.def)             Requested size: 71.13188pt x 16.71474pt.

Overfull \hbox (2.34512pt too wide) has occurred while \output is active
[][][][]  
 []

[50

]
\openout4 = `Bio144_lecture4.vrb'.

(./Bio144_lecture4.vrb)
File: images/BIO144_logo.jpeg Graphic file (type jpg)
<use images/BIO144_logo.jpeg>
Package pdftex.def Info: images/BIO144_logo.jpeg  used on input line 1301.
(pdftex.def)             Requested size: 71.13188pt x 16.71474pt.

Overfull \hbox (2.34512pt too wide) has occurred while \output is active
[][][][]  
 []

[51

]
File: images/BIO144_logo.jpeg Graphic file (type jpg)
<use images/BIO144_logo.jpeg>
Package pdftex.def Info: images/BIO144_logo.jpeg  used on input line 1329.
(pdftex.def)             Requested size: 71.13188pt x 16.71474pt.

Overfull \hbox (2.34512pt too wide) has occurred while \output is active
[][][][]  
 []

[52

]
File: images/BIO144_logo.jpeg Graphic file (type jpg)
<use images/BIO144_logo.jpeg>
Package pdftex.def Info: images/BIO144_logo.jpeg  used on input line 1343.
(pdftex.def)             Requested size: 71.13188pt x 16.71474pt.

Overfull \hbox (2.34512pt too wide) has occurred while \output is active
[][][][]  
 []

[53

]
\tf@nav=\write7
\openout7 = `Bio144_lecture4.nav'.

\tf@toc=\write8
\openout8 = `Bio144_lecture4.toc'.

\tf@snm=\write9
\openout9 = `Bio144_lecture4.snm'.

(./Bio144_lecture4.aux)

LaTeX Warning: There were multiply-defined labels.

Package rerunfilecheck Info: File `Bio144_lecture4.out' has not changed.
(rerunfilecheck)             Checksum: D41D8CD98F00B204E9800998ECF8427E;0.
 ) 
Here is how much of TeX's memory you used:
 24711 strings out of 476931
 483636 string characters out of 5824584
 810124 words of memory out of 5000000
 45069 multiletter control sequences out of 15000+600000
 566831 words of font info for 179 fonts, out of 8000000 for 9000
 14 hyphenation exceptions out of 8191
 99i,15n,104p,1012b,450s stack positions out of 10000i,1000n,20000p,200000b,200000s
{/Users/owenpetchey/Library/TinyTeX/texmf-dist/fonts/enc/dvips/lm/lm-ec.enc}{/Users/owenpetchey/Library/TinyTeX/texmf-dist/fonts/enc/dvips/lm/lm-mathsy.enc}{/Users/owenpetchey/Library/TinyTeX/texmf-dist/fonts/enc/dvips/lm/lm-mathit.enc}{/Users/owenpetchey/Library/TinyTeX/texmf-dist/fonts/enc/dvips/lm/lm-rm.enc}{/Users/owenpetchey/Library/TinyTeX/texmf-dist/fonts/enc/dvips/lm/lm-mathex.enc}</Users/owenpetchey/Library/TinyTeX/texmf-dist/fonts/type1/public/lm/lmex10.pfb></Users/owenpetchey/Library/TinyTeX/texmf-dist/fonts/type1/public/lm/lmmi10.pfb></Users/owenpetchey/Library/TinyTeX/texmf-dist/fonts/type1/public/lm/lmmi12.pfb></Users/owenpetchey/Library/TinyTeX/texmf-dist/fonts/type1/public/lm/lmmi6.pfb></Users/owenpetchey/Library/TinyTeX/texmf-dist/fonts/type1/public/lm/lmmi8.pfb></Users/owenpetchey/Library/TinyTeX/texmf-dist/fonts/type1/public/lm/lmmi9.pfb></Users/owenpetchey/Library/TinyTeX/texmf-dist/fonts/type1/public/lm/lmss10.pfb></Users/owenpetchey/Library/TinyTeX/texmf-dist/fonts/type1/public/lm/lmss12.pfb></Users/owenpetchey/Library/TinyTeX/texmf-dist/fonts/type1/public/lm/lmss8.pfb></Users/owenpetchey/Library/TinyTeX/texmf-dist/fonts/type1/public/lm/lmss9.pfb></Users/owenpetchey/Library/TinyTeX/texmf-dist/fonts/type1/public/lm/lmssbo10.pfb></Users/owenpetchey/Library/TinyTeX/texmf-dist/fonts/type1/public/lm/lmssbx10.pfb></Users/owenpetchey/Library/TinyTeX/texmf-dist/fonts/type1/public/lm/lmsso10.pfb></Users/owenpetchey/Library/TinyTeX/texmf-dist/fonts/type1/public/lm/lmsso12.pfb></Users/owenpetchey/Library/TinyTeX/texmf-dist/fonts/type1/public/lm/lmsso8.pfb></Users/owenpetchey/Library/TinyTeX/texmf-dist/fonts/type1/public/lm/lmsso9.pfb></Users/owenpetchey/Library/TinyTeX/texmf-dist/fonts/type1/public/lm/lmsy10.pfb></Users/owenpetchey/Library/TinyTeX/texmf-dist/fonts/type1/public/lm/lmsy6.pfb></Users/owenpetchey/Library/TinyTeX/texmf-dist/fonts/type1/public/lm/lmsy8.pfb></Users/owenpetchey/Library/TinyTeX/texmf-dist/fonts/type1/public/lm/lmtk10.pfb></Users/owenpetchey/Library/TinyTeX/texmf-dist/fonts/type1/public/lm/lmtt10.pfb></Users/owenpetchey/Library/TinyTeX/texmf-dist/fonts/type1/public/lm/lmtt8.pfb></Users/owenpetchey/Library/TinyTeX/texmf-dist/fonts/type1/public/amsfonts/symbols/msam10.pfb>
Output written on Bio144_lecture4.pdf (53 pages, 793461 bytes).
PDF statistics:
 661 PDF objects out of 1000 (max. 8388607)
 510 compressed objects within 6 object streams
 161 named destinations out of 1000 (max. 500000)
 57447 words of extra memory for PDF output out of 61914 (max. 10000000)

