This is pdfTeX, Version 3.141592653-2.6-1.40.23 (TeX Live 2022/dev) (preloaded format=pdflatex 2022.3.18)  20 MAR 2022 20:59
entering extended mode
 restricted \write18 enabled.
 %&-line parsing enabled.
**Bio144_lecture5.tex
(./Bio144_lecture5.tex
LaTeX2e <2021-11-15> patch level 1
L3 programming layer <2022-02-24> (/Users/owenpetchey/Library/TinyTeX/texmf-dis
t/tex/latex/beamer/beamer.cls
Document Class: beamer 2022/02/08 v3.66 A class for typesetting presentations

(/Users/owenpetchey/Library/TinyTeX/texmf-dist/tex/latex/beamer/beamerbasemodes
.sty (/Users/owenpetchey/Library/TinyTeX/texmf-dist/tex/latex/etoolbox/etoolbox
.sty
Package: etoolbox 2020/10/05 v2.5k e-TeX tools for LaTeX (JAW)
\etb@tempcnta=\count185
)
\beamer@tempbox=\box50
\beamer@tempcount=\count186
\c@beamerpauses=\count187

(/Users/owenpetchey/Library/TinyTeX/texmf-dist/tex/latex/beamer/beamerbasedecod
e.sty
\beamer@slideinframe=\count188
\beamer@minimum=\count189
\beamer@decode@box=\box51
)
\beamer@commentbox=\box52
\beamer@modecount=\count190
) (/Users/owenpetchey/Library/TinyTeX/texmf-dist/tex/generic/iftex/iftex.sty
Package: iftex 2022/02/03 v1.0f TeX engine tests
)
\headdp=\dimen138
\footheight=\dimen139
\sidebarheight=\dimen140
\beamer@tempdim=\dimen141
\beamer@finalheight=\dimen142
\beamer@animht=\dimen143
\beamer@animdp=\dimen144
\beamer@animwd=\dimen145
\beamer@leftmargin=\dimen146
\beamer@rightmargin=\dimen147
\beamer@leftsidebar=\dimen148
\beamer@rightsidebar=\dimen149
\beamer@boxsize=\dimen150
\beamer@vboxoffset=\dimen151
\beamer@descdefault=\dimen152
\beamer@descriptionwidth=\dimen153
\beamer@lastskip=\skip47
\beamer@areabox=\box53
\beamer@animcurrent=\box54
\beamer@animshowbox=\box55
\beamer@sectionbox=\box56
\beamer@logobox=\box57
\beamer@linebox=\box58
\beamer@sectioncount=\count191
\beamer@subsubsectionmax=\count192
\beamer@subsectionmax=\count193
\beamer@sectionmax=\count194
\beamer@totalheads=\count195
\beamer@headcounter=\count196
\beamer@partstartpage=\count197
\beamer@sectionstartpage=\count198
\beamer@subsectionstartpage=\count199
\beamer@animationtempa=\count266
\beamer@animationtempb=\count267
\beamer@xpos=\count268
\beamer@ypos=\count269
\beamer@ypos@offset=\count270
\beamer@showpartnumber=\count271
\beamer@currentsubsection=\count272
\beamer@coveringdepth=\count273
\beamer@sectionadjust=\count274
\beamer@toclastsection=\count275
\beamer@tocsectionnumber=\count276

(/Users/owenpetchey/Library/TinyTeX/texmf-dist/tex/latex/beamer/beamerbaseoptio
ns.sty (/Users/owenpetchey/Library/TinyTeX/texmf-dist/tex/latex/graphics/keyval
.sty
Package: keyval 2014/10/28 v1.15 key=value parser (DPC)
\KV@toks@=\toks16
))
\beamer@paperwidth=\skip48
\beamer@paperheight=\skip49
(/Users/owenpetchey/Library/TinyTeX/texmf-dist/tex/latex/geometry/geometry.sty
Package: geometry 2020/01/02 v5.9 Page Geometry
(/Users/owenpetchey/Library/TinyTeX/texmf-dist/tex/generic/iftex/ifvtex.sty
Package: ifvtex 2019/10/25 v1.7 ifvtex legacy package. Use iftex instead.
)
\Gm@cnth=\count277
\Gm@cntv=\count278
\c@Gm@tempcnt=\count279
\Gm@bindingoffset=\dimen154
\Gm@wd@mp=\dimen155
\Gm@odd@mp=\dimen156
\Gm@even@mp=\dimen157
\Gm@layoutwidth=\dimen158
\Gm@layoutheight=\dimen159
\Gm@layouthoffset=\dimen160
\Gm@layoutvoffset=\dimen161
\Gm@dimlist=\toks17
) (/Users/owenpetchey/Library/TinyTeX/texmf-dist/tex/latex/pgf/math/pgfmath.sty

(/Users/owenpetchey/Library/TinyTeX/texmf-dist/tex/latex/pgf/utilities/pgfrcs.s
ty
(/Users/owenpetchey/Library/TinyTeX/texmf-dist/tex/generic/pgf/utilities/pgfuti
l-common.tex
\pgfutil@everybye=\toks18
\pgfutil@tempdima=\dimen162
\pgfutil@tempdimb=\dimen163

(/Users/owenpetchey/Library/TinyTeX/texmf-dist/tex/generic/pgf/utilities/pgfuti
l-common-lists.tex))
(/Users/owenpetchey/Library/TinyTeX/texmf-dist/tex/generic/pgf/utilities/pgfuti
l-latex.def
\pgfutil@abb=\box59
)
(/Users/owenpetchey/Library/TinyTeX/texmf-dist/tex/generic/pgf/utilities/pgfrcs
.code.tex
(/Users/owenpetchey/Library/TinyTeX/texmf-dist/tex/generic/pgf/pgf.revision.tex
)
Package: pgfrcs 2021/05/15 v3.1.9a (3.1.9a)
))
(/Users/owenpetchey/Library/TinyTeX/texmf-dist/tex/latex/pgf/utilities/pgfkeys.
sty
(/Users/owenpetchey/Library/TinyTeX/texmf-dist/tex/generic/pgf/utilities/pgfkey
s.code.tex
\pgfkeys@pathtoks=\toks19
\pgfkeys@temptoks=\toks20

(/Users/owenpetchey/Library/TinyTeX/texmf-dist/tex/generic/pgf/utilities/pgfkey
sfiltered.code.tex
\pgfkeys@tmptoks=\toks21
)))
(/Users/owenpetchey/Library/TinyTeX/texmf-dist/tex/generic/pgf/math/pgfmath.cod
e.tex
(/Users/owenpetchey/Library/TinyTeX/texmf-dist/tex/generic/pgf/math/pgfmathcalc
.code.tex
(/Users/owenpetchey/Library/TinyTeX/texmf-dist/tex/generic/pgf/math/pgfmathutil
.code.tex
\pgf@x=\dimen164
\pgf@xa=\dimen165
\pgf@xb=\dimen166
\pgf@xc=\dimen167
\pgf@y=\dimen168
\pgf@ya=\dimen169
\pgf@yb=\dimen170
\pgf@yc=\dimen171
\c@pgf@counta=\count280
\c@pgf@countb=\count281
\c@pgf@countc=\count282
\c@pgf@countd=\count283
)
(/Users/owenpetchey/Library/TinyTeX/texmf-dist/tex/generic/pgf/math/pgfmathpars
er.code.tex
\pgfmath@dimen=\dimen172
\pgfmath@count=\count284
\pgfmath@box=\box60
\pgfmath@toks=\toks22
\pgfmath@stack@operand=\toks23
\pgfmath@stack@operation=\toks24
)
(/Users/owenpetchey/Library/TinyTeX/texmf-dist/tex/generic/pgf/math/pgfmathfunc
tions.code.tex
(/Users/owenpetchey/Library/TinyTeX/texmf-dist/tex/generic/pgf/math/pgfmathfunc
tions.basic.code.tex)
(/Users/owenpetchey/Library/TinyTeX/texmf-dist/tex/generic/pgf/math/pgfmathfunc
tions.trigonometric.code.tex)
(/Users/owenpetchey/Library/TinyTeX/texmf-dist/tex/generic/pgf/math/pgfmathfunc
tions.random.code.tex)
(/Users/owenpetchey/Library/TinyTeX/texmf-dist/tex/generic/pgf/math/pgfmathfunc
tions.comparison.code.tex)
(/Users/owenpetchey/Library/TinyTeX/texmf-dist/tex/generic/pgf/math/pgfmathfunc
tions.base.code.tex)
(/Users/owenpetchey/Library/TinyTeX/texmf-dist/tex/generic/pgf/math/pgfmathfunc
tions.round.code.tex)
(/Users/owenpetchey/Library/TinyTeX/texmf-dist/tex/generic/pgf/math/pgfmathfunc
tions.misc.code.tex)
(/Users/owenpetchey/Library/TinyTeX/texmf-dist/tex/generic/pgf/math/pgfmathfunc
tions.integerarithmetics.code.tex)))
(/Users/owenpetchey/Library/TinyTeX/texmf-dist/tex/generic/pgf/math/pgfmathfloa
t.code.tex
\c@pgfmathroundto@lastzeros=\count285
))) (/Users/owenpetchey/Library/TinyTeX/texmf-dist/tex/latex/base/size11.clo
File: size11.clo 2021/10/04 v1.4n Standard LaTeX file (size option)
)
(/Users/owenpetchey/Library/TinyTeX/texmf-dist/tex/latex/pgf/basiclayer/pgfcore
.sty (/Users/owenpetchey/Library/TinyTeX/texmf-dist/tex/latex/graphics/graphicx
.sty
Package: graphicx 2021/09/16 v1.2d Enhanced LaTeX Graphics (DPC,SPQR)
(/Users/owenpetchey/Library/TinyTeX/texmf-dist/tex/latex/graphics/graphics.sty
Package: graphics 2021/03/04 v1.4d Standard LaTeX Graphics (DPC,SPQR)
(/Users/owenpetchey/Library/TinyTeX/texmf-dist/tex/latex/graphics/trig.sty
Package: trig 2021/08/11 v1.11 sin cos tan (DPC)
)
(/Users/owenpetchey/Library/TinyTeX/texmf-dist/tex/latex/graphics-cfg/graphics.
cfg
File: graphics.cfg 2016/06/04 v1.11 sample graphics configuration
)
Package graphics Info: Driver file: pdftex.def on input line 107.

(/Users/owenpetchey/Library/TinyTeX/texmf-dist/tex/latex/graphics-def/pdftex.de
f
File: pdftex.def 2020/10/05 v1.2a Graphics/color driver for pdftex
))
\Gin@req@height=\dimen173
\Gin@req@width=\dimen174
)
(/Users/owenpetchey/Library/TinyTeX/texmf-dist/tex/latex/pgf/systemlayer/pgfsys
.sty
(/Users/owenpetchey/Library/TinyTeX/texmf-dist/tex/generic/pgf/systemlayer/pgfs
ys.code.tex
Package: pgfsys 2021/05/15 v3.1.9a (3.1.9a)

(/Users/owenpetchey/Library/TinyTeX/texmf-dist/tex/generic/pgf/utilities/pgfkey
s.code.tex)
\pgf@x=\dimen175
\pgf@y=\dimen176
\pgf@xa=\dimen177
\pgf@ya=\dimen178
\pgf@xb=\dimen179
\pgf@yb=\dimen180
\pgf@xc=\dimen181
\pgf@yc=\dimen182
\pgf@xd=\dimen183
\pgf@yd=\dimen184
\w@pgf@writea=\write3
\r@pgf@reada=\read2
\c@pgf@counta=\count286
\c@pgf@countb=\count287
\c@pgf@countc=\count288
\c@pgf@countd=\count289
\t@pgf@toka=\toks25
\t@pgf@tokb=\toks26
\t@pgf@tokc=\toks27
\pgf@sys@id@count=\count290

(/Users/owenpetchey/Library/TinyTeX/texmf-dist/tex/generic/pgf/systemlayer/pgf.
cfg
File: pgf.cfg 2021/05/15 v3.1.9a (3.1.9a)
)
Driver file for pgf: pgfsys-pdftex.def

(/Users/owenpetchey/Library/TinyTeX/texmf-dist/tex/generic/pgf/systemlayer/pgfs
ys-pdftex.def
File: pgfsys-pdftex.def 2021/05/15 v3.1.9a (3.1.9a)

(/Users/owenpetchey/Library/TinyTeX/texmf-dist/tex/generic/pgf/systemlayer/pgfs
ys-common-pdf.def
File: pgfsys-common-pdf.def 2021/05/15 v3.1.9a (3.1.9a)
)))
(/Users/owenpetchey/Library/TinyTeX/texmf-dist/tex/generic/pgf/systemlayer/pgfs
yssoftpath.code.tex
File: pgfsyssoftpath.code.tex 2021/05/15 v3.1.9a (3.1.9a)
\pgfsyssoftpath@smallbuffer@items=\count291
\pgfsyssoftpath@bigbuffer@items=\count292
)
(/Users/owenpetchey/Library/TinyTeX/texmf-dist/tex/generic/pgf/systemlayer/pgfs
ysprotocol.code.tex
File: pgfsysprotocol.code.tex 2021/05/15 v3.1.9a (3.1.9a)
)) (/Users/owenpetchey/Library/TinyTeX/texmf-dist/tex/latex/xcolor/xcolor.sty
Package: xcolor 2021/10/31 v2.13 LaTeX color extensions (UK)

(/Users/owenpetchey/Library/TinyTeX/texmf-dist/tex/latex/graphics-cfg/color.cfg
File: color.cfg 2016/01/02 v1.6 sample color configuration
)
Package xcolor Info: Driver file: pdftex.def on input line 227.
Package xcolor Info: Model `cmy' substituted by `cmy0' on input line 1352.
Package xcolor Info: Model `hsb' substituted by `rgb' on input line 1356.
Package xcolor Info: Model `RGB' extended on input line 1368.
Package xcolor Info: Model `HTML' substituted by `rgb' on input line 1370.
Package xcolor Info: Model `Hsb' substituted by `hsb' on input line 1371.
Package xcolor Info: Model `tHsb' substituted by `hsb' on input line 1372.
Package xcolor Info: Model `HSB' substituted by `hsb' on input line 1373.
Package xcolor Info: Model `Gray' substituted by `gray' on input line 1374.
Package xcolor Info: Model `wave' substituted by `hsb' on input line 1375.
)
(/Users/owenpetchey/Library/TinyTeX/texmf-dist/tex/generic/pgf/basiclayer/pgfco
re.code.tex
Package: pgfcore 2021/05/15 v3.1.9a (3.1.9a)

(/Users/owenpetchey/Library/TinyTeX/texmf-dist/tex/generic/pgf/math/pgfmath.cod
e.tex)
(/Users/owenpetchey/Library/TinyTeX/texmf-dist/tex/generic/pgf/math/pgfint.code
.tex)
(/Users/owenpetchey/Library/TinyTeX/texmf-dist/tex/generic/pgf/basiclayer/pgfco
repoints.code.tex
File: pgfcorepoints.code.tex 2021/05/15 v3.1.9a (3.1.9a)
\pgf@picminx=\dimen185
\pgf@picmaxx=\dimen186
\pgf@picminy=\dimen187
\pgf@picmaxy=\dimen188
\pgf@pathminx=\dimen189
\pgf@pathmaxx=\dimen190
\pgf@pathminy=\dimen191
\pgf@pathmaxy=\dimen192
\pgf@xx=\dimen193
\pgf@xy=\dimen194
\pgf@yx=\dimen195
\pgf@yy=\dimen196
\pgf@zx=\dimen197
\pgf@zy=\dimen198
)
(/Users/owenpetchey/Library/TinyTeX/texmf-dist/tex/generic/pgf/basiclayer/pgfco
repathconstruct.code.tex
File: pgfcorepathconstruct.code.tex 2021/05/15 v3.1.9a (3.1.9a)
\pgf@path@lastx=\dimen199
\pgf@path@lasty=\dimen256
)
(/Users/owenpetchey/Library/TinyTeX/texmf-dist/tex/generic/pgf/basiclayer/pgfco
repathusage.code.tex
File: pgfcorepathusage.code.tex 2021/05/15 v3.1.9a (3.1.9a)
\pgf@shorten@end@additional=\dimen257
\pgf@shorten@start@additional=\dimen258
)
(/Users/owenpetchey/Library/TinyTeX/texmf-dist/tex/generic/pgf/basiclayer/pgfco
rescopes.code.tex
File: pgfcorescopes.code.tex 2021/05/15 v3.1.9a (3.1.9a)
\pgfpic=\box61
\pgf@hbox=\box62
\pgf@layerbox@main=\box63
\pgf@picture@serial@count=\count293
)
(/Users/owenpetchey/Library/TinyTeX/texmf-dist/tex/generic/pgf/basiclayer/pgfco
regraphicstate.code.tex
File: pgfcoregraphicstate.code.tex 2021/05/15 v3.1.9a (3.1.9a)
\pgflinewidth=\dimen259
)
(/Users/owenpetchey/Library/TinyTeX/texmf-dist/tex/generic/pgf/basiclayer/pgfco
retransformations.code.tex
File: pgfcoretransformations.code.tex 2021/05/15 v3.1.9a (3.1.9a)
\pgf@pt@x=\dimen260
\pgf@pt@y=\dimen261
\pgf@pt@temp=\dimen262
)
(/Users/owenpetchey/Library/TinyTeX/texmf-dist/tex/generic/pgf/basiclayer/pgfco
requick.code.tex
File: pgfcorequick.code.tex 2021/05/15 v3.1.9a (3.1.9a)
)
(/Users/owenpetchey/Library/TinyTeX/texmf-dist/tex/generic/pgf/basiclayer/pgfco
reobjects.code.tex
File: pgfcoreobjects.code.tex 2021/05/15 v3.1.9a (3.1.9a)
)
(/Users/owenpetchey/Library/TinyTeX/texmf-dist/tex/generic/pgf/basiclayer/pgfco
repathprocessing.code.tex
File: pgfcorepathprocessing.code.tex 2021/05/15 v3.1.9a (3.1.9a)
)
(/Users/owenpetchey/Library/TinyTeX/texmf-dist/tex/generic/pgf/basiclayer/pgfco
rearrows.code.tex
File: pgfcorearrows.code.tex 2021/05/15 v3.1.9a (3.1.9a)
\pgfarrowsep=\dimen263
)
(/Users/owenpetchey/Library/TinyTeX/texmf-dist/tex/generic/pgf/basiclayer/pgfco
reshade.code.tex
File: pgfcoreshade.code.tex 2021/05/15 v3.1.9a (3.1.9a)
\pgf@max=\dimen264
\pgf@sys@shading@range@num=\count294
\pgf@shadingcount=\count295
)
(/Users/owenpetchey/Library/TinyTeX/texmf-dist/tex/generic/pgf/basiclayer/pgfco
reimage.code.tex
File: pgfcoreimage.code.tex 2021/05/15 v3.1.9a (3.1.9a)

(/Users/owenpetchey/Library/TinyTeX/texmf-dist/tex/generic/pgf/basiclayer/pgfco
reexternal.code.tex
File: pgfcoreexternal.code.tex 2021/05/15 v3.1.9a (3.1.9a)
\pgfexternal@startupbox=\box64
))
(/Users/owenpetchey/Library/TinyTeX/texmf-dist/tex/generic/pgf/basiclayer/pgfco
relayers.code.tex
File: pgfcorelayers.code.tex 2021/05/15 v3.1.9a (3.1.9a)
)
(/Users/owenpetchey/Library/TinyTeX/texmf-dist/tex/generic/pgf/basiclayer/pgfco
retransparency.code.tex
File: pgfcoretransparency.code.tex 2021/05/15 v3.1.9a (3.1.9a)
)
(/Users/owenpetchey/Library/TinyTeX/texmf-dist/tex/generic/pgf/basiclayer/pgfco
repatterns.code.tex
File: pgfcorepatterns.code.tex 2021/05/15 v3.1.9a (3.1.9a)
)
(/Users/owenpetchey/Library/TinyTeX/texmf-dist/tex/generic/pgf/basiclayer/pgfco
rerdf.code.tex
File: pgfcorerdf.code.tex 2021/05/15 v3.1.9a (3.1.9a)
)))
(/Users/owenpetchey/Library/TinyTeX/texmf-dist/tex/latex/pgf/utilities/xxcolor.
sty
Package: xxcolor 2003/10/24 ver 0.1
\XC@nummixins=\count296
\XC@countmixins=\count297
) (/Users/owenpetchey/Library/TinyTeX/texmf-dist/tex/latex/base/atbegshi-ltx.st
y
Package: atbegshi-ltx 2021/01/10 v1.0c Emulation of the original atbegshi
package with kernel methods
) (/Users/owenpetchey/Library/TinyTeX/texmf-dist/tex/latex/hyperref/hyperref.st
y
Package: hyperref 2022-02-21 v7.00n Hypertext links for LaTeX
(/Users/owenpetchey/Library/TinyTeX/texmf-dist/tex/generic/ltxcmds/ltxcmds.sty
Package: ltxcmds 2020-05-10 v1.25 LaTeX kernel commands for general use (HO)
)
(/Users/owenpetchey/Library/TinyTeX/texmf-dist/tex/generic/pdftexcmds/pdftexcmd
s.sty
Package: pdftexcmds 2020-06-27 v0.33 Utility functions of pdfTeX for LuaTeX (HO
)

(/Users/owenpetchey/Library/TinyTeX/texmf-dist/tex/generic/infwarerr/infwarerr.
sty
Package: infwarerr 2019/12/03 v1.5 Providing info/warning/error messages (HO)
)
Package pdftexcmds Info: \pdf@primitive is available.
Package pdftexcmds Info: \pdf@ifprimitive is available.
Package pdftexcmds Info: \pdfdraftmode found.
)
(/Users/owenpetchey/Library/TinyTeX/texmf-dist/tex/generic/kvsetkeys/kvsetkeys.
sty
Package: kvsetkeys 2019/12/15 v1.18 Key value parser (HO)
)
(/Users/owenpetchey/Library/TinyTeX/texmf-dist/tex/generic/kvdefinekeys/kvdefin
ekeys.sty
Package: kvdefinekeys 2019-12-19 v1.6 Define keys (HO)
)
(/Users/owenpetchey/Library/TinyTeX/texmf-dist/tex/generic/pdfescape/pdfescape.
sty
Package: pdfescape 2019/12/09 v1.15 Implements pdfTeX's escape features (HO)
) (/Users/owenpetchey/Library/TinyTeX/texmf-dist/tex/latex/hycolor/hycolor.sty
Package: hycolor 2020-01-27 v1.10 Color options for hyperref/bookmark (HO)
)
(/Users/owenpetchey/Library/TinyTeX/texmf-dist/tex/latex/letltxmacro/letltxmacr
o.sty
Package: letltxmacro 2019/12/03 v1.6 Let assignment for LaTeX macros (HO)
) (/Users/owenpetchey/Library/TinyTeX/texmf-dist/tex/latex/auxhook/auxhook.sty
Package: auxhook 2019-12-17 v1.6 Hooks for auxiliary files (HO)
)
(/Users/owenpetchey/Library/TinyTeX/texmf-dist/tex/latex/kvoptions/kvoptions.st
y
Package: kvoptions 2020-10-07 v3.14 Key value format for package options (HO)
)
\@linkdim=\dimen265
\Hy@linkcounter=\count298
\Hy@pagecounter=\count299
(/Users/owenpetchey/Library/TinyTeX/texmf-dist/tex/latex/hyperref/pd1enc.def
File: pd1enc.def 2022-02-21 v7.00n Hyperref: PDFDocEncoding definition (HO)
Now handling font encoding PD1 ...
... no UTF-8 mapping file for font encoding PD1
) (/Users/owenpetchey/Library/TinyTeX/texmf-dist/tex/generic/intcalc/intcalc.st
y
Package: intcalc 2019/12/15 v1.3 Expandable calculations with integers (HO)
)
(/Users/owenpetchey/Library/TinyTeX/texmf-dist/tex/generic/etexcmds/etexcmds.st
y
Package: etexcmds 2019/12/15 v1.7 Avoid name clashes with e-TeX commands (HO)
)
\Hy@SavedSpaceFactor=\count300
(/Users/owenpetchey/Library/TinyTeX/texmf-dist/tex/latex/hyperref/puenc.def
File: puenc.def 2022-02-21 v7.00n Hyperref: PDF Unicode definition (HO)
Now handling font encoding PU ...
... no UTF-8 mapping file for font encoding PU
)
Package hyperref Info: Option `unicode' set `true' on input line 4018.
Package hyperref Info: Option `bookmarks' set `true' on input line 4018.
Package hyperref Info: Option `bookmarksopen' set `true' on input line 4018.
Package hyperref Info: Option `implicit' set `false' on input line 4018.
Package hyperref Info: Hyper figures OFF on input line 4137.
Package hyperref Info: Link nesting OFF on input line 4142.
Package hyperref Info: Hyper index ON on input line 4145.
Package hyperref Info: Plain pages OFF on input line 4152.
Package hyperref Info: Backreferencing OFF on input line 4157.
Package hyperref Info: Implicit mode OFF; no redefinition of LaTeX internals.
Package hyperref Info: Bookmarks ON on input line 4390.
\c@Hy@tempcnt=\count301
(/Users/owenpetchey/Library/TinyTeX/texmf-dist/tex/latex/url/url.sty
\Urlmuskip=\muskip16
Package: url 2013/09/16  ver 3.4  Verb mode for urls, etc.
)
LaTeX Info: Redefining \url on input line 4749.
\XeTeXLinkMargin=\dimen266
(/Users/owenpetchey/Library/TinyTeX/texmf-dist/tex/generic/bitset/bitset.sty
Package: bitset 2019/12/09 v1.3 Handle bit-vector datatype (HO)

(/Users/owenpetchey/Library/TinyTeX/texmf-dist/tex/generic/bigintcalc/bigintcal
c.sty
Package: bigintcalc 2019/12/15 v1.5 Expandable calculations on big integers (HO
)
))
\Fld@menulength=\count302
\Field@Width=\dimen267
\Fld@charsize=\dimen268
Package hyperref Info: Hyper figures OFF on input line 6027.
Package hyperref Info: Link nesting OFF on input line 6032.
Package hyperref Info: Hyper index ON on input line 6035.
Package hyperref Info: backreferencing OFF on input line 6042.
Package hyperref Info: Link coloring OFF on input line 6047.
Package hyperref Info: Link coloring with OCG OFF on input line 6052.
Package hyperref Info: PDF/A mode OFF on input line 6057.
LaTeX Info: Redefining \ref on input line 6097.
LaTeX Info: Redefining \pageref on input line 6101.
\Hy@abspage=\count303

Package hyperref Message: Stopped early.

)
Package hyperref Info: Driver (autodetected): hpdftex.
(/Users/owenpetchey/Library/TinyTeX/texmf-dist/tex/latex/hyperref/hpdftex.def
File: hpdftex.def 2022-02-21 v7.00n Hyperref driver for pdfTeX

(/Users/owenpetchey/Library/TinyTeX/texmf-dist/tex/latex/base/atveryend-ltx.sty
Package: atveryend-ltx 2020/08/19 v1.0a Emulation of the original atveryend pac
kage
with kernel methods
)
\Fld@listcount=\count304
\c@bookmark@seq@number=\count305

(/Users/owenpetchey/Library/TinyTeX/texmf-dist/tex/latex/rerunfilecheck/rerunfi
lecheck.sty
Package: rerunfilecheck 2019/12/05 v1.9 Rerun checks for auxiliary files (HO)

(/Users/owenpetchey/Library/TinyTeX/texmf-dist/tex/generic/uniquecounter/unique
counter.sty
Package: uniquecounter 2019/12/15 v1.4 Provide unlimited unique counter (HO)
)
Package uniquecounter Info: New unique counter `rerunfilecheck' on input line 2
86.
))
(/Users/owenpetchey/Library/TinyTeX/texmf-dist/tex/latex/beamer/beamerbaserequi
res.sty
(/Users/owenpetchey/Library/TinyTeX/texmf-dist/tex/latex/beamer/beamerbasecompa
tibility.sty)
(/Users/owenpetchey/Library/TinyTeX/texmf-dist/tex/latex/beamer/beamerbasefont.
sty (/Users/owenpetchey/Library/TinyTeX/texmf-dist/tex/latex/amsfonts/amssymb.s
ty
Package: amssymb 2013/01/14 v3.01 AMS font symbols
(/Users/owenpetchey/Library/TinyTeX/texmf-dist/tex/latex/amsfonts/amsfonts.sty
Package: amsfonts 2013/01/14 v3.01 Basic AMSFonts support
\@emptytoks=\toks28
\symAMSa=\mathgroup4
\symAMSb=\mathgroup5
LaTeX Font Info:    Redeclaring math symbol \hbar on input line 98.
LaTeX Font Info:    Overwriting math alphabet `\mathfrak' in version `bold'
(Font)                  U/euf/m/n --> U/euf/b/n on input line 106.
)))
(/Users/owenpetchey/Library/TinyTeX/texmf-dist/tex/latex/beamer/beamerbasetrans
lator.sty
(/Users/owenpetchey/Library/TinyTeX/texmf-dist/tex/latex/translator/translator.
sty
Package: translator 2021-05-31 v1.12d Easy translation of strings in LaTeX
))
(/Users/owenpetchey/Library/TinyTeX/texmf-dist/tex/latex/beamer/beamerbasemisc.
sty)
(/Users/owenpetchey/Library/TinyTeX/texmf-dist/tex/latex/beamer/beamerbasetwosc
reens.sty)
(/Users/owenpetchey/Library/TinyTeX/texmf-dist/tex/latex/beamer/beamerbaseoverl
ay.sty
\beamer@argscount=\count306
\beamer@lastskipcover=\skip50
\beamer@trivlistdepth=\count307
)
(/Users/owenpetchey/Library/TinyTeX/texmf-dist/tex/latex/beamer/beamerbasetitle
.sty)
(/Users/owenpetchey/Library/TinyTeX/texmf-dist/tex/latex/beamer/beamerbasesecti
on.sty
\c@lecture=\count308
\c@part=\count309
\c@section=\count310
\c@subsection=\count311
\c@subsubsection=\count312
)
(/Users/owenpetchey/Library/TinyTeX/texmf-dist/tex/latex/beamer/beamerbaseframe
.sty
\beamer@framebox=\box65
\beamer@frametitlebox=\box66
\beamer@zoombox=\box67
\beamer@zoomcount=\count313
\beamer@zoomframecount=\count314
\beamer@frametextheight=\dimen269
\c@subsectionslide=\count315
\beamer@frametopskip=\skip51
\beamer@framebottomskip=\skip52
\beamer@frametopskipautobreak=\skip53
\beamer@framebottomskipautobreak=\skip54
\beamer@envbody=\toks29
\framewidth=\dimen270
\c@framenumber=\count316
)
(/Users/owenpetchey/Library/TinyTeX/texmf-dist/tex/latex/beamer/beamerbaseverba
tim.sty
\beamer@verbatimfileout=\write4
)
(/Users/owenpetchey/Library/TinyTeX/texmf-dist/tex/latex/beamer/beamerbaseframe
size.sty
\beamer@splitbox=\box68
\beamer@autobreakcount=\count317
\beamer@autobreaklastheight=\dimen271
\beamer@frametitletoks=\toks30
\beamer@framesubtitletoks=\toks31
)
(/Users/owenpetchey/Library/TinyTeX/texmf-dist/tex/latex/beamer/beamerbaseframe
components.sty
\beamer@footins=\box69
)
(/Users/owenpetchey/Library/TinyTeX/texmf-dist/tex/latex/beamer/beamerbasecolor
.sty)
(/Users/owenpetchey/Library/TinyTeX/texmf-dist/tex/latex/beamer/beamerbasenotes
.sty
\beamer@frameboxcopy=\box70
)
(/Users/owenpetchey/Library/TinyTeX/texmf-dist/tex/latex/beamer/beamerbasetoc.s
ty)
(/Users/owenpetchey/Library/TinyTeX/texmf-dist/tex/latex/beamer/beamerbasetempl
ates.sty
\beamer@sbttoks=\toks32

(/Users/owenpetchey/Library/TinyTeX/texmf-dist/tex/latex/beamer/beamerbaseauxte
mplates.sty
(/Users/owenpetchey/Library/TinyTeX/texmf-dist/tex/latex/beamer/beamerbaseboxes
.sty
\bmb@box=\box71
\bmb@colorbox=\box72
\bmb@boxwidth=\dimen272
\bmb@boxheight=\dimen273
\bmb@prevheight=\dimen274
\bmb@temp=\dimen275
\bmb@dima=\dimen276
\bmb@dimb=\dimen277
\bmb@prevheight=\dimen278
)
\beamer@blockheadheight=\dimen279
))
(/Users/owenpetchey/Library/TinyTeX/texmf-dist/tex/latex/beamer/beamerbaselocal
structure.sty (/Users/owenpetchey/Library/TinyTeX/texmf-dist/tex/latex/tools/en
umerate.sty
Package: enumerate 2015/07/23 v3.00 enumerate extensions (DPC)
\@enLab=\toks33
)
\beamer@bibiconwidth=\skip55
\c@figure=\count318
\c@table=\count319
\abovecaptionskip=\skip56
\belowcaptionskip=\skip57
)
(/Users/owenpetchey/Library/TinyTeX/texmf-dist/tex/latex/beamer/beamerbasenavig
ation.sty
\beamer@section@min@dim=\dimen280
)
(/Users/owenpetchey/Library/TinyTeX/texmf-dist/tex/latex/beamer/beamerbasetheor
ems.sty (/Users/owenpetchey/Library/TinyTeX/texmf-dist/tex/latex/amsmath/amsmat
h.sty
Package: amsmath 2021/10/15 v2.17l AMS math features
\@mathmargin=\skip58
For additional information on amsmath, use the `?' option.
(/Users/owenpetchey/Library/TinyTeX/texmf-dist/tex/latex/amsmath/amstext.sty
Package: amstext 2021/08/26 v2.01 AMS text
(/Users/owenpetchey/Library/TinyTeX/texmf-dist/tex/latex/amsmath/amsgen.sty
File: amsgen.sty 1999/11/30 v2.0 generic functions
\@emptytoks=\toks34
\ex@=\dimen281
)) (/Users/owenpetchey/Library/TinyTeX/texmf-dist/tex/latex/amsmath/amsbsy.sty
Package: amsbsy 1999/11/29 v1.2d Bold Symbols
\pmbraise@=\dimen282
) (/Users/owenpetchey/Library/TinyTeX/texmf-dist/tex/latex/amsmath/amsopn.sty
Package: amsopn 2021/08/26 v2.02 operator names
)
\inf@bad=\count320
LaTeX Info: Redefining \frac on input line 234.
\uproot@=\count321
\leftroot@=\count322
LaTeX Info: Redefining \overline on input line 399.
\classnum@=\count323
\DOTSCASE@=\count324
LaTeX Info: Redefining \ldots on input line 496.
LaTeX Info: Redefining \dots on input line 499.
LaTeX Info: Redefining \cdots on input line 620.
\Mathstrutbox@=\box73
\strutbox@=\box74
\big@size=\dimen283
LaTeX Font Info:    Redeclaring font encoding OML on input line 743.
LaTeX Font Info:    Redeclaring font encoding OMS on input line 744.
\macc@depth=\count325
\c@MaxMatrixCols=\count326
\dotsspace@=\muskip17
\c@parentequation=\count327
\dspbrk@lvl=\count328
\tag@help=\toks35
\row@=\count329
\column@=\count330
\maxfields@=\count331
\andhelp@=\toks36
\eqnshift@=\dimen284
\alignsep@=\dimen285
\tagshift@=\dimen286
\tagwidth@=\dimen287
\totwidth@=\dimen288
\lineht@=\dimen289
\@envbody=\toks37
\multlinegap=\skip59
\multlinetaggap=\skip60
\mathdisplay@stack=\toks38
LaTeX Info: Redefining \[ on input line 2938.
LaTeX Info: Redefining \] on input line 2939.
) (/Users/owenpetchey/Library/TinyTeX/texmf-dist/tex/latex/amscls/amsthm.sty
Package: amsthm 2020/05/29 v2.20.6
\thm@style=\toks39
\thm@bodyfont=\toks40
\thm@headfont=\toks41
\thm@notefont=\toks42
\thm@headpunct=\toks43
\thm@preskip=\skip61
\thm@postskip=\skip62
\thm@headsep=\skip63
\dth@everypar=\toks44
)
\c@theorem=\count332
)
(/Users/owenpetchey/Library/TinyTeX/texmf-dist/tex/latex/beamer/beamerbasetheme
s.sty))
(/Users/owenpetchey/Library/TinyTeX/texmf-dist/tex/latex/beamer/beamerthemedefa
ult.sty
(/Users/owenpetchey/Library/TinyTeX/texmf-dist/tex/latex/beamer/beamerfonttheme
default.sty)
(/Users/owenpetchey/Library/TinyTeX/texmf-dist/tex/latex/beamer/beamercolorthem
edefault.sty)
(/Users/owenpetchey/Library/TinyTeX/texmf-dist/tex/latex/beamer/beamerinnerthem
edefault.sty
\beamer@dima=\dimen290
\beamer@dimb=\dimen291
)
(/Users/owenpetchey/Library/TinyTeX/texmf-dist/tex/latex/beamer/beamerouterthem
edefault.sty)))
(/Users/owenpetchey/Library/TinyTeX/texmf-dist/tex/latex/pgf/utilities/pgfpages
.sty
Package: pgfpages 2011/01/05 ver 0.02
(/Users/owenpetchey/Library/TinyTeX/texmf-dist/tex/latex/tools/calc.sty
Package: calc 2017/05/25 v4.3 Infix arithmetic (KKT,FJ)
\calc@Acount=\count333
\calc@Bcount=\count334
\calc@Adimen=\dimen292
\calc@Bdimen=\dimen293
\calc@Askip=\skip64
\calc@Bskip=\skip65
LaTeX Info: Redefining \setlength on input line 80.
LaTeX Info: Redefining \addtolength on input line 81.
\calc@Ccount=\count335
\calc@Cskip=\skip66
)
\pgf@logicalpages=\count336
\pgf@firstshipout=\count337
\pgf@lastshipout=\count338
\pgf@currentshipout=\count339
\pgf@cpn=\count340
\pgf@shipoutnextto=\count341
\pgfphysicalheight=\dimen294
\pgfphysicalwidth=\dimen295
\pgfpages@shipoutbox=\box75
) (/Users/owenpetchey/Library/TinyTeX/texmf-dist/tex/latex/lm/lmodern.sty
Package: lmodern 2015/05/01 v1.6.1 Latin Modern Fonts
LaTeX Font Info:    Overwriting symbol font `operators' in version `normal'
(Font)                  OT1/cmr/m/n --> OT1/lmr/m/n on input line 22.
LaTeX Font Info:    Overwriting symbol font `letters' in version `normal'
(Font)                  OML/cmm/m/it --> OML/lmm/m/it on input line 23.
LaTeX Font Info:    Overwriting symbol font `symbols' in version `normal'
(Font)                  OMS/cmsy/m/n --> OMS/lmsy/m/n on input line 24.
LaTeX Font Info:    Overwriting symbol font `largesymbols' in version `normal'
(Font)                  OMX/cmex/m/n --> OMX/lmex/m/n on input line 25.
LaTeX Font Info:    Overwriting symbol font `operators' in version `bold'
(Font)                  OT1/cmr/bx/n --> OT1/lmr/bx/n on input line 26.
LaTeX Font Info:    Overwriting symbol font `letters' in version `bold'
(Font)                  OML/cmm/b/it --> OML/lmm/b/it on input line 27.
LaTeX Font Info:    Overwriting symbol font `symbols' in version `bold'
(Font)                  OMS/cmsy/b/n --> OMS/lmsy/b/n on input line 28.
LaTeX Font Info:    Overwriting symbol font `largesymbols' in version `bold'
(Font)                  OMX/cmex/m/n --> OMX/lmex/m/n on input line 29.
LaTeX Font Info:    Overwriting math alphabet `\mathbf' in version `normal'
(Font)                  OT1/cmr/bx/n --> OT1/lmr/bx/n on input line 31.
LaTeX Font Info:    Overwriting math alphabet `\mathsf' in version `normal'
(Font)                  OT1/cmss/m/n --> OT1/lmss/m/n on input line 32.
LaTeX Font Info:    Overwriting math alphabet `\mathit' in version `normal'
(Font)                  OT1/cmr/m/it --> OT1/lmr/m/it on input line 33.
LaTeX Font Info:    Overwriting math alphabet `\mathtt' in version `normal'
(Font)                  OT1/cmtt/m/n --> OT1/lmtt/m/n on input line 34.
LaTeX Font Info:    Overwriting math alphabet `\mathbf' in version `bold'
(Font)                  OT1/cmr/bx/n --> OT1/lmr/bx/n on input line 35.
LaTeX Font Info:    Overwriting math alphabet `\mathsf' in version `bold'
(Font)                  OT1/cmss/bx/n --> OT1/lmss/bx/n on input line 36.
LaTeX Font Info:    Overwriting math alphabet `\mathit' in version `bold'
(Font)                  OT1/cmr/bx/it --> OT1/lmr/bx/it on input line 37.
LaTeX Font Info:    Overwriting math alphabet `\mathtt' in version `bold'
(Font)                  OT1/cmtt/m/n --> OT1/lmtt/m/n on input line 38.
) (/Users/owenpetchey/Library/TinyTeX/texmf-dist/tex/generic/iftex/ifxetex.sty
Package: ifxetex 2019/10/25 v0.7 ifxetex legacy package. Use iftex instead.
) (/Users/owenpetchey/Library/TinyTeX/texmf-dist/tex/generic/iftex/ifluatex.sty
Package: ifluatex 2019/10/25 v1.5 ifluatex legacy package. Use iftex instead.
) (/Users/owenpetchey/Library/TinyTeX/texmf-dist/tex/latex/base/fontenc.sty
Package: fontenc 2021/04/29 v2.0v Standard LaTeX package
LaTeX Font Info:    Trying to load font information for T1+lmss on input line 1
12.
(/Users/owenpetchey/Library/TinyTeX/texmf-dist/tex/latex/lm/t1lmss.fd
File: t1lmss.fd 2015/05/01 v1.6.1 Font defs for Latin Modern
)) (/Users/owenpetchey/Library/TinyTeX/texmf-dist/tex/latex/base/inputenc.sty
Package: inputenc 2021/02/14 v1.3d Input encoding file
\inpenc@prehook=\toks45
\inpenc@posthook=\toks46
) (/Users/owenpetchey/Library/TinyTeX/texmf-dist/tex/latex/base/textcomp.sty
Package: textcomp 2020/02/02 v2.0n Standard LaTeX package
)
(/Users/owenpetchey/Library/TinyTeX/texmf-dist/tex/latex/microtype/microtype.st
y
Package: microtype 2022/03/14 v3.0d Micro-typographical refinements (RS)
\MT@toks=\toks47
\MT@tempbox=\box76
\MT@count=\count342
LaTeX Info: Redefining \noprotrusionifhmode on input line 1027.
LaTeX Info: Redefining \leftprotrusion on input line 1028.
LaTeX Info: Redefining \rightprotrusion on input line 1036.
LaTeX Info: Redefining \textls on input line 1195.
\MT@outer@kern=\dimen296
LaTeX Info: Redefining \textmicrotypecontext on input line 1781.
\MT@listname@count=\count343

(/Users/owenpetchey/Library/TinyTeX/texmf-dist/tex/latex/microtype/microtype-pd
ftex.def
File: microtype-pdftex.def 2022/03/14 v3.0d Definitions specific to pdftex (RS)

LaTeX Info: Redefining \lsstyle on input line 900.
LaTeX Info: Redefining \lslig on input line 900.
\MT@outer@space=\skip67
)
Package microtype Info: Loading configuration file microtype.cfg.

(/Users/owenpetchey/Library/TinyTeX/texmf-dist/tex/latex/microtype/microtype.cf
g
File: microtype.cfg 2022/03/14 v3.0d microtype main configuration file (RS)
)) (/Users/owenpetchey/Library/TinyTeX/texmf-dist/tex/latex/fancyvrb/fancyvrb.s
ty
Package: fancyvrb 2021/12/21 4.1b verbatim text (tvz,hv)
\FV@CodeLineNo=\count344
\FV@InFile=\read3
\FV@TabBox=\box77
\c@FancyVerbLine=\count345
\FV@StepNumber=\count346
\FV@OutFile=\write5
) (/Users/owenpetchey/Library/TinyTeX/texmf-dist/tex/latex/framed/framed.sty
Package: framed 2011/10/22 v 0.96: framed or shaded text with page breaks
\OuterFrameSep=\skip68
\fb@frw=\dimen297
\fb@frh=\dimen298
\FrameRule=\dimen299
\FrameSep=\dimen300
) (/Users/owenpetchey/Library/TinyTeX/texmf-dist/tex/latex/tools/multicol.sty
Package: multicol 2021/10/28 v1.9b multicolumn formatting (FMi)
\c@tracingmulticols=\count347
\mult@box=\box78
\multicol@leftmargin=\dimen301
\c@unbalance=\count348
\c@collectmore=\count349
\doublecol@number=\count350
\multicoltolerance=\count351
\multicolpretolerance=\count352
\full@width=\dimen302
\page@free=\dimen303
\premulticols=\dimen304
\postmulticols=\dimen305
\multicolsep=\skip69
\multicolbaselineskip=\skip70
\partial@page=\box79
\last@line=\box80
\maxbalancingoverflow=\dimen306
\mult@rightbox=\box81
\mult@grightbox=\box82
\mult@firstbox=\box83
\mult@gfirstbox=\box84
\@tempa=\box85
\@tempa=\box86
\@tempa=\box87
\@tempa=\box88
\@tempa=\box89
\@tempa=\box90
\@tempa=\box91
\@tempa=\box92
\@tempa=\box93
\@tempa=\box94
\@tempa=\box95
\@tempa=\box96
\@tempa=\box97
\@tempa=\box98
\@tempa=\box99
\@tempa=\box100
\@tempa=\box101
\@tempa=\box102
\@tempa=\box103
\@tempa=\box104
\@tempa=\box105
\@tempa=\box106
\@tempa=\box107
\@tempa=\box108
\@tempa=\box109
\@tempa=\box110
\@tempa=\box111
\@tempa=\box112
\@tempa=\box113
\@tempa=\box114
\@tempa=\box115
\@tempa=\box116
\@tempa=\box117
\@tempa=\box118
\@tempa=\box119
\@tempa=\box120
\c@minrows=\count353
\c@columnbadness=\count354
\c@finalcolumnbadness=\count355
\last@try=\dimen307
\multicolovershoot=\dimen308
\multicolundershoot=\dimen309
\mult@nat@firstbox=\box121
\colbreak@box=\box122
\mc@col@check@num=\count356
)
(/Users/owenpetchey/Library/TinyTeX/texmf-dist/tex/latex/l3backend/l3backend-pd
ftex.def
File: l3backend-pdftex.def 2022-02-07 L3 backend support: PDF output (pdfTeX)
\l__color_backend_stack_int=\count357
\l__pdf_internal_box=\box123
) (./Bio144_lecture5.aux)
\openout1 = `Bio144_lecture5.aux'.

LaTeX Font Info:    Checking defaults for OML/cmm/m/it on input line 162.
LaTeX Font Info:    ... okay on input line 162.
LaTeX Font Info:    Checking defaults for OMS/cmsy/m/n on input line 162.
LaTeX Font Info:    ... okay on input line 162.
LaTeX Font Info:    Checking defaults for OT1/cmr/m/n on input line 162.
LaTeX Font Info:    ... okay on input line 162.
LaTeX Font Info:    Checking defaults for T1/cmr/m/n on input line 162.
LaTeX Font Info:    ... okay on input line 162.
LaTeX Font Info:    Checking defaults for TS1/cmr/m/n on input line 162.
LaTeX Font Info:    ... okay on input line 162.
LaTeX Font Info:    Checking defaults for OMX/cmex/m/n on input line 162.
LaTeX Font Info:    ... okay on input line 162.
LaTeX Font Info:    Checking defaults for U/cmr/m/n on input line 162.
LaTeX Font Info:    ... okay on input line 162.
LaTeX Font Info:    Checking defaults for PD1/pdf/m/n on input line 162.
LaTeX Font Info:    ... okay on input line 162.
LaTeX Font Info:    Checking defaults for PU/pdf/m/n on input line 162.
LaTeX Font Info:    ... okay on input line 162.
*geometry* driver: auto-detecting
*geometry* detected driver: pdftex
*geometry* verbose mode - [ preamble ] result:
* driver: pdftex
* paper: custom
* layout: <same size as paper>
* layoutoffset:(h,v)=(0.0pt,0.0pt)
* modes: includehead includefoot 
* h-part:(L,W,R)=(28.45274pt, 398.3386pt, 28.45274pt)
* v-part:(T,H,B)=(0.0pt, 256.0748pt, 0.0pt)
* \paperwidth=455.24408pt
* \paperheight=256.0748pt
* \textwidth=398.3386pt
* \textheight=227.62207pt
* \oddsidemargin=-43.81725pt
* \evensidemargin=-43.81725pt
* \topmargin=-72.26999pt
* \headheight=14.22636pt
* \headsep=0.0pt
* \topskip=11.0pt
* \footskip=14.22636pt
* \marginparwidth=4.0pt
* \marginparsep=10.0pt
* \columnsep=10.0pt
* \skip\footins=10.0pt plus 4.0pt minus 2.0pt
* \hoffset=0.0pt
* \voffset=0.0pt
* \mag=1000
* \@twocolumnfalse
* \@twosidefalse
* \@mparswitchfalse
* \@reversemarginfalse
* (1in=72.27pt=25.4mm, 1cm=28.453pt)


(/Users/owenpetchey/Library/TinyTeX/texmf-dist/tex/latex/epstopdf-pkg/epstopdf-
base.sty
Package: epstopdf-base 2020-01-24 v2.11 Base part for package epstopdf
Package epstopdf-base Info: Redefining graphics rule for `.eps' on input line 4
85.

(/Users/owenpetchey/Library/TinyTeX/texmf-dist/tex/latex/latexconfig/epstopdf-s
ys.cfg
File: epstopdf-sys.cfg 2010/07/13 v1.3 Configuration of (r)epstopdf for TeX Liv
e
))
Package hyperref Info: Link coloring OFF on input line 162.
(/Users/owenpetchey/Library/TinyTeX/texmf-dist/tex/latex/hyperref/nameref.sty
Package: nameref 2021-04-02 v2.47 Cross-referencing by name of section
(/Users/owenpetchey/Library/TinyTeX/texmf-dist/tex/latex/refcount/refcount.sty
Package: refcount 2019/12/15 v3.6 Data extraction from label references (HO)
)
(/Users/owenpetchey/Library/TinyTeX/texmf-dist/tex/generic/gettitlestring/getti
tlestring.sty
Package: gettitlestring 2019/12/15 v1.6 Cleanup title references (HO)
)
\c@section@level=\count358
)
LaTeX Info: Redefining \ref on input line 162.
LaTeX Info: Redefining \pageref on input line 162.
LaTeX Info: Redefining \nameref on input line 162.
(./Bio144_lecture5.out) (./Bio144_lecture5.out)
\@outlinefile=\write6
\openout6 = `Bio144_lecture5.out'.

LaTeX Font Info:    Overwriting symbol font `operators' in version `normal'
(Font)                  OT1/lmr/m/n --> OT1/cmss/m/n on input line 162.
LaTeX Font Info:    Overwriting symbol font `operators' in version `bold'
(Font)                  OT1/lmr/bx/n --> OT1/cmss/b/n on input line 162.
LaTeX Font Info:    Overwriting symbol font `operators' in version `normal'
(Font)                  OT1/cmss/m/n --> OT1/lmss/m/n on input line 162.
LaTeX Font Info:    Overwriting symbol font `operators' in version `bold'
(Font)                  OT1/cmss/b/n --> OT1/lmss/b/n on input line 162.
\symnumbers=\mathgroup6
\sympureletters=\mathgroup7
LaTeX Font Info:    Overwriting math alphabet `\mathrm' in version `normal'
(Font)                  OT1/lmss/m/n --> T1/lmr/m/n on input line 162.
LaTeX Font Info:    Redeclaring math alphabet \mathbf on input line 162.
LaTeX Font Info:    Overwriting math alphabet `\mathbf' in version `normal'
(Font)                  OT1/lmr/bx/n --> T1/lmss/b/n on input line 162.
LaTeX Font Info:    Overwriting math alphabet `\mathbf' in version `bold'
(Font)                  OT1/lmr/bx/n --> T1/lmss/b/n on input line 162.
LaTeX Font Info:    Redeclaring math alphabet \mathsf on input line 162.
LaTeX Font Info:    Overwriting math alphabet `\mathsf' in version `normal'
(Font)                  OT1/lmss/m/n --> T1/lmss/m/n on input line 162.
LaTeX Font Info:    Overwriting math alphabet `\mathsf' in version `bold'
(Font)                  OT1/lmss/bx/n --> T1/lmss/m/n on input line 162.
LaTeX Font Info:    Redeclaring math alphabet \mathit on input line 162.
LaTeX Font Info:    Overwriting math alphabet `\mathit' in version `normal'
(Font)                  OT1/lmr/m/it --> T1/lmss/m/it on input line 162.
LaTeX Font Info:    Overwriting math alphabet `\mathit' in version `bold'
(Font)                  OT1/lmr/bx/it --> T1/lmss/m/it on input line 162.
LaTeX Font Info:    Redeclaring math alphabet \mathtt on input line 162.
LaTeX Font Info:    Overwriting math alphabet `\mathtt' in version `normal'
(Font)                  OT1/lmtt/m/n --> T1/lmtt/m/n on input line 162.
LaTeX Font Info:    Overwriting math alphabet `\mathtt' in version `bold'
(Font)                  OT1/lmtt/m/n --> T1/lmtt/m/n on input line 162.
LaTeX Font Info:    Overwriting symbol font `numbers' in version `bold'
(Font)                  T1/lmss/m/n --> T1/lmss/b/n on input line 162.
LaTeX Font Info:    Overwriting symbol font `pureletters' in version `bold'
(Font)                  T1/lmss/m/it --> T1/lmss/b/it on input line 162.
LaTeX Font Info:    Overwriting math alphabet `\mathrm' in version `bold'
(Font)                  OT1/lmss/b/n --> T1/lmr/b/n on input line 162.
LaTeX Font Info:    Overwriting math alphabet `\mathbf' in version `bold'
(Font)                  T1/lmss/b/n --> T1/lmss/b/n on input line 162.
LaTeX Font Info:    Overwriting math alphabet `\mathsf' in version `bold'
(Font)                  T1/lmss/m/n --> T1/lmss/b/n on input line 162.
LaTeX Font Info:    Overwriting math alphabet `\mathit' in version `bold'
(Font)                  T1/lmss/m/it --> T1/lmss/b/it on input line 162.
LaTeX Font Info:    Overwriting math alphabet `\mathtt' in version `bold'
(Font)                  T1/lmtt/m/n --> T1/lmtt/b/n on input line 162.

(/Users/owenpetchey/Library/TinyTeX/texmf-dist/tex/latex/translator/translator-
basic-dictionary-English.dict
Dictionary: translator-basic-dictionary, Language: English 
)
(/Users/owenpetchey/Library/TinyTeX/texmf-dist/tex/latex/translator/translator-
bibliography-dictionary-English.dict
Dictionary: translator-bibliography-dictionary, Language: English 
)
(/Users/owenpetchey/Library/TinyTeX/texmf-dist/tex/latex/translator/translator-
environment-dictionary-English.dict
Dictionary: translator-environment-dictionary, Language: English 
)
(/Users/owenpetchey/Library/TinyTeX/texmf-dist/tex/latex/translator/translator-
months-dictionary-English.dict
Dictionary: translator-months-dictionary, Language: English 
)
(/Users/owenpetchey/Library/TinyTeX/texmf-dist/tex/latex/translator/translator-
numbers-dictionary-English.dict
Dictionary: translator-numbers-dictionary, Language: English 
)
(/Users/owenpetchey/Library/TinyTeX/texmf-dist/tex/latex/translator/translator-
theorem-dictionary-English.dict
Dictionary: translator-theorem-dictionary, Language: English 
)
LaTeX Info: Redefining \microtypecontext on input line 162.
Package microtype Info: Applying patch `item' on input line 162.
Package microtype Info: Applying patch `toc' on input line 162.
Package microtype Info: Applying patch `eqnum' on input line 162.

Package microtype Warning: Unable to apply patch `footnote' on input line 162.

Package microtype Info: Generating PDF output.
Package microtype Info: Character protrusion enabled (level 2).
Package microtype Info: Using protrusion set `basicmath'.
Package microtype Info: Automatic font expansion enabled (level 2),
(microtype)             stretch: 20, shrink: 20, step: 1, non-selected.
Package microtype Info: Using default expansion set `alltext-nott'.
LaTeX Info: Redefining \showhyphens on input line 162.
Package microtype Info: No adjustment of tracking.
Package microtype Info: No adjustment of interword spacing.
Package microtype Info: No adjustment of character kerning.
Package microtype Info: Loading generic protrusion settings for font family
(microtype)             `lmss' (encoding: T1).
(microtype)             For optimal results, create family-specific settings.
(microtype)             See the microtype manual for details.
(./Bio144_lecture5.nav)
Overfull \hbox (30.29076pt too wide) in paragraph at lines 162--162
[][][][]  
 []

<images/BIO144_logo.jpeg, id=14, 820.06375pt x 192.72pt>
File: images/BIO144_logo.jpeg Graphic file (type jpg)
<use images/BIO144_logo.jpeg>
Package pdftex.def Info: images/BIO144_logo.jpeg  used on input line 162.
(pdftex.def)             Requested size: 71.13188pt x 16.71474pt.
File: images/BIO144_logo.jpeg Graphic file (type jpg)
<use images/BIO144_logo.jpeg>
Package pdftex.def Info: images/BIO144_logo.jpeg  used on input line 163.
(pdftex.def)             Requested size: 71.13188pt x 16.71474pt.

Overfull \hbox (30.29076pt too wide) has occurred while \output is active
[][][][]  
 []

[1

{/Users/owenpetchey/Library/TinyTeX/texmf-var/fonts/map/pdftex/updmap/pdftex.ma
p} <./images/BIO144_logo.jpeg>]
LaTeX Font Info:    Trying to load font information for OT1+lmss on input line 
178.
(/Users/owenpetchey/Library/TinyTeX/texmf-dist/tex/latex/lm/ot1lmss.fd
File: ot1lmss.fd 2015/05/01 v1.6.1 Font defs for Latin Modern
)
Package microtype Info: Loading generic protrusion settings for font family
(microtype)             `lmss' (encoding: OT1).
(microtype)             For optimal results, create family-specific settings.
(microtype)             See the microtype manual for details.
LaTeX Font Info:    Trying to load font information for OML+lmm on input line 1
78.
(/Users/owenpetchey/Library/TinyTeX/texmf-dist/tex/latex/lm/omllmm.fd
File: omllmm.fd 2015/05/01 v1.6.1 Font defs for Latin Modern
)
LaTeX Font Info:    Trying to load font information for OMS+lmsy on input line 
178.
(/Users/owenpetchey/Library/TinyTeX/texmf-dist/tex/latex/lm/omslmsy.fd
File: omslmsy.fd 2015/05/01 v1.6.1 Font defs for Latin Modern
)
LaTeX Font Info:    Trying to load font information for OMX+lmex on input line 
178.
(/Users/owenpetchey/Library/TinyTeX/texmf-dist/tex/latex/lm/omxlmex.fd
File: omxlmex.fd 2015/05/01 v1.6.1 Font defs for Latin Modern
)
LaTeX Font Info:    External font `lmex10' loaded for size
(Font)              <10.95> on input line 178.
LaTeX Font Info:    External font `lmex10' loaded for size
(Font)              <8> on input line 178.
LaTeX Font Info:    External font `lmex10' loaded for size
(Font)              <6> on input line 178.
LaTeX Font Info:    Trying to load font information for U+msa on input line 178
.
(/Users/owenpetchey/Library/TinyTeX/texmf-dist/tex/latex/amsfonts/umsa.fd
File: umsa.fd 2013/01/14 v3.01 AMS symbols A
) (/Users/owenpetchey/Library/TinyTeX/texmf-dist/tex/latex/microtype/mt-msa.cfg
File: mt-msa.cfg 2006/02/04 v1.1 microtype config. file: AMS symbols (a) (RS)
)
LaTeX Font Info:    Trying to load font information for U+msb on input line 178
.
(/Users/owenpetchey/Library/TinyTeX/texmf-dist/tex/latex/amsfonts/umsb.fd
File: umsb.fd 2013/01/14 v3.01 AMS symbols B
) (/Users/owenpetchey/Library/TinyTeX/texmf-dist/tex/latex/microtype/mt-msb.cfg
File: mt-msb.cfg 2005/06/01 v1.0 microtype config. file: AMS symbols (b) (RS)
)
LaTeX Font Info:    Font shape `T1/lmss/m/it' in size <10.95> not available
(Font)              Font shape `T1/lmss/m/sl' tried instead on input line 178.
LaTeX Font Info:    Font shape `T1/lmss/m/it' in size <8> not available
(Font)              Font shape `T1/lmss/m/sl' tried instead on input line 178.
LaTeX Font Info:    Font shape `T1/lmss/m/it' in size <6> not available
(Font)              Font shape `T1/lmss/m/sl' tried instead on input line 178.
File: images/BIO144_logo.jpeg Graphic file (type jpg)
<use images/BIO144_logo.jpeg>
Package pdftex.def Info: images/BIO144_logo.jpeg  used on input line 178.
(pdftex.def)             Requested size: 71.13188pt x 16.71474pt.

Overfull \hbox (30.29076pt too wide) has occurred while \output is active
[][][][]  
 []

[2

]
File: images/BIO144_logo.jpeg Graphic file (type jpg)
<use images/BIO144_logo.jpeg>
Package pdftex.def Info: images/BIO144_logo.jpeg  used on input line 189.
(pdftex.def)             Requested size: 71.13188pt x 16.71474pt.

Overfull \hbox (30.29076pt too wide) has occurred while \output is active
[][][][]  
 []

[3

]
File: images/BIO144_logo.jpeg Graphic file (type jpg)
<use images/BIO144_logo.jpeg>
Package pdftex.def Info: images/BIO144_logo.jpeg  used on input line 212.
(pdftex.def)             Requested size: 71.13188pt x 16.71474pt.

Overfull \hbox (30.29076pt too wide) has occurred while \output is active
[][][][]  
 []

[4

]
Underfull \hbox (badness 10000) in paragraph at lines 237--237

 []


Overfull \hbox (5.99998pt too wide) in paragraph at lines 237--237
[][][][][][][]  
 []

File: images/BIO144_logo.jpeg Graphic file (type jpg)
<use images/BIO144_logo.jpeg>
Package pdftex.def Info: images/BIO144_logo.jpeg  used on input line 237.
(pdftex.def)             Requested size: 71.13188pt x 16.71474pt.

Overfull \hbox (30.29076pt too wide) has occurred while \output is active
[][][][]  
 []

[5

]
File: images/BIO144_logo.jpeg Graphic file (type jpg)
<use images/BIO144_logo.jpeg>
Package pdftex.def Info: images/BIO144_logo.jpeg  used on input line 241.
(pdftex.def)             Requested size: 71.13188pt x 16.71474pt.

Overfull \hbox (30.29076pt too wide) has occurred while \output is active
[][][][]  
 []

[6

]
Overfull \hbox (5.99998pt too wide) in paragraph at lines 267--267
[][][][][][][]  
 []

File: images/BIO144_logo.jpeg Graphic file (type jpg)
<use images/BIO144_logo.jpeg>
Package pdftex.def Info: images/BIO144_logo.jpeg  used on input line 267.
(pdftex.def)             Requested size: 71.13188pt x 16.71474pt.

Overfull \hbox (30.29076pt too wide) has occurred while \output is active
[][][][]  
 []

[7

]
<Bio144_lecture5_files/figure-beamer/unnamed-chunk-2-1.pdf, id=78, 433.62pt x 4
33.62pt>
File: Bio144_lecture5_files/figure-beamer/unnamed-chunk-2-1.pdf Graphic file (t
ype pdf)
<use Bio144_lecture5_files/figure-beamer/unnamed-chunk-2-1.pdf>
Package pdftex.def Info: Bio144_lecture5_files/figure-beamer/unnamed-chunk-2-1.
pdf  used on input line 280.
(pdftex.def)             Requested size: 170.71652pt x 170.71892pt.
File: images/BIO144_logo.jpeg Graphic file (type jpg)
<use images/BIO144_logo.jpeg>
Package pdftex.def Info: images/BIO144_logo.jpeg  used on input line 280.
(pdftex.def)             Requested size: 71.13188pt x 16.71474pt.

Overfull \hbox (30.29076pt too wide) has occurred while \output is active
[][][][]  
 []

[8

 <./Bio144_lecture5_files/figure-beamer/unnamed-chunk-2-1.pdf>]
LaTeX Font Info:    External font `lmex10' loaded for size
(Font)              <9> on input line 317.
LaTeX Font Info:    External font `lmex10' loaded for size
(Font)              <5> on input line 317.
LaTeX Font Info:    Font shape `T1/lmss/m/it' in size <9> not available
(Font)              Font shape `T1/lmss/m/sl' tried instead on input line 317.
LaTeX Font Info:    Font shape `T1/lmss/m/it' in size <5> not available
(Font)              Font shape `T1/lmss/m/sl' tried instead on input line 317.
LaTeX Font Info:    External font `lmex10' loaded for size
(Font)              <10> on input line 317.
LaTeX Font Info:    External font `lmex10' loaded for size
(Font)              <7> on input line 317.
LaTeX Font Info:    Font shape `T1/lmss/m/it' in size <10> not available
(Font)              Font shape `T1/lmss/m/sl' tried instead on input line 317.
LaTeX Font Info:    Font shape `T1/lmss/m/it' in size <7> not available
(Font)              Font shape `T1/lmss/m/sl' tried instead on input line 317.

Overfull \hbox (5.99998pt too wide) in paragraph at lines 317--317
[][][][][][][]  
 []

File: images/BIO144_logo.jpeg Graphic file (type jpg)
<use images/BIO144_logo.jpeg>
Package pdftex.def Info: images/BIO144_logo.jpeg  used on input line 317.
(pdftex.def)             Requested size: 71.13188pt x 16.71474pt.

Overfull \hbox (30.29076pt too wide) has occurred while \output is active
[][][][]  
 []

[9

]
Overfull \hbox (5.99998pt too wide) in paragraph at lines 348--348
[][][][][][][]  
 []

File: images/BIO144_logo.jpeg Graphic file (type jpg)
<use images/BIO144_logo.jpeg>
Package pdftex.def Info: images/BIO144_logo.jpeg  used on input line 348.
(pdftex.def)             Requested size: 71.13188pt x 16.71474pt.

Overfull \hbox (30.29076pt too wide) has occurred while \output is active
[][][][]  
 []

[10

]
File: images/BIO144_logo.jpeg Graphic file (type jpg)
<use images/BIO144_logo.jpeg>
Package pdftex.def Info: images/BIO144_logo.jpeg  used on input line 352.
(pdftex.def)             Requested size: 71.13188pt x 16.71474pt.

Overfull \hbox (30.29076pt too wide) has occurred while \output is active
[][][][]  
 []

[11

]
Overfull \hbox (5.99998pt too wide) in paragraph at lines 383--383
[][][][][][][]  
 []

File: images/BIO144_logo.jpeg Graphic file (type jpg)
<use images/BIO144_logo.jpeg>
Package pdftex.def Info: images/BIO144_logo.jpeg  used on input line 383.
(pdftex.def)             Requested size: 71.13188pt x 16.71474pt.

Overfull \hbox (30.29076pt too wide) has occurred while \output is active
[][][][]  
 []

[12

]
File: images/BIO144_logo.jpeg Graphic file (type jpg)
<use images/BIO144_logo.jpeg>
Package pdftex.def Info: images/BIO144_logo.jpeg  used on input line 404.
(pdftex.def)             Requested size: 71.13188pt x 16.71474pt.

Overfull \hbox (30.29076pt too wide) has occurred while \output is active
[][][][]  
 []

[13

]
File: images/BIO144_logo.jpeg Graphic file (type jpg)
<use images/BIO144_logo.jpeg>
Package pdftex.def Info: images/BIO144_logo.jpeg  used on input line 415.
(pdftex.def)             Requested size: 71.13188pt x 16.71474pt.

Overfull \hbox (30.29076pt too wide) has occurred while \output is active
[][][][]  
 []

[14

]
File: images/BIO144_logo.jpeg Graphic file (type jpg)
<use images/BIO144_logo.jpeg>
Package pdftex.def Info: images/BIO144_logo.jpeg  used on input line 435.
(pdftex.def)             Requested size: 71.13188pt x 16.71474pt.

Overfull \hbox (30.29076pt too wide) has occurred while \output is active
[][][][]  
 []

[15

]
<Bio144_lecture5_files/figure-beamer/unnamed-chunk-4-1.pdf, id=145, 433.62pt x 
252.945pt>
File: Bio144_lecture5_files/figure-beamer/unnamed-chunk-4-1.pdf Graphic file (t
ype pdf)
<use Bio144_lecture5_files/figure-beamer/unnamed-chunk-4-1.pdf>
Package pdftex.def Info: Bio144_lecture5_files/figure-beamer/unnamed-chunk-4-1.
pdf  used on input line 450.
(pdftex.def)             Requested size: 184.9429pt x 107.88423pt.
<Bio144_lecture5_files/figure-beamer/unnamed-chunk-5-1.pdf, id=146, 303.1325pt 
x 208.78pt>
File: Bio144_lecture5_files/figure-beamer/unnamed-chunk-5-1.pdf Graphic file (t
ype pdf)
<use Bio144_lecture5_files/figure-beamer/unnamed-chunk-5-1.pdf>
Package pdftex.def Info: Bio144_lecture5_files/figure-beamer/unnamed-chunk-5-1.
pdf  used on input line 450.
(pdftex.def)             Requested size: 156.49014pt x 107.78252pt.

Overfull \vbox (14.47594pt too high) detected at line 450
 []

File: images/BIO144_logo.jpeg Graphic file (type jpg)
<use images/BIO144_logo.jpeg>
Package pdftex.def Info: images/BIO144_logo.jpeg  used on input line 450.
(pdftex.def)             Requested size: 71.13188pt x 16.71474pt.

Overfull \hbox (30.29076pt too wide) has occurred while \output is active
[][][][]  
 []

[16

 <./Bio144_lecture5_files/figure-beamer/unnamed-chunk-4-1.pdf> <./Bio144_lectur
e5_files/figure-beamer/unnamed-chunk-5-1.pdf>]
<Bio144_lecture5_files/figure-beamer/unnamed-chunk-6-1.pdf, id=165, 361.35pt x 
244.915pt>
File: Bio144_lecture5_files/figure-beamer/unnamed-chunk-6-1.pdf Graphic file (t
ype pdf)
<use Bio144_lecture5_files/figure-beamer/unnamed-chunk-6-1.pdf>
Package pdftex.def Info: Bio144_lecture5_files/figure-beamer/unnamed-chunk-6-1.
pdf  used on input line 465.
(pdftex.def)             Requested size: 227.62204pt x 154.27856pt.
File: images/BIO144_logo.jpeg Graphic file (type jpg)
<use images/BIO144_logo.jpeg>
Package pdftex.def Info: images/BIO144_logo.jpeg  used on input line 465.
(pdftex.def)             Requested size: 71.13188pt x 16.71474pt.

Overfull \hbox (30.29076pt too wide) has occurred while \output is active
[][][][]  
 []

[17

 <./Bio144_lecture5_files/figure-beamer/unnamed-chunk-6-1.pdf>]
\openout4 = `Bio144_lecture5.vrb'.

(./Bio144_lecture5.vrb
LaTeX Font Info:    Trying to load font information for T1+lmtt on input line 4
.
(/Users/owenpetchey/Library/TinyTeX/texmf-dist/tex/latex/lm/t1lmtt.fd
File: t1lmtt.fd 2015/05/01 v1.6.1 Font defs for Latin Modern
)
<Bio144_lecture5_files/figure-beamer/unnamed-chunk-8-1.pdf, id=178, 361.35pt x 
361.35pt>
File: Bio144_lecture5_files/figure-beamer/unnamed-chunk-8-1.pdf Graphic file (t
ype pdf)
<use Bio144_lecture5_files/figure-beamer/unnamed-chunk-8-1.pdf>
Package pdftex.def Info: Bio144_lecture5_files/figure-beamer/unnamed-chunk-8-1.
pdf  used on input line 21.
(pdftex.def)             Requested size: 170.71652pt x 170.71672pt.
)
Overfull \vbox (35.63417pt too high) detected at line 492
 []

File: images/BIO144_logo.jpeg Graphic file (type jpg)
<use images/BIO144_logo.jpeg>
Package pdftex.def Info: images/BIO144_logo.jpeg  used on input line 492.
(pdftex.def)             Requested size: 71.13188pt x 16.71474pt.

Overfull \hbox (30.29076pt too wide) has occurred while \output is active
[][][][]  
 []

[18

 <./Bio144_lecture5_files/figure-beamer/unnamed-chunk-8-1.pdf>]
Overfull \hbox (5.99998pt too wide) in paragraph at lines 527--527
[][][][][][][]  
 []

File: images/BIO144_logo.jpeg Graphic file (type jpg)
<use images/BIO144_logo.jpeg>
Package pdftex.def Info: images/BIO144_logo.jpeg  used on input line 527.
(pdftex.def)             Requested size: 71.13188pt x 16.71474pt.

Overfull \hbox (30.29076pt too wide) has occurred while \output is active
[][][][]  
 []

[19

]
Underfull \hbox (badness 10000) in paragraph at lines 546--546

 []


Overfull \hbox (5.99998pt too wide) in paragraph at lines 546--546
[][][][][][][]  
 []

File: images/BIO144_logo.jpeg Graphic file (type jpg)
<use images/BIO144_logo.jpeg>
Package pdftex.def Info: images/BIO144_logo.jpeg  used on input line 546.
(pdftex.def)             Requested size: 71.13188pt x 16.71474pt.

Overfull \hbox (30.29076pt too wide) has occurred while \output is active
[][][][]  
 []

[20

]
\openout4 = `Bio144_lecture5.vrb'.

(./Bio144_lecture5.vrb)
File: images/BIO144_logo.jpeg Graphic file (type jpg)
<use images/BIO144_logo.jpeg>
Package pdftex.def Info: images/BIO144_logo.jpeg  used on input line 560.
(pdftex.def)             Requested size: 71.13188pt x 16.71474pt.

Overfull \hbox (30.29076pt too wide) has occurred while \output is active
[][][][]  
 []

[21

]
\openout4 = `Bio144_lecture5.vrb'.

(./Bio144_lecture5.vrb)
File: images/BIO144_logo.jpeg Graphic file (type jpg)
<use images/BIO144_logo.jpeg>
Package pdftex.def Info: images/BIO144_logo.jpeg  used on input line 577.
(pdftex.def)             Requested size: 71.13188pt x 16.71474pt.

Overfull \hbox (30.29076pt too wide) has occurred while \output is active
[][][][]  
 []

[22

]
<pictures/Ftest.png, id=222, 743.77875pt x 417.56pt>
File: pictures/Ftest.png Graphic file (type png)
<use pictures/Ftest.png>
Package pdftex.def Info: pictures/Ftest.png  used on input line 584.
(pdftex.def)             Requested size: 312.9803pt x 175.71167pt.
LaTeX Font Info:    External font `lmex10' loaded for size
(Font)              <14.4> on input line 584.
LaTeX Font Info:    Font shape `T1/lmss/m/it' in size <14.4> not available
(Font)              Font shape `T1/lmss/m/sl' tried instead on input line 584.
File: images/BIO144_logo.jpeg Graphic file (type jpg)
<use images/BIO144_logo.jpeg>
Package pdftex.def Info: images/BIO144_logo.jpeg  used on input line 584.
(pdftex.def)             Requested size: 71.13188pt x 16.71474pt.

Overfull \hbox (30.29076pt too wide) has occurred while \output is active
[][][][]  
 []

[23

 <./pictures/Ftest.png>]
File: images/BIO144_logo.jpeg Graphic file (type jpg)
<use images/BIO144_logo.jpeg>
Package pdftex.def Info: images/BIO144_logo.jpeg  used on input line 588.
(pdftex.def)             Requested size: 71.13188pt x 16.71474pt.

Overfull \hbox (30.29076pt too wide) has occurred while \output is active
[][][][]  
 []

[24

]
\openout4 = `Bio144_lecture5.vrb'.

(./Bio144_lecture5.vrb)
File: images/BIO144_logo.jpeg Graphic file (type jpg)
<use images/BIO144_logo.jpeg>
Package pdftex.def Info: images/BIO144_logo.jpeg  used on input line 620.
(pdftex.def)             Requested size: 71.13188pt x 16.71474pt.

Overfull \hbox (30.29076pt too wide) has occurred while \output is active
[][][][]  
 []

[25

]
<Bio144_lecture5_files/figure-beamer/unnamed-chunk-12-1.pdf, id=248, 361.35pt x
 289.08pt>
File: Bio144_lecture5_files/figure-beamer/unnamed-chunk-12-1.pdf Graphic file (
type pdf)
<use Bio144_lecture5_files/figure-beamer/unnamed-chunk-12-1.pdf>
Package pdftex.def Info: Bio144_lecture5_files/figure-beamer/unnamed-chunk-12-1
.pdf  used on input line 628.
(pdftex.def)             Requested size: 227.62204pt x 182.0993pt.
File: images/BIO144_logo.jpeg Graphic file (type jpg)
<use images/BIO144_logo.jpeg>
Package pdftex.def Info: images/BIO144_logo.jpeg  used on input line 628.
(pdftex.def)             Requested size: 71.13188pt x 16.71474pt.

Overfull \hbox (30.29076pt too wide) has occurred while \output is active
[][][][]  
 []

[26

 <./Bio144_lecture5_files/figure-beamer/unnamed-chunk-12-1.pdf>]
File: images/BIO144_logo.jpeg Graphic file (type jpg)
<use images/BIO144_logo.jpeg>
Package pdftex.def Info: images/BIO144_logo.jpeg  used on input line 639.
(pdftex.def)             Requested size: 71.13188pt x 16.71474pt.

Overfull \hbox (30.29076pt too wide) has occurred while \output is active
[][][][]  
 []

[27

]
<Bio144_lecture5_files/figure-beamer/unnamed-chunk-13-1.pdf, id=268, 397.485pt 
x 289.08pt>
File: Bio144_lecture5_files/figure-beamer/unnamed-chunk-13-1.pdf Graphic file (
type pdf)
<use Bio144_lecture5_files/figure-beamer/unnamed-chunk-13-1.pdf>
Package pdftex.def Info: Bio144_lecture5_files/figure-beamer/unnamed-chunk-13-1
.pdf  used on input line 651.
(pdftex.def)             Requested size: 184.9429pt x 134.50902pt.
File: images/BIO144_logo.jpeg Graphic file (type jpg)
<use images/BIO144_logo.jpeg>
Package pdftex.def Info: images/BIO144_logo.jpeg  used on input line 651.
(pdftex.def)             Requested size: 71.13188pt x 16.71474pt.

Overfull \hbox (30.29076pt too wide) has occurred while \output is active
[][][][]  
 []

[28

 <./Bio144_lecture5_files/figure-beamer/unnamed-chunk-13-1.pdf>]
<Bio144_lecture5_files/figure-beamer/unnamed-chunk-14-1.pdf, id=285, 289.08pt x
 216.81pt>
File: Bio144_lecture5_files/figure-beamer/unnamed-chunk-14-1.pdf Graphic file (
type pdf)
<use Bio144_lecture5_files/figure-beamer/unnamed-chunk-14-1.pdf>
Package pdftex.def Info: Bio144_lecture5_files/figure-beamer/unnamed-chunk-14-1
.pdf  used on input line 666.
(pdftex.def)             Requested size: 184.9429pt x 138.70499pt.

Overfull \vbox (15.0919pt too high) detected at line 666
 []

File: images/BIO144_logo.jpeg Graphic file (type jpg)
<use images/BIO144_logo.jpeg>
Package pdftex.def Info: images/BIO144_logo.jpeg  used on input line 666.
(pdftex.def)             Requested size: 71.13188pt x 16.71474pt.

Overfull \hbox (30.29076pt too wide) has occurred while \output is active
[][][][]  
 []

[29

 <./Bio144_lecture5_files/figure-beamer/unnamed-chunk-14-1.pdf>]
File: images/BIO144_logo.jpeg Graphic file (type jpg)
<use images/BIO144_logo.jpeg>
Package pdftex.def Info: images/BIO144_logo.jpeg  used on input line 683.
(pdftex.def)             Requested size: 71.13188pt x 16.71474pt.

Overfull \hbox (30.29076pt too wide) has occurred while \output is active
[][][][]  
 []

[30

]
Overfull \hbox (5.99998pt too wide) in paragraph at lines 709--709
[][][][][][][]  
 []


Overfull \hbox (5.99998pt too wide) in paragraph at lines 709--709
[][][][][][][]  
 []

File: images/BIO144_logo.jpeg Graphic file (type jpg)
<use images/BIO144_logo.jpeg>
Package pdftex.def Info: images/BIO144_logo.jpeg  used on input line 709.
(pdftex.def)             Requested size: 71.13188pt x 16.71474pt.

Overfull \hbox (30.29076pt too wide) has occurred while \output is active
[][][][]  
 []

[31

]
\openout4 = `Bio144_lecture5.vrb'.

(./Bio144_lecture5.vrb)
File: images/BIO144_logo.jpeg Graphic file (type jpg)
<use images/BIO144_logo.jpeg>
Package pdftex.def Info: images/BIO144_logo.jpeg  used on input line 749.
(pdftex.def)             Requested size: 71.13188pt x 16.71474pt.

Overfull \hbox (30.29076pt too wide) has occurred while \output is active
[][][][]  
 []

[32

]
File: images/BIO144_logo.jpeg Graphic file (type jpg)
<use images/BIO144_logo.jpeg>
Package pdftex.def Info: images/BIO144_logo.jpeg  used on input line 767.
(pdftex.def)             Requested size: 71.13188pt x 16.71474pt.

Overfull \hbox (30.29076pt too wide) has occurred while \output is active
[][][][]  
 []

[33

]
\openout4 = `Bio144_lecture5.vrb'.

(./Bio144_lecture5.vrb)
File: images/BIO144_logo.jpeg Graphic file (type jpg)
<use images/BIO144_logo.jpeg>
Package pdftex.def Info: images/BIO144_logo.jpeg  used on input line 805.
(pdftex.def)             Requested size: 71.13188pt x 16.71474pt.

Overfull \hbox (30.29076pt too wide) has occurred while \output is active
[][][][]  
 []

[34

]
<Bio144_lecture5_files/figure-beamer/unnamed-chunk-18-1.pdf, id=338, 722.7pt x 
505.89pt>
File: Bio144_lecture5_files/figure-beamer/unnamed-chunk-18-1.pdf Graphic file (
type pdf)
<use Bio144_lecture5_files/figure-beamer/unnamed-chunk-18-1.pdf>
Package pdftex.def Info: Bio144_lecture5_files/figure-beamer/unnamed-chunk-18-1
.pdf  used on input line 813.
(pdftex.def)             Requested size: 241.84842pt x 169.29086pt.
File: images/BIO144_logo.jpeg Graphic file (type jpg)
<use images/BIO144_logo.jpeg>
Package pdftex.def Info: images/BIO144_logo.jpeg  used on input line 813.
(pdftex.def)             Requested size: 71.13188pt x 16.71474pt.

Overfull \hbox (30.29076pt too wide) has occurred while \output is active
[][][][]  
 []

[35

 <./Bio144_lecture5_files/figure-beamer/unnamed-chunk-18-1.pdf>]
Overfull \hbox (5.99998pt too wide) in paragraph at lines 839--839
[][][][][][][]  
 []

File: images/BIO144_logo.jpeg Graphic file (type jpg)
<use images/BIO144_logo.jpeg>
Package pdftex.def Info: images/BIO144_logo.jpeg  used on input line 839.
(pdftex.def)             Requested size: 71.13188pt x 16.71474pt.

Overfull \hbox (30.29076pt too wide) has occurred while \output is active
[][][][]  
 []

[36

]
<pictures/multiplReg.png, id=358, 746.79pt x 315.1775pt>
File: pictures/multiplReg.png Graphic file (type png)
<use pictures/multiplReg.png>
Package pdftex.def Info: pictures/multiplReg.png  used on input line 851.
(pdftex.def)             Requested size: 312.9803pt x 132.08989pt.
File: images/BIO144_logo.jpeg Graphic file (type jpg)
<use images/BIO144_logo.jpeg>
Package pdftex.def Info: images/BIO144_logo.jpeg  used on input line 851.
(pdftex.def)             Requested size: 71.13188pt x 16.71474pt.

Overfull \hbox (30.29076pt too wide) has occurred while \output is active
[][][][]  
 []

[37

 <./pictures/multiplReg.png>]
<pictures/citation.png, id=368, 745.78625pt x 50.1875pt>
File: pictures/citation.png Graphic file (type png)
<use pictures/citation.png>
Package pdftex.def Info: pictures/citation.png  used on input line 870.
(pdftex.def)             Requested size: 312.9803pt x 21.06175pt.
File: images/BIO144_logo.jpeg Graphic file (type jpg)
<use images/BIO144_logo.jpeg>
Package pdftex.def Info: images/BIO144_logo.jpeg  used on input line 870.
(pdftex.def)             Requested size: 71.13188pt x 16.71474pt.

Overfull \hbox (30.29076pt too wide) has occurred while \output is active
[][][][]  
 []

[38

 <./pictures/citation.png>]
Overfull \hbox (5.99998pt too wide) in paragraph at lines 892--892
[][][][][][][]  
 []


Overfull \hbox (5.99998pt too wide) in paragraph at lines 892--892
[][][][][][][]  
 []

File: images/BIO144_logo.jpeg Graphic file (type jpg)
<use images/BIO144_logo.jpeg>
Package pdftex.def Info: images/BIO144_logo.jpeg  used on input line 892.
(pdftex.def)             Requested size: 71.13188pt x 16.71474pt.

Overfull \hbox (30.29076pt too wide) has occurred while \output is active
[][][][]  
 []

[39

]
Overfull \hbox (5.99998pt too wide) in paragraph at lines 916--916
[][][][][][][]  
 []


Overfull \hbox (5.99998pt too wide) in paragraph at lines 916--916
[][][][][][][]  
 []

File: images/BIO144_logo.jpeg Graphic file (type jpg)
<use images/BIO144_logo.jpeg>
Package pdftex.def Info: images/BIO144_logo.jpeg  used on input line 916.
(pdftex.def)             Requested size: 71.13188pt x 16.71474pt.

Overfull \hbox (30.29076pt too wide) has occurred while \output is active
[][][][]  
 []

[40

]
File: images/BIO144_logo.jpeg Graphic file (type jpg)
<use images/BIO144_logo.jpeg>
Package pdftex.def Info: images/BIO144_logo.jpeg  used on input line 937.
(pdftex.def)             Requested size: 71.13188pt x 16.71474pt.

Overfull \hbox (30.29076pt too wide) has occurred while \output is active
[][][][]  
 []

[41

]
<Bio144_lecture5_files/figure-beamer/unnamed-chunk-20-1.pdf, id=398, 289.08pt x
 289.08pt>
File: Bio144_lecture5_files/figure-beamer/unnamed-chunk-20-1.pdf Graphic file (
type pdf)
<use Bio144_lecture5_files/figure-beamer/unnamed-chunk-20-1.pdf>
Package pdftex.def Info: Bio144_lecture5_files/figure-beamer/unnamed-chunk-20-1
.pdf  used on input line 954.
(pdftex.def)             Requested size: 113.81102pt x 113.8082pt.

Overfull \vbox (19.8284pt too high) detected at line 954
 []

File: images/BIO144_logo.jpeg Graphic file (type jpg)
<use images/BIO144_logo.jpeg>
Package pdftex.def Info: images/BIO144_logo.jpeg  used on input line 954.
(pdftex.def)             Requested size: 71.13188pt x 16.71474pt.

Overfull \hbox (30.29076pt too wide) has occurred while \output is active
[][][][]  
 []

[42

 <./Bio144_lecture5_files/figure-beamer/unnamed-chunk-20-1.pdf>]
File: images/BIO144_logo.jpeg Graphic file (type jpg)
<use images/BIO144_logo.jpeg>
Package pdftex.def Info: images/BIO144_logo.jpeg  used on input line 963.
(pdftex.def)             Requested size: 71.13188pt x 16.71474pt.

Overfull \hbox (30.29076pt too wide) has occurred while \output is active
[][][][]  
 []

[43

]
<Bio144_lecture5_files/figure-beamer/unnamed-chunk-21-1.pdf, id=420, 578.16pt x
 216.81pt>
File: Bio144_lecture5_files/figure-beamer/unnamed-chunk-21-1.pdf Graphic file (
type pdf)
<use Bio144_lecture5_files/figure-beamer/unnamed-chunk-21-1.pdf>
Package pdftex.def Info: Bio144_lecture5_files/figure-beamer/unnamed-chunk-21-1
.pdf  used on input line 982.
(pdftex.def)             Requested size: 227.62204pt x 85.35614pt.
File: images/BIO144_logo.jpeg Graphic file (type jpg)
<use images/BIO144_logo.jpeg>
Package pdftex.def Info: images/BIO144_logo.jpeg  used on input line 982.
(pdftex.def)             Requested size: 71.13188pt x 16.71474pt.

Overfull \hbox (30.29076pt too wide) has occurred while \output is active
[][][][]  
 []

[44

 <./Bio144_lecture5_files/figure-beamer/unnamed-chunk-21-1.pdf>]
<Bio144_lecture5_files/figure-beamer/unnamed-chunk-22-1.pdf, id=433, 578.16pt x
 289.08pt>
File: Bio144_lecture5_files/figure-beamer/unnamed-chunk-22-1.pdf Graphic file (
type pdf)
<use Bio144_lecture5_files/figure-beamer/unnamed-chunk-22-1.pdf>
Package pdftex.def Info: Bio144_lecture5_files/figure-beamer/unnamed-chunk-22-1
.pdf  used on input line 990.
(pdftex.def)             Requested size: 227.62204pt x 113.8082pt.
File: images/BIO144_logo.jpeg Graphic file (type jpg)
<use images/BIO144_logo.jpeg>
Package pdftex.def Info: images/BIO144_logo.jpeg  used on input line 990.
(pdftex.def)             Requested size: 71.13188pt x 16.71474pt.

Overfull \hbox (30.29076pt too wide) has occurred while \output is active
[][][][]  
 []

[45

 <./Bio144_lecture5_files/figure-beamer/unnamed-chunk-22-1.pdf>]
<Bio144_lecture5_files/figure-beamer/unnamed-chunk-23-1.pdf, id=446, 578.16pt x
 289.08pt>
File: Bio144_lecture5_files/figure-beamer/unnamed-chunk-23-1.pdf Graphic file (
type pdf)
<use Bio144_lecture5_files/figure-beamer/unnamed-chunk-23-1.pdf>
Package pdftex.def Info: Bio144_lecture5_files/figure-beamer/unnamed-chunk-23-1
.pdf  used on input line 995.
(pdftex.def)             Requested size: 227.62204pt x 113.8082pt.
File: images/BIO144_logo.jpeg Graphic file (type jpg)
<use images/BIO144_logo.jpeg>
Package pdftex.def Info: images/BIO144_logo.jpeg  used on input line 995.
(pdftex.def)             Requested size: 71.13188pt x 16.71474pt.

Overfull \hbox (30.29076pt too wide) has occurred while \output is active
[][][][]  
 []

[46

 <./Bio144_lecture5_files/figure-beamer/unnamed-chunk-23-1.pdf>]
<Bio144_lecture5_files/figure-beamer/unnamed-chunk-24-1.pdf, id=459, 578.16pt x
 289.08pt>
File: Bio144_lecture5_files/figure-beamer/unnamed-chunk-24-1.pdf Graphic file (
type pdf)
<use Bio144_lecture5_files/figure-beamer/unnamed-chunk-24-1.pdf>
Package pdftex.def Info: Bio144_lecture5_files/figure-beamer/unnamed-chunk-24-1
.pdf  used on input line 1007.
(pdftex.def)             Requested size: 142.26378pt x 71.13177pt.
File: images/BIO144_logo.jpeg Graphic file (type jpg)
<use images/BIO144_logo.jpeg>
Package pdftex.def Info: images/BIO144_logo.jpeg  used on input line 1007.
(pdftex.def)             Requested size: 71.13188pt x 16.71474pt.

Overfull \hbox (30.29076pt too wide) has occurred while \output is active
[][][][]  
 []

[47

 <./Bio144_lecture5_files/figure-beamer/unnamed-chunk-24-1.pdf>]
File: images/BIO144_logo.jpeg Graphic file (type jpg)
<use images/BIO144_logo.jpeg>
Package pdftex.def Info: images/BIO144_logo.jpeg  used on input line 1025.
(pdftex.def)             Requested size: 71.13188pt x 16.71474pt.

Overfull \hbox (30.29076pt too wide) has occurred while \output is active
[][][][]  
 []

[48

]
\openout4 = `Bio144_lecture5.vrb'.

(./Bio144_lecture5.vrb
<Bio144_lecture5_files/figure-beamer/unnamed-chunk-26-1.pdf, id=479, 397.485pt 
x 397.485pt>
File: Bio144_lecture5_files/figure-beamer/unnamed-chunk-26-1.pdf Graphic file (
type pdf)
<use Bio144_lecture5_files/figure-beamer/unnamed-chunk-26-1.pdf>
Package pdftex.def Info: Bio144_lecture5_files/figure-beamer/unnamed-chunk-26-1
.pdf  used on input line 13.
(pdftex.def)             Requested size: 170.71652pt x 170.72113pt.
)
Overfull \vbox (15.8414pt too high) detected at line 1040
 []

File: images/BIO144_logo.jpeg Graphic file (type jpg)
<use images/BIO144_logo.jpeg>
Package pdftex.def Info: images/BIO144_logo.jpeg  used on input line 1040.
(pdftex.def)             Requested size: 71.13188pt x 16.71474pt.

Overfull \hbox (30.29076pt too wide) has occurred while \output is active
[][][][]  
 []

[49

 <./Bio144_lecture5_files/figure-beamer/unnamed-chunk-26-1.pdf>]
<Bio144_lecture5_files/figure-beamer/fig10-1.pdf, id=493, 397.485pt x 397.485pt
>
File: Bio144_lecture5_files/figure-beamer/fig10-1.pdf Graphic file (type pdf)
<use Bio144_lecture5_files/figure-beamer/fig10-1.pdf>
Package pdftex.def Info: Bio144_lecture5_files/figure-beamer/fig10-1.pdf  used 
on input line 1051.
(pdftex.def)             Requested size: 170.71652pt x 170.72113pt.
File: images/BIO144_logo.jpeg Graphic file (type jpg)
<use images/BIO144_logo.jpeg>
Package pdftex.def Info: images/BIO144_logo.jpeg  used on input line 1051.
(pdftex.def)             Requested size: 71.13188pt x 16.71474pt.

Overfull \hbox (30.29076pt too wide) has occurred while \output is active
[][][][]  
 []

[50

 <./Bio144_lecture5_files/figure-beamer/fig10-1.pdf>]
Overfull \hbox (5.99998pt too wide) in paragraph at lines 1071--1071
[][][][][][][]  
 []

File: images/BIO144_logo.jpeg Graphic file (type jpg)
<use images/BIO144_logo.jpeg>
Package pdftex.def Info: images/BIO144_logo.jpeg  used on input line 1071.
(pdftex.def)             Requested size: 71.13188pt x 16.71474pt.

Overfull \hbox (30.29076pt too wide) has occurred while \output is active
[][][][]  
 []

[51

]
<Bio144_lecture5_files/figure-beamer/unnamed-chunk-29-1.pdf, id=513, 397.485pt 
x 397.485pt>
File: Bio144_lecture5_files/figure-beamer/unnamed-chunk-29-1.pdf Graphic file (
type pdf)
<use Bio144_lecture5_files/figure-beamer/unnamed-chunk-29-1.pdf>
Package pdftex.def Info: Bio144_lecture5_files/figure-beamer/unnamed-chunk-29-1
.pdf  used on input line 1079.
(pdftex.def)             Requested size: 199.16928pt x 199.17262pt.

Overfull \vbox (1.58182pt too high) detected at line 1079
 []

File: images/BIO144_logo.jpeg Graphic file (type jpg)
<use images/BIO144_logo.jpeg>
Package pdftex.def Info: images/BIO144_logo.jpeg  used on input line 1079.
(pdftex.def)             Requested size: 71.13188pt x 16.71474pt.

Overfull \hbox (30.29076pt too wide) has occurred while \output is active
[][][][]  
 []

[52

 <./Bio144_lecture5_files/figure-beamer/unnamed-chunk-29-1.pdf>]
<Bio144_lecture5_files/figure-beamer/unnamed-chunk-31-1.pdf, id=526, 361.35pt x
 361.35pt>
File: Bio144_lecture5_files/figure-beamer/unnamed-chunk-31-1.pdf Graphic file (
type pdf)
<use Bio144_lecture5_files/figure-beamer/unnamed-chunk-31-1.pdf>
Package pdftex.def Info: Bio144_lecture5_files/figure-beamer/unnamed-chunk-31-1
.pdf  used on input line 1090.
(pdftex.def)             Requested size: 170.71652pt x 170.71672pt.

Overfull \vbox (15.20776pt too high) detected at line 1090
 []

File: images/BIO144_logo.jpeg Graphic file (type jpg)
<use images/BIO144_logo.jpeg>
Package pdftex.def Info: images/BIO144_logo.jpeg  used on input line 1090.
(pdftex.def)             Requested size: 71.13188pt x 16.71474pt.

Overfull \hbox (30.29076pt too wide) has occurred while \output is active
[][][][]  
 []

[53

 <./Bio144_lecture5_files/figure-beamer/unnamed-chunk-31-1.pdf>]
\openout4 = `Bio144_lecture5.vrb'.

(./Bio144_lecture5.vrb)
File: images/BIO144_logo.jpeg Graphic file (type jpg)
<use images/BIO144_logo.jpeg>
Package pdftex.def Info: images/BIO144_logo.jpeg  used on input line 1120.
(pdftex.def)             Requested size: 71.13188pt x 16.71474pt.

Overfull \hbox (30.29076pt too wide) has occurred while \output is active
[][][][]  
 []

[54

]
File: images/BIO144_logo.jpeg Graphic file (type jpg)
<use images/BIO144_logo.jpeg>
Package pdftex.def Info: images/BIO144_logo.jpeg  used on input line 1135.
(pdftex.def)             Requested size: 71.13188pt x 16.71474pt.

Overfull \hbox (30.29076pt too wide) has occurred while \output is active
[][][][]  
 []

[55

]
\tf@nav=\write7
\openout7 = `Bio144_lecture5.nav'.

\tf@toc=\write8
\openout8 = `Bio144_lecture5.toc'.

\tf@snm=\write9
\openout9 = `Bio144_lecture5.snm'.

(./Bio144_lecture5.aux)
Package rerunfilecheck Info: File `Bio144_lecture5.out' has not changed.
(rerunfilecheck)             Checksum: D41D8CD98F00B204E9800998ECF8427E;0.
 ) 
Here is how much of TeX's memory you used:
 24753 strings out of 480236
 486894 string characters out of 5894541
 751414 words of memory out of 5000000
 41804 multiletter control sequences out of 15000+600000
 567152 words of font info for 183 fonts, out of 8000000 for 9000
 14 hyphenation exceptions out of 8191
 99i,17n,104p,1012b,450s stack positions out of 5000i,500n,10000p,200000b,80000s
{/Users/owenpetchey/Library/TinyTeX/texmf-dist/fonts/enc/dvips/lm/lm-ec.enc}{
/Users/owenpetchey/Library/TinyTeX/texmf-dist/fonts/enc/dvips/lm/lm-mathit.enc}
{/Users/owenpetchey/Library/TinyTeX/texmf-dist/fonts/enc/dvips/lm/lm-mathsy.enc
}{/Users/owenpetchey/Library/TinyTeX/texmf-dist/fonts/enc/dvips/lm/lm-mathex.en
c}{/Users/owenpetchey/Library/TinyTeX/texmf-dist/fonts/enc/dvips/lm/lm-rm.enc}<
/Users/owenpetchey/Library/TinyTeX/texmf-dist/fonts/type1/public/lm/lmex10.pfb>
</Users/owenpetchey/Library/TinyTeX/texmf-dist/fonts/type1/public/lm/lmmi10.pfb
></Users/owenpetchey/Library/TinyTeX/texmf-dist/fonts/type1/public/lm/lmmi8.pfb
></Users/owenpetchey/Library/TinyTeX/texmf-dist/fonts/type1/public/lm/lmmi9.pfb
></Users/owenpetchey/Library/TinyTeX/texmf-dist/fonts/type1/public/lm/lmss10.pf
b></Users/owenpetchey/Library/TinyTeX/texmf-dist/fonts/type1/public/lm/lmss12.p
fb></Users/owenpetchey/Library/TinyTeX/texmf-dist/fonts/type1/public/lm/lmss8.p
fb></Users/owenpetchey/Library/TinyTeX/texmf-dist/fonts/type1/public/lm/lmss9.p
fb></Users/owenpetchey/Library/TinyTeX/texmf-dist/fonts/type1/public/lm/lmssbx1
0.pfb></Users/owenpetchey/Library/TinyTeX/texmf-dist/fonts/type1/public/lm/lmss
o10.pfb></Users/owenpetchey/Library/TinyTeX/texmf-dist/fonts/type1/public/lm/lm
sso12.pfb></Users/owenpetchey/Library/TinyTeX/texmf-dist/fonts/type1/public/lm/
lmsso8.pfb></Users/owenpetchey/Library/TinyTeX/texmf-dist/fonts/type1/public/lm
/lmsso9.pfb></Users/owenpetchey/Library/TinyTeX/texmf-dist/fonts/type1/public/l
m/lmsy10.pfb></Users/owenpetchey/Library/TinyTeX/texmf-dist/fonts/type1/public/
lm/lmtt10.pfb></Users/owenpetchey/Library/TinyTeX/texmf-dist/fonts/type1/public
/lm/lmtt8.pfb></Users/owenpetchey/Library/TinyTeX/texmf-dist/fonts/type1/public
/amsfonts/symbols/msam10.pfb>
Output written on Bio144_lecture5.pdf (55 pages, 1960520 bytes).
PDF statistics:
 672 PDF objects out of 1000 (max. 8388607)
 523 compressed objects within 6 object streams
 166 named destinations out of 1000 (max. 500000)
 57497 words of extra memory for PDF output out of 61914 (max. 10000000)

