This is pdfTeX, Version 3.14159265-2.6-1.40.21 (TeX Live 2020) (preloaded format=pdflatex 2021.1.11)  11 JAN 2021 17:40
entering extended mode
 restricted \write18 enabled.
 %&-line parsing enabled.
**Bio144_lecture3.tex
(./Bio144_lecture3.tex
LaTeX2e <2020-10-01> patch level 4
L3 programming layer <2021-01-09> xparse <2020-03-03> (/Users/owenpetchey/Libra
ry/TinyTeX/texmf-dist/tex/latex/beamer/beamer.cls
Document Class: beamer 2020/11/26 v3.60 A class for typesetting presentations

(/Users/owenpetchey/Library/TinyTeX/texmf-dist/tex/latex/beamer/beamerbasemodes
.sty (/Users/owenpetchey/Library/TinyTeX/texmf-dist/tex/latex/etoolbox/etoolbox
.sty
Package: etoolbox 2020/10/05 v2.5k e-TeX tools for LaTeX (JAW)
\etb@tempcnta=\count177
)
\beamer@tempbox=\box47
\beamer@tempcount=\count178
\c@beamerpauses=\count179

(/Users/owenpetchey/Library/TinyTeX/texmf-dist/tex/latex/beamer/beamerbasedecod
e.sty
\beamer@slideinframe=\count180
\beamer@minimum=\count181
\beamer@decode@box=\box48
)
\beamer@commentbox=\box49
\beamer@modecount=\count182
) (/Users/owenpetchey/Library/TinyTeX/texmf-dist/tex/generic/iftex/ifpdf.sty
Package: ifpdf 2019/10/25 v3.4 ifpdf legacy package. Use iftex instead.
(/Users/owenpetchey/Library/TinyTeX/texmf-dist/tex/generic/iftex/iftex.sty
Package: iftex 2020/03/06 v1.0d TeX engine tests
))
\headdp=\dimen138
\footheight=\dimen139
\sidebarheight=\dimen140
\beamer@tempdim=\dimen141
\beamer@finalheight=\dimen142
\beamer@animht=\dimen143
\beamer@animdp=\dimen144
\beamer@animwd=\dimen145
\beamer@leftmargin=\dimen146
\beamer@rightmargin=\dimen147
\beamer@leftsidebar=\dimen148
\beamer@rightsidebar=\dimen149
\beamer@boxsize=\dimen150
\beamer@vboxoffset=\dimen151
\beamer@descdefault=\dimen152
\beamer@descriptionwidth=\dimen153
\beamer@lastskip=\skip47
\beamer@areabox=\box50
\beamer@animcurrent=\box51
\beamer@animshowbox=\box52
\beamer@sectionbox=\box53
\beamer@logobox=\box54
\beamer@linebox=\box55
\beamer@sectioncount=\count183
\beamer@subsubsectionmax=\count184
\beamer@subsectionmax=\count185
\beamer@sectionmax=\count186
\beamer@totalheads=\count187
\beamer@headcounter=\count188
\beamer@partstartpage=\count189
\beamer@sectionstartpage=\count190
\beamer@subsectionstartpage=\count191
\beamer@animationtempa=\count192
\beamer@animationtempb=\count193
\beamer@xpos=\count194
\beamer@ypos=\count195
\beamer@ypos@offset=\count196
\beamer@showpartnumber=\count197
\beamer@currentsubsection=\count198
\beamer@coveringdepth=\count199
\beamer@sectionadjust=\count266
\beamer@tocsectionnumber=\count267

(/Users/owenpetchey/Library/TinyTeX/texmf-dist/tex/latex/beamer/beamerbaseoptio
ns.sty (/Users/owenpetchey/Library/TinyTeX/texmf-dist/tex/latex/graphics/keyval
.sty
Package: keyval 2014/10/28 v1.15 key=value parser (DPC)
\KV@toks@=\toks15
))
\beamer@paperwidth=\skip48
\beamer@paperheight=\skip49
(/Users/owenpetchey/Library/TinyTeX/texmf-dist/tex/latex/geometry/geometry.sty
Package: geometry 2020/01/02 v5.9 Page Geometry
(/Users/owenpetchey/Library/TinyTeX/texmf-dist/tex/generic/iftex/ifvtex.sty
Package: ifvtex 2019/10/25 v1.7 ifvtex legacy package. Use iftex instead.
)
\Gm@cnth=\count268
\Gm@cntv=\count269
\c@Gm@tempcnt=\count270
\Gm@bindingoffset=\dimen154
\Gm@wd@mp=\dimen155
\Gm@odd@mp=\dimen156
\Gm@even@mp=\dimen157
\Gm@layoutwidth=\dimen158
\Gm@layoutheight=\dimen159
\Gm@layouthoffset=\dimen160
\Gm@layoutvoffset=\dimen161
\Gm@dimlist=\toks16
) (/Users/owenpetchey/Library/TinyTeX/texmf-dist/tex/latex/base/size11.clo
File: size11.clo 2020/04/10 v1.4m Standard LaTeX file (size option)
)
(/Users/owenpetchey/Library/TinyTeX/texmf-dist/tex/latex/pgf/basiclayer/pgfcore
.sty (/Users/owenpetchey/Library/TinyTeX/texmf-dist/tex/latex/graphics/graphicx
.sty
Package: graphicx 2020/09/09 v1.2b Enhanced LaTeX Graphics (DPC,SPQR)
(/Users/owenpetchey/Library/TinyTeX/texmf-dist/tex/latex/graphics/graphics.sty
Package: graphics 2020/08/30 v1.4c Standard LaTeX Graphics (DPC,SPQR)
(/Users/owenpetchey/Library/TinyTeX/texmf-dist/tex/latex/graphics/trig.sty
Package: trig 2016/01/03 v1.10 sin cos tan (DPC)
)
(/Users/owenpetchey/Library/TinyTeX/texmf-dist/tex/latex/graphics-cfg/graphics.
cfg
File: graphics.cfg 2016/06/04 v1.11 sample graphics configuration
)
Package graphics Info: Driver file: pdftex.def on input line 105.

(/Users/owenpetchey/Library/TinyTeX/texmf-dist/tex/latex/graphics-def/pdftex.de
f
File: pdftex.def 2020/10/05 v1.2a Graphics/color driver for pdftex
))
\Gin@req@height=\dimen162
\Gin@req@width=\dimen163
)
(/Users/owenpetchey/Library/TinyTeX/texmf-dist/tex/latex/pgf/systemlayer/pgfsys
.sty
(/Users/owenpetchey/Library/TinyTeX/texmf-dist/tex/latex/pgf/utilities/pgfrcs.s
ty
(/Users/owenpetchey/Library/TinyTeX/texmf-dist/tex/generic/pgf/utilities/pgfuti
l-common.tex
\pgfutil@everybye=\toks17
\pgfutil@tempdima=\dimen164
\pgfutil@tempdimb=\dimen165

(/Users/owenpetchey/Library/TinyTeX/texmf-dist/tex/generic/pgf/utilities/pgfuti
l-common-lists.tex))
(/Users/owenpetchey/Library/TinyTeX/texmf-dist/tex/generic/pgf/utilities/pgfuti
l-latex.def
\pgfutil@abb=\box56
)
(/Users/owenpetchey/Library/TinyTeX/texmf-dist/tex/generic/pgf/utilities/pgfrcs
.code.tex
(/Users/owenpetchey/Library/TinyTeX/texmf-dist/tex/generic/pgf/pgf.revision.tex
)
Package: pgfrcs 2020/12/27 v3.1.8b (3.1.8b)
))
(/Users/owenpetchey/Library/TinyTeX/texmf-dist/tex/generic/pgf/systemlayer/pgfs
ys.code.tex
Package: pgfsys 2020/12/27 v3.1.8b (3.1.8b)

(/Users/owenpetchey/Library/TinyTeX/texmf-dist/tex/generic/pgf/utilities/pgfkey
s.code.tex
\pgfkeys@pathtoks=\toks18
\pgfkeys@temptoks=\toks19

(/Users/owenpetchey/Library/TinyTeX/texmf-dist/tex/generic/pgf/utilities/pgfkey
sfiltered.code.tex
\pgfkeys@tmptoks=\toks20
))
\pgf@x=\dimen166
\pgf@y=\dimen167
\pgf@xa=\dimen168
\pgf@ya=\dimen169
\pgf@xb=\dimen170
\pgf@yb=\dimen171
\pgf@xc=\dimen172
\pgf@yc=\dimen173
\pgf@xd=\dimen174
\pgf@yd=\dimen175
\w@pgf@writea=\write3
\r@pgf@reada=\read2
\c@pgf@counta=\count271
\c@pgf@countb=\count272
\c@pgf@countc=\count273
\c@pgf@countd=\count274
\t@pgf@toka=\toks21
\t@pgf@tokb=\toks22
\t@pgf@tokc=\toks23
\pgf@sys@id@count=\count275

(/Users/owenpetchey/Library/TinyTeX/texmf-dist/tex/generic/pgf/systemlayer/pgf.
cfg
File: pgf.cfg 2020/12/27 v3.1.8b (3.1.8b)
)
Driver file for pgf: pgfsys-pdftex.def

(/Users/owenpetchey/Library/TinyTeX/texmf-dist/tex/generic/pgf/systemlayer/pgfs
ys-pdftex.def
File: pgfsys-pdftex.def 2020/12/27 v3.1.8b (3.1.8b)

(/Users/owenpetchey/Library/TinyTeX/texmf-dist/tex/generic/pgf/systemlayer/pgfs
ys-common-pdf.def
File: pgfsys-common-pdf.def 2020/12/27 v3.1.8b (3.1.8b)
)))
(/Users/owenpetchey/Library/TinyTeX/texmf-dist/tex/generic/pgf/systemlayer/pgfs
yssoftpath.code.tex
File: pgfsyssoftpath.code.tex 2020/12/27 v3.1.8b (3.1.8b)
\pgfsyssoftpath@smallbuffer@items=\count276
\pgfsyssoftpath@bigbuffer@items=\count277
)
(/Users/owenpetchey/Library/TinyTeX/texmf-dist/tex/generic/pgf/systemlayer/pgfs
ysprotocol.code.tex
File: pgfsysprotocol.code.tex 2020/12/27 v3.1.8b (3.1.8b)
)) (/Users/owenpetchey/Library/TinyTeX/texmf-dist/tex/latex/xcolor/xcolor.sty
Package: xcolor 2016/05/11 v2.12 LaTeX color extensions (UK)

(/Users/owenpetchey/Library/TinyTeX/texmf-dist/tex/latex/graphics-cfg/color.cfg
File: color.cfg 2016/01/02 v1.6 sample color configuration
)
Package xcolor Info: Driver file: pdftex.def on input line 225.
Package xcolor Info: Model `cmy' substituted by `cmy0' on input line 1348.
Package xcolor Info: Model `hsb' substituted by `rgb' on input line 1352.
Package xcolor Info: Model `RGB' extended on input line 1364.
Package xcolor Info: Model `HTML' substituted by `rgb' on input line 1366.
Package xcolor Info: Model `Hsb' substituted by `hsb' on input line 1367.
Package xcolor Info: Model `tHsb' substituted by `hsb' on input line 1368.
Package xcolor Info: Model `HSB' substituted by `hsb' on input line 1369.
Package xcolor Info: Model `Gray' substituted by `gray' on input line 1370.
Package xcolor Info: Model `wave' substituted by `hsb' on input line 1371.
)
(/Users/owenpetchey/Library/TinyTeX/texmf-dist/tex/generic/pgf/basiclayer/pgfco
re.code.tex
Package: pgfcore 2020/12/27 v3.1.8b (3.1.8b)

(/Users/owenpetchey/Library/TinyTeX/texmf-dist/tex/generic/pgf/math/pgfmath.cod
e.tex
(/Users/owenpetchey/Library/TinyTeX/texmf-dist/tex/generic/pgf/math/pgfmathcalc
.code.tex
(/Users/owenpetchey/Library/TinyTeX/texmf-dist/tex/generic/pgf/math/pgfmathutil
.code.tex)
(/Users/owenpetchey/Library/TinyTeX/texmf-dist/tex/generic/pgf/math/pgfmathpars
er.code.tex
\pgfmath@dimen=\dimen176
\pgfmath@count=\count278
\pgfmath@box=\box57
\pgfmath@toks=\toks24
\pgfmath@stack@operand=\toks25
\pgfmath@stack@operation=\toks26
)
(/Users/owenpetchey/Library/TinyTeX/texmf-dist/tex/generic/pgf/math/pgfmathfunc
tions.code.tex
(/Users/owenpetchey/Library/TinyTeX/texmf-dist/tex/generic/pgf/math/pgfmathfunc
tions.basic.code.tex)
(/Users/owenpetchey/Library/TinyTeX/texmf-dist/tex/generic/pgf/math/pgfmathfunc
tions.trigonometric.code.tex)
(/Users/owenpetchey/Library/TinyTeX/texmf-dist/tex/generic/pgf/math/pgfmathfunc
tions.random.code.tex)
(/Users/owenpetchey/Library/TinyTeX/texmf-dist/tex/generic/pgf/math/pgfmathfunc
tions.comparison.code.tex)
(/Users/owenpetchey/Library/TinyTeX/texmf-dist/tex/generic/pgf/math/pgfmathfunc
tions.base.code.tex)
(/Users/owenpetchey/Library/TinyTeX/texmf-dist/tex/generic/pgf/math/pgfmathfunc
tions.round.code.tex)
(/Users/owenpetchey/Library/TinyTeX/texmf-dist/tex/generic/pgf/math/pgfmathfunc
tions.misc.code.tex)
(/Users/owenpetchey/Library/TinyTeX/texmf-dist/tex/generic/pgf/math/pgfmathfunc
tions.integerarithmetics.code.tex)))
(/Users/owenpetchey/Library/TinyTeX/texmf-dist/tex/generic/pgf/math/pgfmathfloa
t.code.tex
\c@pgfmathroundto@lastzeros=\count279
))
(/Users/owenpetchey/Library/TinyTeX/texmf-dist/tex/generic/pgf/math/pgfint.code
.tex)
(/Users/owenpetchey/Library/TinyTeX/texmf-dist/tex/generic/pgf/basiclayer/pgfco
repoints.code.tex
File: pgfcorepoints.code.tex 2020/12/27 v3.1.8b (3.1.8b)
\pgf@picminx=\dimen177
\pgf@picmaxx=\dimen178
\pgf@picminy=\dimen179
\pgf@picmaxy=\dimen180
\pgf@pathminx=\dimen181
\pgf@pathmaxx=\dimen182
\pgf@pathminy=\dimen183
\pgf@pathmaxy=\dimen184
\pgf@xx=\dimen185
\pgf@xy=\dimen186
\pgf@yx=\dimen187
\pgf@yy=\dimen188
\pgf@zx=\dimen189
\pgf@zy=\dimen190
)
(/Users/owenpetchey/Library/TinyTeX/texmf-dist/tex/generic/pgf/basiclayer/pgfco
repathconstruct.code.tex
File: pgfcorepathconstruct.code.tex 2020/12/27 v3.1.8b (3.1.8b)
\pgf@path@lastx=\dimen191
\pgf@path@lasty=\dimen192
)
(/Users/owenpetchey/Library/TinyTeX/texmf-dist/tex/generic/pgf/basiclayer/pgfco
repathusage.code.tex
File: pgfcorepathusage.code.tex 2020/12/27 v3.1.8b (3.1.8b)
\pgf@shorten@end@additional=\dimen193
\pgf@shorten@start@additional=\dimen194
)
(/Users/owenpetchey/Library/TinyTeX/texmf-dist/tex/generic/pgf/basiclayer/pgfco
rescopes.code.tex
File: pgfcorescopes.code.tex 2020/12/27 v3.1.8b (3.1.8b)
\pgfpic=\box58
\pgf@hbox=\box59
\pgf@layerbox@main=\box60
\pgf@picture@serial@count=\count280
)
(/Users/owenpetchey/Library/TinyTeX/texmf-dist/tex/generic/pgf/basiclayer/pgfco
regraphicstate.code.tex
File: pgfcoregraphicstate.code.tex 2020/12/27 v3.1.8b (3.1.8b)
\pgflinewidth=\dimen195
)
(/Users/owenpetchey/Library/TinyTeX/texmf-dist/tex/generic/pgf/basiclayer/pgfco
retransformations.code.tex
File: pgfcoretransformations.code.tex 2020/12/27 v3.1.8b (3.1.8b)
\pgf@pt@x=\dimen196
\pgf@pt@y=\dimen197
\pgf@pt@temp=\dimen198
)
(/Users/owenpetchey/Library/TinyTeX/texmf-dist/tex/generic/pgf/basiclayer/pgfco
requick.code.tex
File: pgfcorequick.code.tex 2020/12/27 v3.1.8b (3.1.8b)
)
(/Users/owenpetchey/Library/TinyTeX/texmf-dist/tex/generic/pgf/basiclayer/pgfco
reobjects.code.tex
File: pgfcoreobjects.code.tex 2020/12/27 v3.1.8b (3.1.8b)
)
(/Users/owenpetchey/Library/TinyTeX/texmf-dist/tex/generic/pgf/basiclayer/pgfco
repathprocessing.code.tex
File: pgfcorepathprocessing.code.tex 2020/12/27 v3.1.8b (3.1.8b)
)
(/Users/owenpetchey/Library/TinyTeX/texmf-dist/tex/generic/pgf/basiclayer/pgfco
rearrows.code.tex
File: pgfcorearrows.code.tex 2020/12/27 v3.1.8b (3.1.8b)
\pgfarrowsep=\dimen199
)
(/Users/owenpetchey/Library/TinyTeX/texmf-dist/tex/generic/pgf/basiclayer/pgfco
reshade.code.tex
File: pgfcoreshade.code.tex 2020/12/27 v3.1.8b (3.1.8b)
\pgf@max=\dimen256
\pgf@sys@shading@range@num=\count281
\pgf@shadingcount=\count282
)
(/Users/owenpetchey/Library/TinyTeX/texmf-dist/tex/generic/pgf/basiclayer/pgfco
reimage.code.tex
File: pgfcoreimage.code.tex 2020/12/27 v3.1.8b (3.1.8b)

(/Users/owenpetchey/Library/TinyTeX/texmf-dist/tex/generic/pgf/basiclayer/pgfco
reexternal.code.tex
File: pgfcoreexternal.code.tex 2020/12/27 v3.1.8b (3.1.8b)
\pgfexternal@startupbox=\box61
))
(/Users/owenpetchey/Library/TinyTeX/texmf-dist/tex/generic/pgf/basiclayer/pgfco
relayers.code.tex
File: pgfcorelayers.code.tex 2020/12/27 v3.1.8b (3.1.8b)
)
(/Users/owenpetchey/Library/TinyTeX/texmf-dist/tex/generic/pgf/basiclayer/pgfco
retransparency.code.tex
File: pgfcoretransparency.code.tex 2020/12/27 v3.1.8b (3.1.8b)
)
(/Users/owenpetchey/Library/TinyTeX/texmf-dist/tex/generic/pgf/basiclayer/pgfco
repatterns.code.tex
File: pgfcorepatterns.code.tex 2020/12/27 v3.1.8b (3.1.8b)
)
(/Users/owenpetchey/Library/TinyTeX/texmf-dist/tex/generic/pgf/basiclayer/pgfco
rerdf.code.tex
File: pgfcorerdf.code.tex 2020/12/27 v3.1.8b (3.1.8b)
)))
(/Users/owenpetchey/Library/TinyTeX/texmf-dist/tex/latex/pgf/utilities/xxcolor.
sty
Package: xxcolor 2003/10/24 ver 0.1
\XC@nummixins=\count283
\XC@countmixins=\count284
) (/Users/owenpetchey/Library/TinyTeX/texmf-dist/tex/latex/base/atbegshi-ltx.st
y
Package: atbegshi-ltx 2020/08/17 v1.0a Emulation of the original atbegshi packa
ge
with kernel methods
) (/Users/owenpetchey/Library/TinyTeX/texmf-dist/tex/latex/hyperref/hyperref.st
y
Package: hyperref 2020-05-15 v7.00e Hypertext links for LaTeX
(/Users/owenpetchey/Library/TinyTeX/texmf-dist/tex/generic/ltxcmds/ltxcmds.sty
Package: ltxcmds 2020-05-10 v1.25 LaTeX kernel commands for general use (HO)
)
(/Users/owenpetchey/Library/TinyTeX/texmf-dist/tex/generic/pdftexcmds/pdftexcmd
s.sty
Package: pdftexcmds 2020-06-27 v0.33 Utility functions of pdfTeX for LuaTeX (HO
)

(/Users/owenpetchey/Library/TinyTeX/texmf-dist/tex/generic/infwarerr/infwarerr.
sty
Package: infwarerr 2019/12/03 v1.5 Providing info/warning/error messages (HO)
)
Package pdftexcmds Info: \pdf@primitive is available.
Package pdftexcmds Info: \pdf@ifprimitive is available.
Package pdftexcmds Info: \pdfdraftmode found.
)
(/Users/owenpetchey/Library/TinyTeX/texmf-dist/tex/generic/kvsetkeys/kvsetkeys.
sty
Package: kvsetkeys 2019/12/15 v1.18 Key value parser (HO)
)
(/Users/owenpetchey/Library/TinyTeX/texmf-dist/tex/generic/kvdefinekeys/kvdefin
ekeys.sty
Package: kvdefinekeys 2019-12-19 v1.6 Define keys (HO)
)
(/Users/owenpetchey/Library/TinyTeX/texmf-dist/tex/generic/pdfescape/pdfescape.
sty
Package: pdfescape 2019/12/09 v1.15 Implements pdfTeX's escape features (HO)
) (/Users/owenpetchey/Library/TinyTeX/texmf-dist/tex/latex/hycolor/hycolor.sty
Package: hycolor 2020-01-27 v1.10 Color options for hyperref/bookmark (HO)
)
(/Users/owenpetchey/Library/TinyTeX/texmf-dist/tex/latex/letltxmacro/letltxmacr
o.sty
Package: letltxmacro 2019/12/03 v1.6 Let assignment for LaTeX macros (HO)
) (/Users/owenpetchey/Library/TinyTeX/texmf-dist/tex/latex/auxhook/auxhook.sty
Package: auxhook 2019-12-17 v1.6 Hooks for auxiliary files (HO)
)
(/Users/owenpetchey/Library/TinyTeX/texmf-dist/tex/latex/kvoptions/kvoptions.st
y
Package: kvoptions 2020-10-07 v3.14 Key value format for package options (HO)
)
\@linkdim=\dimen257
\Hy@linkcounter=\count285
\Hy@pagecounter=\count286
(/Users/owenpetchey/Library/TinyTeX/texmf-dist/tex/latex/hyperref/pd1enc.def
File: pd1enc.def 2020-05-15 v7.00e Hyperref: PDFDocEncoding definition (HO)
Now handling font encoding PD1 ...
... no UTF-8 mapping file for font encoding PD1
) (/Users/owenpetchey/Library/TinyTeX/texmf-dist/tex/generic/intcalc/intcalc.st
y
Package: intcalc 2019/12/15 v1.3 Expandable calculations with integers (HO)
)
(/Users/owenpetchey/Library/TinyTeX/texmf-dist/tex/generic/etexcmds/etexcmds.st
y
Package: etexcmds 2019/12/15 v1.7 Avoid name clashes with e-TeX commands (HO)
)
\Hy@SavedSpaceFactor=\count287
Package hyperref Info: Option `unicode' set `true' on input line 4338.
(/Users/owenpetchey/Library/TinyTeX/texmf-dist/tex/latex/hyperref/puenc.def
File: puenc.def 2020-05-15 v7.00e Hyperref: PDF Unicode definition (HO)
Now handling font encoding PU ...
... no UTF-8 mapping file for font encoding PU
)
Package hyperref Info: Option `bookmarks' set `true' on input line 4338.
Package hyperref Info: Option `bookmarksopen' set `true' on input line 4338.
Package hyperref Info: Option `implicit' set `false' on input line 4338.
Package hyperref Info: Hyper figures OFF on input line 4464.
Package hyperref Info: Link nesting OFF on input line 4469.
Package hyperref Info: Hyper index ON on input line 4472.
Package hyperref Info: Plain pages OFF on input line 4479.
Package hyperref Info: Backreferencing OFF on input line 4484.
Package hyperref Info: Implicit mode OFF; no redefinition of LaTeX internals.
Package hyperref Info: Bookmarks ON on input line 4717.
\c@Hy@tempcnt=\count288
(/Users/owenpetchey/Library/TinyTeX/texmf-dist/tex/latex/url/url.sty
\Urlmuskip=\muskip16
Package: url 2013/09/16  ver 3.4  Verb mode for urls, etc.
)
LaTeX Info: Redefining \url on input line 5076.
\XeTeXLinkMargin=\dimen258
(/Users/owenpetchey/Library/TinyTeX/texmf-dist/tex/generic/bitset/bitset.sty
Package: bitset 2019/12/09 v1.3 Handle bit-vector datatype (HO)

(/Users/owenpetchey/Library/TinyTeX/texmf-dist/tex/generic/bigintcalc/bigintcal
c.sty
Package: bigintcalc 2019/12/15 v1.5 Expandable calculations on big integers (HO
)
))
\Fld@menulength=\count289
\Field@Width=\dimen259
\Fld@charsize=\dimen260
Package hyperref Info: Hyper figures OFF on input line 6347.
Package hyperref Info: Link nesting OFF on input line 6352.
Package hyperref Info: Hyper index ON on input line 6355.
Package hyperref Info: backreferencing OFF on input line 6362.
Package hyperref Info: Link coloring OFF on input line 6367.
Package hyperref Info: Link coloring with OCG OFF on input line 6372.
Package hyperref Info: PDF/A mode OFF on input line 6377.
LaTeX Info: Redefining \ref on input line 6417.
LaTeX Info: Redefining \pageref on input line 6421.
\Hy@abspage=\count290

Package hyperref Message: Stopped early.

)
Package hyperref Info: Driver (autodetected): hpdftex.
(/Users/owenpetchey/Library/TinyTeX/texmf-dist/tex/latex/hyperref/hpdftex.def
File: hpdftex.def 2020-05-15 v7.00e Hyperref driver for pdfTeX

(/Users/owenpetchey/Library/TinyTeX/texmf-dist/tex/latex/base/atveryend-ltx.sty
Package: atveryend-ltx 2020/08/19 v1.0a Emulation of the original atvery packag
e
with kernel methods
)
\Fld@listcount=\count291
\c@bookmark@seq@number=\count292

(/Users/owenpetchey/Library/TinyTeX/texmf-dist/tex/latex/rerunfilecheck/rerunfi
lecheck.sty
Package: rerunfilecheck 2019/12/05 v1.9 Rerun checks for auxiliary files (HO)

(/Users/owenpetchey/Library/TinyTeX/texmf-dist/tex/generic/uniquecounter/unique
counter.sty
Package: uniquecounter 2019/12/15 v1.4 Provide unlimited unique counter (HO)
)
Package uniquecounter Info: New unique counter `rerunfilecheck' on input line 2
86.
))
(/Users/owenpetchey/Library/TinyTeX/texmf-dist/tex/latex/beamer/beamerbaserequi
res.sty
(/Users/owenpetchey/Library/TinyTeX/texmf-dist/tex/latex/beamer/beamerbasecompa
tibility.sty)
(/Users/owenpetchey/Library/TinyTeX/texmf-dist/tex/latex/beamer/beamerbasefont.
sty (/Users/owenpetchey/Library/TinyTeX/texmf-dist/tex/latex/amsfonts/amssymb.s
ty
Package: amssymb 2013/01/14 v3.01 AMS font symbols
(/Users/owenpetchey/Library/TinyTeX/texmf-dist/tex/latex/amsfonts/amsfonts.sty
Package: amsfonts 2013/01/14 v3.01 Basic AMSFonts support
\@emptytoks=\toks27
\symAMSa=\mathgroup4
\symAMSb=\mathgroup5
LaTeX Font Info:    Redeclaring math symbol \hbar on input line 98.
LaTeX Font Info:    Overwriting math alphabet `\mathfrak' in version `bold'
(Font)                  U/euf/m/n --> U/euf/b/n on input line 106.
)))
(/Users/owenpetchey/Library/TinyTeX/texmf-dist/tex/latex/beamer/beamerbasetrans
lator.sty
(/Users/owenpetchey/Library/TinyTeX/texmf-dist/tex/latex/translator/translator.
sty
Package: translator 2020-08-03 v1.12c Easy translation of strings in LaTeX
))
(/Users/owenpetchey/Library/TinyTeX/texmf-dist/tex/latex/beamer/beamerbasemisc.
sty)
(/Users/owenpetchey/Library/TinyTeX/texmf-dist/tex/latex/beamer/beamerbasetwosc
reens.sty)
(/Users/owenpetchey/Library/TinyTeX/texmf-dist/tex/latex/beamer/beamerbaseoverl
ay.sty
\beamer@argscount=\count293
\beamer@lastskipcover=\skip50
\beamer@trivlistdepth=\count294
)
(/Users/owenpetchey/Library/TinyTeX/texmf-dist/tex/latex/beamer/beamerbasetitle
.sty)
(/Users/owenpetchey/Library/TinyTeX/texmf-dist/tex/latex/beamer/beamerbasesecti
on.sty
\c@lecture=\count295
\c@part=\count296
\c@section=\count297
\c@subsection=\count298
\c@subsubsection=\count299
)
(/Users/owenpetchey/Library/TinyTeX/texmf-dist/tex/latex/beamer/beamerbaseframe
.sty
\beamer@framebox=\box62
\beamer@frametitlebox=\box63
\beamer@zoombox=\box64
\beamer@zoomcount=\count300
\beamer@zoomframecount=\count301
\beamer@frametextheight=\dimen261
\c@subsectionslide=\count302
\beamer@frametopskip=\skip51
\beamer@framebottomskip=\skip52
\beamer@frametopskipautobreak=\skip53
\beamer@framebottomskipautobreak=\skip54
\beamer@envbody=\toks28
\framewidth=\dimen262
\c@framenumber=\count303
)
(/Users/owenpetchey/Library/TinyTeX/texmf-dist/tex/latex/beamer/beamerbaseverba
tim.sty
\beamer@verbatimfileout=\write4
)
(/Users/owenpetchey/Library/TinyTeX/texmf-dist/tex/latex/beamer/beamerbaseframe
size.sty
\beamer@splitbox=\box65
\beamer@autobreakcount=\count304
\beamer@autobreaklastheight=\dimen263
\beamer@frametitletoks=\toks29
\beamer@framesubtitletoks=\toks30
)
(/Users/owenpetchey/Library/TinyTeX/texmf-dist/tex/latex/beamer/beamerbaseframe
components.sty
\beamer@footins=\box66
)
(/Users/owenpetchey/Library/TinyTeX/texmf-dist/tex/latex/beamer/beamerbasecolor
.sty)
(/Users/owenpetchey/Library/TinyTeX/texmf-dist/tex/latex/beamer/beamerbasenotes
.sty
\beamer@frameboxcopy=\box67
)
(/Users/owenpetchey/Library/TinyTeX/texmf-dist/tex/latex/beamer/beamerbasetoc.s
ty)
(/Users/owenpetchey/Library/TinyTeX/texmf-dist/tex/latex/beamer/beamerbasetempl
ates.sty
\beamer@sbttoks=\toks31

(/Users/owenpetchey/Library/TinyTeX/texmf-dist/tex/latex/beamer/beamerbaseauxte
mplates.sty
(/Users/owenpetchey/Library/TinyTeX/texmf-dist/tex/latex/beamer/beamerbaseboxes
.sty
\bmb@box=\box68
\bmb@colorbox=\box69
\bmb@boxwidth=\dimen264
\bmb@boxheight=\dimen265
\bmb@prevheight=\dimen266
\bmb@temp=\dimen267
\bmb@dima=\dimen268
\bmb@dimb=\dimen269
\bmb@prevheight=\dimen270
)
\beamer@blockheadheight=\dimen271
))
(/Users/owenpetchey/Library/TinyTeX/texmf-dist/tex/latex/beamer/beamerbaselocal
structure.sty (/Users/owenpetchey/Library/TinyTeX/texmf-dist/tex/latex/tools/en
umerate.sty
Package: enumerate 2015/07/23 v3.00 enumerate extensions (DPC)
\@enLab=\toks32
)
\c@figure=\count305
\c@table=\count306
\abovecaptionskip=\skip55
\belowcaptionskip=\skip56
)
(/Users/owenpetchey/Library/TinyTeX/texmf-dist/tex/latex/beamer/beamerbasenavig
ation.sty
\beamer@section@min@dim=\dimen272
)
(/Users/owenpetchey/Library/TinyTeX/texmf-dist/tex/latex/beamer/beamerbasetheor
ems.sty (/Users/owenpetchey/Library/TinyTeX/texmf-dist/tex/latex/amsmath/amsmat
h.sty
Package: amsmath 2020/09/23 v2.17i AMS math features
\@mathmargin=\skip57
For additional information on amsmath, use the `?' option.
(/Users/owenpetchey/Library/TinyTeX/texmf-dist/tex/latex/amsmath/amstext.sty
Package: amstext 2000/06/29 v2.01 AMS text
(/Users/owenpetchey/Library/TinyTeX/texmf-dist/tex/latex/amsmath/amsgen.sty
File: amsgen.sty 1999/11/30 v2.0 generic functions
\@emptytoks=\toks33
\ex@=\dimen273
)) (/Users/owenpetchey/Library/TinyTeX/texmf-dist/tex/latex/amsmath/amsbsy.sty
Package: amsbsy 1999/11/29 v1.2d Bold Symbols
\pmbraise@=\dimen274
) (/Users/owenpetchey/Library/TinyTeX/texmf-dist/tex/latex/amsmath/amsopn.sty
Package: amsopn 2016/03/08 v2.02 operator names
)
\inf@bad=\count307
LaTeX Info: Redefining \frac on input line 234.
\uproot@=\count308
\leftroot@=\count309
LaTeX Info: Redefining \overline on input line 399.
\classnum@=\count310
\DOTSCASE@=\count311
LaTeX Info: Redefining \ldots on input line 496.
LaTeX Info: Redefining \dots on input line 499.
LaTeX Info: Redefining \cdots on input line 620.
\Mathstrutbox@=\box70
\strutbox@=\box71
\big@size=\dimen275
LaTeX Font Info:    Redeclaring font encoding OML on input line 743.
LaTeX Font Info:    Redeclaring font encoding OMS on input line 744.
\macc@depth=\count312
\c@MaxMatrixCols=\count313
\dotsspace@=\muskip17
\c@parentequation=\count314
\dspbrk@lvl=\count315
\tag@help=\toks34
\row@=\count316
\column@=\count317
\maxfields@=\count318
\andhelp@=\toks35
\eqnshift@=\dimen276
\alignsep@=\dimen277
\tagshift@=\dimen278
\tagwidth@=\dimen279
\totwidth@=\dimen280
\lineht@=\dimen281
\@envbody=\toks36
\multlinegap=\skip58
\multlinetaggap=\skip59
\mathdisplay@stack=\toks37
LaTeX Info: Redefining \[ on input line 2923.
LaTeX Info: Redefining \] on input line 2924.
) (/Users/owenpetchey/Library/TinyTeX/texmf-dist/tex/latex/amscls/amsthm.sty
Package: amsthm 2020/05/29 v2.20.6
\thm@style=\toks38
\thm@bodyfont=\toks39
\thm@headfont=\toks40
\thm@notefont=\toks41
\thm@headpunct=\toks42
\thm@preskip=\skip60
\thm@postskip=\skip61
\thm@headsep=\skip62
\dth@everypar=\toks43
)
\c@theorem=\count319
)
(/Users/owenpetchey/Library/TinyTeX/texmf-dist/tex/latex/beamer/beamerbasetheme
s.sty))
(/Users/owenpetchey/Library/TinyTeX/texmf-dist/tex/latex/beamer/beamerthemedefa
ult.sty
(/Users/owenpetchey/Library/TinyTeX/texmf-dist/tex/latex/beamer/beamerfonttheme
default.sty)
(/Users/owenpetchey/Library/TinyTeX/texmf-dist/tex/latex/beamer/beamercolorthem
edefault.sty)
(/Users/owenpetchey/Library/TinyTeX/texmf-dist/tex/latex/beamer/beamerinnerthem
edefault.sty
\beamer@dima=\dimen282
\beamer@dimb=\dimen283
)
(/Users/owenpetchey/Library/TinyTeX/texmf-dist/tex/latex/beamer/beamerouterthem
edefault.sty)))
(/Users/owenpetchey/Library/TinyTeX/texmf-dist/tex/latex/pgf/utilities/pgfpages
.sty
Package: pgfpages 2011/01/05 ver 0.02
(/Users/owenpetchey/Library/TinyTeX/texmf-dist/tex/latex/tools/calc.sty
Package: calc 2017/05/25 v4.3 Infix arithmetic (KKT,FJ)
\calc@Acount=\count320
\calc@Bcount=\count321
\calc@Adimen=\dimen284
\calc@Bdimen=\dimen285
\calc@Askip=\skip63
\calc@Bskip=\skip64
LaTeX Info: Redefining \setlength on input line 80.
LaTeX Info: Redefining \addtolength on input line 81.
\calc@Ccount=\count322
\calc@Cskip=\skip65
)
\pgf@logicalpages=\count323
\pgf@firstshipout=\count324
\pgf@lastshipout=\count325
\pgf@currentshipout=\count326
\pgf@cpn=\count327
\pgf@shipoutnextto=\count328
\pgfphysicalheight=\dimen286
\pgfphysicalwidth=\dimen287
\pgfpages@shipoutbox=\box72
) (/Users/owenpetchey/Library/TinyTeX/texmf-dist/tex/latex/lm/lmodern.sty
Package: lmodern 2009/10/30 v1.6 Latin Modern Fonts
LaTeX Font Info:    Overwriting symbol font `operators' in version `normal'
(Font)                  OT1/cmr/m/n --> OT1/lmr/m/n on input line 22.
LaTeX Font Info:    Overwriting symbol font `letters' in version `normal'
(Font)                  OML/cmm/m/it --> OML/lmm/m/it on input line 23.
LaTeX Font Info:    Overwriting symbol font `symbols' in version `normal'
(Font)                  OMS/cmsy/m/n --> OMS/lmsy/m/n on input line 24.
LaTeX Font Info:    Overwriting symbol font `largesymbols' in version `normal'
(Font)                  OMX/cmex/m/n --> OMX/lmex/m/n on input line 25.
LaTeX Font Info:    Overwriting symbol font `operators' in version `bold'
(Font)                  OT1/cmr/bx/n --> OT1/lmr/bx/n on input line 26.
LaTeX Font Info:    Overwriting symbol font `letters' in version `bold'
(Font)                  OML/cmm/b/it --> OML/lmm/b/it on input line 27.
LaTeX Font Info:    Overwriting symbol font `symbols' in version `bold'
(Font)                  OMS/cmsy/b/n --> OMS/lmsy/b/n on input line 28.
LaTeX Font Info:    Overwriting symbol font `largesymbols' in version `bold'
(Font)                  OMX/cmex/m/n --> OMX/lmex/m/n on input line 29.
LaTeX Font Info:    Overwriting math alphabet `\mathbf' in version `normal'
(Font)                  OT1/cmr/bx/n --> OT1/lmr/bx/n on input line 31.
LaTeX Font Info:    Overwriting math alphabet `\mathsf' in version `normal'
(Font)                  OT1/cmss/m/n --> OT1/lmss/m/n on input line 32.
LaTeX Font Info:    Overwriting math alphabet `\mathit' in version `normal'
(Font)                  OT1/cmr/m/it --> OT1/lmr/m/it on input line 33.
LaTeX Font Info:    Overwriting math alphabet `\mathtt' in version `normal'
(Font)                  OT1/cmtt/m/n --> OT1/lmtt/m/n on input line 34.
LaTeX Font Info:    Overwriting math alphabet `\mathbf' in version `bold'
(Font)                  OT1/cmr/bx/n --> OT1/lmr/bx/n on input line 35.
LaTeX Font Info:    Overwriting math alphabet `\mathsf' in version `bold'
(Font)                  OT1/cmss/bx/n --> OT1/lmss/bx/n on input line 36.
LaTeX Font Info:    Overwriting math alphabet `\mathit' in version `bold'
(Font)                  OT1/cmr/bx/it --> OT1/lmr/bx/it on input line 37.
LaTeX Font Info:    Overwriting math alphabet `\mathtt' in version `bold'
(Font)                  OT1/cmtt/m/n --> OT1/lmtt/m/n on input line 38.
) (/Users/owenpetchey/Library/TinyTeX/texmf-dist/tex/generic/iftex/ifxetex.sty
Package: ifxetex 2019/10/25 v0.7 ifxetex legacy package. Use iftex instead.
) (/Users/owenpetchey/Library/TinyTeX/texmf-dist/tex/generic/iftex/ifluatex.sty
Package: ifluatex 2019/10/25 v1.5 ifluatex legacy package. Use iftex instead.
) (/Users/owenpetchey/Library/TinyTeX/texmf-dist/tex/latex/base/fontenc.sty
Package: fontenc 2020/08/10 v2.0s Standard LaTeX package
LaTeX Font Info:    Trying to load font information for T1+lmss on input line 1
12.
(/Users/owenpetchey/Library/TinyTeX/texmf-dist/tex/latex/lm/t1lmss.fd
File: t1lmss.fd 2009/10/30 v1.6 Font defs for Latin Modern
)) (/Users/owenpetchey/Library/TinyTeX/texmf-dist/tex/latex/base/inputenc.sty
Package: inputenc 2020/08/01 v1.3d Input encoding file
\inpenc@prehook=\toks44
\inpenc@posthook=\toks45
) (/Users/owenpetchey/Library/TinyTeX/texmf-dist/tex/latex/base/textcomp.sty
Package: textcomp 2020/02/02 v2.0n Standard LaTeX package
) (/Users/owenpetchey/Library/TinyTeX/texmf-dist/tex/latex/fancyvrb/fancyvrb.st
y
Package: fancyvrb 2020/05/03 v3.6 verbatim text (tvz,hv)
\FV@CodeLineNo=\count329
\FV@InFile=\read3
\FV@TabBox=\box73
\c@FancyVerbLine=\count330
\FV@StepNumber=\count331
\FV@OutFile=\write5
) (/Users/owenpetchey/Library/TinyTeX/texmf-dist/tex/latex/framed/framed.sty
Package: framed 2011/10/22 v 0.96: framed or shaded text with page breaks
\OuterFrameSep=\skip66
\fb@frw=\dimen288
\fb@frh=\dimen289
\FrameRule=\dimen290
\FrameSep=\dimen291
) (/Users/owenpetchey/Library/TinyTeX/texmf-dist/tex/latex/tools/multicol.sty
Package: multicol 2019/12/09 v1.8y multicolumn formatting (FMi)
\c@tracingmulticols=\count332
\mult@box=\box74
\multicol@leftmargin=\dimen292
\c@unbalance=\count333
\c@collectmore=\count334
\doublecol@number=\count335
\multicoltolerance=\count336
\multicolpretolerance=\count337
\full@width=\dimen293
\page@free=\dimen294
\premulticols=\dimen295
\postmulticols=\dimen296
\multicolsep=\skip67
\multicolbaselineskip=\skip68
\partial@page=\box75
\last@line=\box76
\maxbalancingoverflow=\dimen297
\mult@rightbox=\box77
\mult@grightbox=\box78
\mult@gfirstbox=\box79
\mult@firstbox=\box80
\@tempa=\box81
\@tempa=\box82
\@tempa=\box83
\@tempa=\box84
\@tempa=\box85
\@tempa=\box86
\@tempa=\box87
\@tempa=\box88
\@tempa=\box89
\@tempa=\box90
\@tempa=\box91
\@tempa=\box92
\@tempa=\box93
\@tempa=\box94
\@tempa=\box95
\@tempa=\box96
\@tempa=\box97
\@tempa=\box98
\@tempa=\box99
\@tempa=\box100
\@tempa=\box101
\@tempa=\box102
\@tempa=\box103
\@tempa=\box104
\@tempa=\box105
\@tempa=\box106
\@tempa=\box107
\@tempa=\box108
\@tempa=\box109
\@tempa=\box110
\@tempa=\box111
\@tempa=\box112
\@tempa=\box113
\@tempa=\box114
\@tempa=\box115
\@tempa=\box116
\@tempa=\box117
\c@minrows=\count338
\c@columnbadness=\count339
\c@finalcolumnbadness=\count340
\last@try=\dimen298
\multicolovershoot=\dimen299
\multicolundershoot=\dimen300
\mult@nat@firstbox=\box118
\colbreak@box=\box119
\mc@col@check@num=\count341
)
(/Users/owenpetchey/Library/TinyTeX/texmf-dist/tex/latex/l3backend/l3backend-pd
ftex.def
File: l3backend-pdftex.def 2021-01-09 L3 backend support: PDF output (pdfTeX)
\l__kernel_color_stack_int=\count342
\l__pdf_internal_box=\box120
) (./Bio144_lecture3.aux)
\openout1 = `Bio144_lecture3.aux'.

LaTeX Font Info:    Checking defaults for OML/cmm/m/it on input line 158.
LaTeX Font Info:    ... okay on input line 158.
LaTeX Font Info:    Checking defaults for OMS/cmsy/m/n on input line 158.
LaTeX Font Info:    ... okay on input line 158.
LaTeX Font Info:    Checking defaults for OT1/cmr/m/n on input line 158.
LaTeX Font Info:    ... okay on input line 158.
LaTeX Font Info:    Checking defaults for T1/cmr/m/n on input line 158.
LaTeX Font Info:    ... okay on input line 158.
LaTeX Font Info:    Checking defaults for TS1/cmr/m/n on input line 158.
LaTeX Font Info:    ... okay on input line 158.
LaTeX Font Info:    Checking defaults for OMX/cmex/m/n on input line 158.
LaTeX Font Info:    ... okay on input line 158.
LaTeX Font Info:    Checking defaults for U/cmr/m/n on input line 158.
LaTeX Font Info:    ... okay on input line 158.
LaTeX Font Info:    Checking defaults for PD1/pdf/m/n on input line 158.
LaTeX Font Info:    ... okay on input line 158.
LaTeX Font Info:    Checking defaults for PU/pdf/m/n on input line 158.
LaTeX Font Info:    ... okay on input line 158.
*geometry* driver: auto-detecting
*geometry* detected driver: pdftex
*geometry* verbose mode - [ preamble ] result:
* driver: pdftex
* paper: custom
* layout: <same size as paper>
* layoutoffset:(h,v)=(0.0pt,0.0pt)
* modes: includehead includefoot 
* h-part:(L,W,R)=(28.45274pt, 398.3386pt, 28.45274pt)
* v-part:(T,H,B)=(0.0pt, 256.0748pt, 0.0pt)
* \paperwidth=455.24408pt
* \paperheight=256.0748pt
* \textwidth=398.3386pt
* \textheight=227.62207pt
* \oddsidemargin=-43.81725pt
* \evensidemargin=-43.81725pt
* \topmargin=-72.26999pt
* \headheight=14.22636pt
* \headsep=0.0pt
* \topskip=11.0pt
* \footskip=14.22636pt
* \marginparwidth=4.0pt
* \marginparsep=10.0pt
* \columnsep=10.0pt
* \skip\footins=10.0pt plus 4.0pt minus 2.0pt
* \hoffset=0.0pt
* \voffset=0.0pt
* \mag=1000
* \@twocolumnfalse
* \@twosidefalse
* \@mparswitchfalse
* \@reversemarginfalse
* (1in=72.27pt=25.4mm, 1cm=28.453pt)


(/Users/owenpetchey/Library/TinyTeX/texmf-dist/tex/latex/epstopdf-pkg/epstopdf-
base.sty
Package: epstopdf-base 2020-01-24 v2.11 Base part for package epstopdf
Package epstopdf-base Info: Redefining graphics rule for `.eps' on input line 4
85.

(/Users/owenpetchey/Library/TinyTeX/texmf-dist/tex/latex/latexconfig/epstopdf-s
ys.cfg
File: epstopdf-sys.cfg 2010/07/13 v1.3 Configuration of (r)epstopdf for TeX Liv
e
))
Package hyperref Info: Link coloring OFF on input line 158.
(/Users/owenpetchey/Library/TinyTeX/texmf-dist/tex/latex/hyperref/nameref.sty
Package: nameref 2019/09/16 v2.46 Cross-referencing by name of section
(/Users/owenpetchey/Library/TinyTeX/texmf-dist/tex/latex/refcount/refcount.sty
Package: refcount 2019/12/15 v3.6 Data extraction from label references (HO)
)
(/Users/owenpetchey/Library/TinyTeX/texmf-dist/tex/generic/gettitlestring/getti
tlestring.sty
Package: gettitlestring 2019/12/15 v1.6 Cleanup title references (HO)
)
\c@section@level=\count343
)
LaTeX Info: Redefining \ref on input line 158.
LaTeX Info: Redefining \pageref on input line 158.
LaTeX Info: Redefining \nameref on input line 158.
(./Bio144_lecture3.out) (./Bio144_lecture3.out)
\@outlinefile=\write6
\openout6 = `Bio144_lecture3.out'.

LaTeX Font Info:    Overwriting symbol font `operators' in version `normal'
(Font)                  OT1/lmr/m/n --> OT1/cmss/m/n on input line 158.
LaTeX Font Info:    Overwriting symbol font `operators' in version `bold'
(Font)                  OT1/lmr/bx/n --> OT1/cmss/b/n on input line 158.
LaTeX Font Info:    Overwriting symbol font `operators' in version `normal'
(Font)                  OT1/cmss/m/n --> OT1/lmss/m/n on input line 158.
LaTeX Font Info:    Overwriting symbol font `operators' in version `bold'
(Font)                  OT1/cmss/b/n --> OT1/lmss/b/n on input line 158.
\symnumbers=\mathgroup6
\sympureletters=\mathgroup7
LaTeX Font Info:    Overwriting math alphabet `\mathrm' in version `normal'
(Font)                  OT1/lmss/m/n --> T1/lmr/m/n on input line 158.
LaTeX Font Info:    Redeclaring math alphabet \mathbf on input line 158.
LaTeX Font Info:    Overwriting math alphabet `\mathbf' in version `normal'
(Font)                  OT1/lmr/bx/n --> T1/lmss/b/n on input line 158.
LaTeX Font Info:    Overwriting math alphabet `\mathbf' in version `bold'
(Font)                  OT1/lmr/bx/n --> T1/lmss/b/n on input line 158.
LaTeX Font Info:    Redeclaring math alphabet \mathsf on input line 158.
LaTeX Font Info:    Overwriting math alphabet `\mathsf' in version `normal'
(Font)                  OT1/lmss/m/n --> T1/lmss/m/n on input line 158.
LaTeX Font Info:    Overwriting math alphabet `\mathsf' in version `bold'
(Font)                  OT1/lmss/bx/n --> T1/lmss/m/n on input line 158.
LaTeX Font Info:    Redeclaring math alphabet \mathit on input line 158.
LaTeX Font Info:    Overwriting math alphabet `\mathit' in version `normal'
(Font)                  OT1/lmr/m/it --> T1/lmss/m/it on input line 158.
LaTeX Font Info:    Overwriting math alphabet `\mathit' in version `bold'
(Font)                  OT1/lmr/bx/it --> T1/lmss/m/it on input line 158.
LaTeX Font Info:    Redeclaring math alphabet \mathtt on input line 158.
LaTeX Font Info:    Overwriting math alphabet `\mathtt' in version `normal'
(Font)                  OT1/lmtt/m/n --> T1/lmtt/m/n on input line 158.
LaTeX Font Info:    Overwriting math alphabet `\mathtt' in version `bold'
(Font)                  OT1/lmtt/m/n --> T1/lmtt/m/n on input line 158.
LaTeX Font Info:    Overwriting symbol font `numbers' in version `bold'
(Font)                  T1/lmss/m/n --> T1/lmss/b/n on input line 158.
LaTeX Font Info:    Overwriting symbol font `pureletters' in version `bold'
(Font)                  T1/lmss/m/it --> T1/lmss/b/it on input line 158.
LaTeX Font Info:    Overwriting math alphabet `\mathrm' in version `bold'
(Font)                  OT1/lmss/b/n --> T1/lmr/b/n on input line 158.
LaTeX Font Info:    Overwriting math alphabet `\mathbf' in version `bold'
(Font)                  T1/lmss/b/n --> T1/lmss/b/n on input line 158.
LaTeX Font Info:    Overwriting math alphabet `\mathsf' in version `bold'
(Font)                  T1/lmss/m/n --> T1/lmss/b/n on input line 158.
LaTeX Font Info:    Overwriting math alphabet `\mathit' in version `bold'
(Font)                  T1/lmss/m/it --> T1/lmss/b/it on input line 158.
LaTeX Font Info:    Overwriting math alphabet `\mathtt' in version `bold'
(Font)                  T1/lmtt/m/n --> T1/lmtt/b/n on input line 158.

(/Users/owenpetchey/Library/TinyTeX/texmf-dist/tex/latex/translator/translator-
basic-dictionary-English.dict
Dictionary: translator-basic-dictionary, Language: English 
)
(/Users/owenpetchey/Library/TinyTeX/texmf-dist/tex/latex/translator/translator-
bibliography-dictionary-English.dict
Dictionary: translator-bibliography-dictionary, Language: English 
)
(/Users/owenpetchey/Library/TinyTeX/texmf-dist/tex/latex/translator/translator-
environment-dictionary-English.dict
Dictionary: translator-environment-dictionary, Language: English 
)
(/Users/owenpetchey/Library/TinyTeX/texmf-dist/tex/latex/translator/translator-
months-dictionary-English.dict
Dictionary: translator-months-dictionary, Language: English 
)
(/Users/owenpetchey/Library/TinyTeX/texmf-dist/tex/latex/translator/translator-
numbers-dictionary-English.dict
Dictionary: translator-numbers-dictionary, Language: English 
)
(/Users/owenpetchey/Library/TinyTeX/texmf-dist/tex/latex/translator/translator-
theorem-dictionary-English.dict
Dictionary: translator-theorem-dictionary, Language: English 
) (./Bio144_lecture3.nav)
<images/BIO144_logo.jpeg, id=14, 820.06375pt x 192.72pt>
File: images/BIO144_logo.jpeg Graphic file (type jpg)
<use images/BIO144_logo.jpeg>
Package pdftex.def Info: images/BIO144_logo.jpeg  used on input line 158.
(pdftex.def)             Requested size: 71.13188pt x 16.71474pt.
File: images/BIO144_logo.jpeg Graphic file (type jpg)
<use images/BIO144_logo.jpeg>
Package pdftex.def Info: images/BIO144_logo.jpeg  used on input line 159.
(pdftex.def)             Requested size: 71.13188pt x 16.71474pt.
[1

{/Users/owenpetchey/Library/TinyTeX/texmf-var/fonts/map/pdftex/updmap/pdftex.ma
p} <./images/BIO144_logo.jpeg>]
LaTeX Font Info:    Trying to load font information for OT1+lmss on input line 
180.
(/Users/owenpetchey/Library/TinyTeX/texmf-dist/tex/latex/lm/ot1lmss.fd
File: ot1lmss.fd 2009/10/30 v1.6 Font defs for Latin Modern
)
LaTeX Font Info:    Trying to load font information for OML+lmm on input line 1
80.
(/Users/owenpetchey/Library/TinyTeX/texmf-dist/tex/latex/lm/omllmm.fd
File: omllmm.fd 2009/10/30 v1.6 Font defs for Latin Modern
)
LaTeX Font Info:    Trying to load font information for OMS+lmsy on input line 
180.
(/Users/owenpetchey/Library/TinyTeX/texmf-dist/tex/latex/lm/omslmsy.fd
File: omslmsy.fd 2009/10/30 v1.6 Font defs for Latin Modern
)
LaTeX Font Info:    Trying to load font information for OMX+lmex on input line 
180.
(/Users/owenpetchey/Library/TinyTeX/texmf-dist/tex/latex/lm/omxlmex.fd
File: omxlmex.fd 2009/10/30 v1.6 Font defs for Latin Modern
)
LaTeX Font Info:    External font `lmex10' loaded for size
(Font)              <10.95> on input line 180.
LaTeX Font Info:    External font `lmex10' loaded for size
(Font)              <8> on input line 180.
LaTeX Font Info:    External font `lmex10' loaded for size
(Font)              <6> on input line 180.
LaTeX Font Info:    Trying to load font information for U+msa on input line 180
.
(/Users/owenpetchey/Library/TinyTeX/texmf-dist/tex/latex/amsfonts/umsa.fd
File: umsa.fd 2013/01/14 v3.01 AMS symbols A
)
LaTeX Font Info:    Trying to load font information for U+msb on input line 180
.
(/Users/owenpetchey/Library/TinyTeX/texmf-dist/tex/latex/amsfonts/umsb.fd
File: umsb.fd 2013/01/14 v3.01 AMS symbols B
)
LaTeX Font Info:    Font shape `T1/lmss/m/it' in size <10.95> not available
(Font)              Font shape `T1/lmss/m/sl' tried instead on input line 180.
LaTeX Font Info:    Font shape `T1/lmss/m/it' in size <8> not available
(Font)              Font shape `T1/lmss/m/sl' tried instead on input line 180.
LaTeX Font Info:    Font shape `T1/lmss/m/it' in size <6> not available
(Font)              Font shape `T1/lmss/m/sl' tried instead on input line 180.
File: images/BIO144_logo.jpeg Graphic file (type jpg)
<use images/BIO144_logo.jpeg>
Package pdftex.def Info: images/BIO144_logo.jpeg  used on input line 180.
(pdftex.def)             Requested size: 71.13188pt x 16.71474pt.
[2

]
File: images/BIO144_logo.jpeg Graphic file (type jpg)
<use images/BIO144_logo.jpeg>
Package pdftex.def Info: images/BIO144_logo.jpeg  used on input line 195.
(pdftex.def)             Requested size: 71.13188pt x 16.71474pt.
[3

]
<Bio144_lecture3_files/figure-beamer/unnamed-chunk-2-1.pdf, id=42, 252.945pt x 
216.81pt>
File: Bio144_lecture3_files/figure-beamer/unnamed-chunk-2-1.pdf Graphic file (t
ype pdf)
<use Bio144_lecture3_files/figure-beamer/unnamed-chunk-2-1.pdf>
Package pdftex.def Info: Bio144_lecture3_files/figure-beamer/unnamed-chunk-2-1.
pdf  used on input line 206.
(pdftex.def)             Requested size: 142.26378pt x 121.94208pt.
File: images/BIO144_logo.jpeg Graphic file (type jpg)
<use images/BIO144_logo.jpeg>
Package pdftex.def Info: images/BIO144_logo.jpeg  used on input line 206.
(pdftex.def)             Requested size: 71.13188pt x 16.71474pt.
[4

 <./Bio144_lecture3_files/figure-beamer/unnamed-chunk-2-1.pdf>]
File: images/BIO144_logo.jpeg Graphic file (type jpg)
<use images/BIO144_logo.jpeg>
Package pdftex.def Info: images/BIO144_logo.jpeg  used on input line 228.
(pdftex.def)             Requested size: 71.13188pt x 16.71474pt.
[5

]
<Bio144_lecture3_files/figure-beamer/unnamed-chunk-3-1.pdf, id=65, 252.945pt x 
216.81pt>
File: Bio144_lecture3_files/figure-beamer/unnamed-chunk-3-1.pdf Graphic file (t
ype pdf)
<use Bio144_lecture3_files/figure-beamer/unnamed-chunk-3-1.pdf>
Package pdftex.def Info: Bio144_lecture3_files/figure-beamer/unnamed-chunk-3-1.
pdf  used on input line 240.
(pdftex.def)             Requested size: 184.9429pt x 158.5247pt.
File: images/BIO144_logo.jpeg Graphic file (type jpg)
<use images/BIO144_logo.jpeg>
Package pdftex.def Info: images/BIO144_logo.jpeg  used on input line 240.
(pdftex.def)             Requested size: 71.13188pt x 16.71474pt.
[6

 <./Bio144_lecture3_files/figure-beamer/unnamed-chunk-3-1.pdf>]
File: images/BIO144_logo.jpeg Graphic file (type jpg)
<use images/BIO144_logo.jpeg>
Package pdftex.def Info: images/BIO144_logo.jpeg  used on input line 259.
(pdftex.def)             Requested size: 71.13188pt x 16.71474pt.
[7

]
Overfull \hbox (5.99998pt too wide) in paragraph at lines 287--287
[][][][][][][]  
 []

File: images/BIO144_logo.jpeg Graphic file (type jpg)
<use images/BIO144_logo.jpeg>
Package pdftex.def Info: images/BIO144_logo.jpeg  used on input line 287.
(pdftex.def)             Requested size: 71.13188pt x 16.71474pt.
[8

]
File: images/BIO144_logo.jpeg Graphic file (type jpg)
<use images/BIO144_logo.jpeg>
Package pdftex.def Info: images/BIO144_logo.jpeg  used on input line 304.
(pdftex.def)             Requested size: 71.13188pt x 16.71474pt.
[9

]
<pictures/regrAssumptions.jpg, id=105, 725.71124pt x 365.365pt>
File: pictures/regrAssumptions.jpg Graphic file (type jpg)
<use pictures/regrAssumptions.jpg>
Package pdftex.def Info: pictures/regrAssumptions.jpg  used on input line 318.
(pdftex.def)             Requested size: 312.9803pt x 157.57219pt.

Overfull \vbox (9.80072pt too high) detected at line 318
 []

File: images/BIO144_logo.jpeg Graphic file (type jpg)
<use images/BIO144_logo.jpeg>
Package pdftex.def Info: images/BIO144_logo.jpeg  used on input line 318.
(pdftex.def)             Requested size: 71.13188pt x 16.71474pt.
[10

 <./pictures/regrAssumptions.jpg>]
LaTeX Font Info:    External font `lmex10' loaded for size
(Font)              <5> on input line 335.
LaTeX Font Info:    Font shape `T1/lmss/m/it' in size <5> not available
(Font)              Font shape `T1/lmss/m/sl' tried instead on input line 335.
<Bio144_lecture3_files/figure-beamer/unnamed-chunk-4-1.pdf, id=115, 252.945pt x
 237.88875pt>
File: Bio144_lecture3_files/figure-beamer/unnamed-chunk-4-1.pdf Graphic file (t
ype pdf)
<use Bio144_lecture3_files/figure-beamer/unnamed-chunk-4-1.pdf>
Package pdftex.def Info: Bio144_lecture3_files/figure-beamer/unnamed-chunk-4-1.
pdf  used on input line 335.
(pdftex.def)             Requested size: 142.26378pt x 133.79756pt.
File: images/BIO144_logo.jpeg Graphic file (type jpg)
<use images/BIO144_logo.jpeg>
Package pdftex.def Info: images/BIO144_logo.jpeg  used on input line 335.
(pdftex.def)             Requested size: 71.13188pt x 16.71474pt.
[11

 <./Bio144_lecture3_files/figure-beamer/unnamed-chunk-4-1.pdf>]
File: images/BIO144_logo.jpeg Graphic file (type jpg)
<use images/BIO144_logo.jpeg>
Package pdftex.def Info: images/BIO144_logo.jpeg  used on input line 359.
(pdftex.def)             Requested size: 71.13188pt x 16.71474pt.
[12

]
<Bio144_lecture3_files/figure-beamer/unnamed-chunk-5-1.pdf, id=136, 411.5375pt 
x 361.35pt>
File: Bio144_lecture3_files/figure-beamer/unnamed-chunk-5-1.pdf Graphic file (t
ype pdf)
<use Bio144_lecture3_files/figure-beamer/unnamed-chunk-5-1.pdf>
Package pdftex.def Info: Bio144_lecture3_files/figure-beamer/unnamed-chunk-5-1.
pdf  used on input line 366.
(pdftex.def)             Requested size: 284.52756pt x 249.828pt.

Overfull \vbox (40.78154pt too high) detected at line 366
 []

File: images/BIO144_logo.jpeg Graphic file (type jpg)
<use images/BIO144_logo.jpeg>
Package pdftex.def Info: images/BIO144_logo.jpeg  used on input line 366.
(pdftex.def)             Requested size: 71.13188pt x 16.71474pt.
[13

 <./Bio144_lecture3_files/figure-beamer/unnamed-chunk-5-1.pdf>]
<Bio144_lecture3_files/figure-beamer/unnamed-chunk-6-1.pdf, id=150, 411.5375pt 
x 361.35pt>
File: Bio144_lecture3_files/figure-beamer/unnamed-chunk-6-1.pdf Graphic file (t
ype pdf)
<use Bio144_lecture3_files/figure-beamer/unnamed-chunk-6-1.pdf>
Package pdftex.def Info: Bio144_lecture3_files/figure-beamer/unnamed-chunk-6-1.
pdf  used on input line 373.
(pdftex.def)             Requested size: 284.52756pt x 249.828pt.

Overfull \vbox (40.78154pt too high) detected at line 373
 []

File: images/BIO144_logo.jpeg Graphic file (type jpg)
<use images/BIO144_logo.jpeg>
Package pdftex.def Info: images/BIO144_logo.jpeg  used on input line 373.
(pdftex.def)             Requested size: 71.13188pt x 16.71474pt.
[14

 <./Bio144_lecture3_files/figure-beamer/unnamed-chunk-6-1.pdf>]
<Bio144_lecture3_files/figure-beamer/unnamed-chunk-7-1.pdf, id=164, 411.5375pt 
x 361.35pt>
File: Bio144_lecture3_files/figure-beamer/unnamed-chunk-7-1.pdf Graphic file (t
ype pdf)
<use Bio144_lecture3_files/figure-beamer/unnamed-chunk-7-1.pdf>
Package pdftex.def Info: Bio144_lecture3_files/figure-beamer/unnamed-chunk-7-1.
pdf  used on input line 380.
(pdftex.def)             Requested size: 284.52756pt x 249.828pt.

Overfull \vbox (40.78154pt too high) detected at line 380
 []

File: images/BIO144_logo.jpeg Graphic file (type jpg)
<use images/BIO144_logo.jpeg>
Package pdftex.def Info: images/BIO144_logo.jpeg  used on input line 380.
(pdftex.def)             Requested size: 71.13188pt x 16.71474pt.
[15

 <./Bio144_lecture3_files/figure-beamer/unnamed-chunk-7-1.pdf>]
Overfull \hbox (5.99998pt too wide) in paragraph at lines 400--400
[][][][][][][]  
 []

File: images/BIO144_logo.jpeg Graphic file (type jpg)
<use images/BIO144_logo.jpeg>
Package pdftex.def Info: images/BIO144_logo.jpeg  used on input line 400.
(pdftex.def)             Requested size: 71.13188pt x 16.71474pt.
[16

]
<Bio144_lecture3_files/figure-beamer/unnamed-chunk-8-1.pdf, id=184, 411.5375pt 
x 361.35pt>
File: Bio144_lecture3_files/figure-beamer/unnamed-chunk-8-1.pdf Graphic file (t
ype pdf)
<use Bio144_lecture3_files/figure-beamer/unnamed-chunk-8-1.pdf>
Package pdftex.def Info: Bio144_lecture3_files/figure-beamer/unnamed-chunk-8-1.
pdf  used on input line 407.
(pdftex.def)             Requested size: 284.52756pt x 249.828pt.

Overfull \vbox (40.78154pt too high) detected at line 407
 []

File: images/BIO144_logo.jpeg Graphic file (type jpg)
<use images/BIO144_logo.jpeg>
Package pdftex.def Info: images/BIO144_logo.jpeg  used on input line 407.
(pdftex.def)             Requested size: 71.13188pt x 16.71474pt.
[17

 <./Bio144_lecture3_files/figure-beamer/unnamed-chunk-8-1.pdf>]
Overfull \hbox (5.99998pt too wide) in paragraph at lines 437--437
[][][][][][][]  
 []


Overfull \hbox (5.99998pt too wide) in paragraph at lines 437--437
[][][][][][][]  
 []


Overfull \vbox (5.16971pt too high) detected at line 437
 []

File: images/BIO144_logo.jpeg Graphic file (type jpg)
<use images/BIO144_logo.jpeg>
Package pdftex.def Info: images/BIO144_logo.jpeg  used on input line 437.
(pdftex.def)             Requested size: 71.13188pt x 16.71474pt.
[18

]
File: images/BIO144_logo.jpeg Graphic file (type jpg)
<use images/BIO144_logo.jpeg>
Package pdftex.def Info: images/BIO144_logo.jpeg  used on input line 448.
(pdftex.def)             Requested size: 71.13188pt x 16.71474pt.
[19

]
\openout4 = `Bio144_lecture3.vrb'.

(./Bio144_lecture3.vrb
LaTeX Font Info:    Trying to load font information for T1+lmtt on input line 9
.
(/Users/owenpetchey/Library/TinyTeX/texmf-dist/tex/latex/lm/t1lmtt.fd
File: t1lmtt.fd 2009/10/30 v1.6 Font defs for Latin Modern
)
LaTeX Font Info:    Font shape `T1/lmtt/bx/n' in size <6> not available
(Font)              Font shape `T1/lmtt/b/n' tried instead on input line 10.
)
File: images/BIO144_logo.jpeg Graphic file (type jpg)
<use images/BIO144_logo.jpeg>
Package pdftex.def Info: images/BIO144_logo.jpeg  used on input line 485.
(pdftex.def)             Requested size: 71.13188pt x 16.71474pt.
[20

]
<Bio144_lecture3_files/figure-beamer/unnamed-chunk-11-1.pdf, id=222, 252.945pt 
x 216.81pt>
File: Bio144_lecture3_files/figure-beamer/unnamed-chunk-11-1.pdf Graphic file (
type pdf)
<use Bio144_lecture3_files/figure-beamer/unnamed-chunk-11-1.pdf>
Package pdftex.def Info: Bio144_lecture3_files/figure-beamer/unnamed-chunk-11-1
.pdf  used on input line 497.
(pdftex.def)             Requested size: 184.9429pt x 158.5247pt.
File: images/BIO144_logo.jpeg Graphic file (type jpg)
<use images/BIO144_logo.jpeg>
Package pdftex.def Info: images/BIO144_logo.jpeg  used on input line 497.
(pdftex.def)             Requested size: 71.13188pt x 16.71474pt.
[21

 <./Bio144_lecture3_files/figure-beamer/unnamed-chunk-11-1.pdf>]
\openout4 = `Bio144_lecture3.vrb'.

(./Bio144_lecture3.vrb)
LaTeX Font Info:    External font `lmex10' loaded for size
(Font)              <14.4> on input line 529.
LaTeX Font Info:    External font `lmex10' loaded for size
(Font)              <10> on input line 529.
LaTeX Font Info:    External font `lmex10' loaded for size
(Font)              <7> on input line 529.
LaTeX Font Info:    Font shape `T1/lmss/m/it' in size <14.4> not available
(Font)              Font shape `T1/lmss/m/sl' tried instead on input line 529.
LaTeX Font Info:    Font shape `T1/lmss/m/it' in size <10> not available
(Font)              Font shape `T1/lmss/m/sl' tried instead on input line 529.
LaTeX Font Info:    Font shape `T1/lmss/m/it' in size <7> not available
(Font)              Font shape `T1/lmss/m/sl' tried instead on input line 529.
File: images/BIO144_logo.jpeg Graphic file (type jpg)
<use images/BIO144_logo.jpeg>
Package pdftex.def Info: images/BIO144_logo.jpeg  used on input line 529.
(pdftex.def)             Requested size: 71.13188pt x 16.71474pt.
[22

]
\openout4 = `Bio144_lecture3.vrb'.

(./Bio144_lecture3.vrb
<Bio144_lecture3_files/figure-beamer/unnamed-chunk-15-1.pdf, id=244, 433.62pt x
 216.81pt>
File: Bio144_lecture3_files/figure-beamer/unnamed-chunk-15-1.pdf Graphic file (
type pdf)
<use Bio144_lecture3_files/figure-beamer/unnamed-chunk-15-1.pdf>
Package pdftex.def Info: Bio144_lecture3_files/figure-beamer/unnamed-chunk-15-1
.pdf  used on input line 28.
(pdftex.def)             Requested size: 142.26378pt x 71.13068pt.
)
Overfull \vbox (13.94592pt too high) detected at line 561
 []

File: images/BIO144_logo.jpeg Graphic file (type jpg)
<use images/BIO144_logo.jpeg>
Package pdftex.def Info: images/BIO144_logo.jpeg  used on input line 561.
(pdftex.def)             Requested size: 71.13188pt x 16.71474pt.
[23

 <./Bio144_lecture3_files/figure-beamer/unnamed-chunk-15-1.pdf>]
Overfull \hbox (5.99998pt too wide) in paragraph at lines 588--588
[][][][][][][]  
 []

File: images/BIO144_logo.jpeg Graphic file (type jpg)
<use images/BIO144_logo.jpeg>
Package pdftex.def Info: images/BIO144_logo.jpeg  used on input line 588.
(pdftex.def)             Requested size: 71.13188pt x 16.71474pt.
[24

]

LaTeX Warning: The counter will not be printed.
             The label is: d) on input line 622.


Overfull \hbox (5.99998pt too wide) in paragraph at lines 622--622
[][][][][][][]  
 []

File: images/BIO144_logo.jpeg Graphic file (type jpg)
<use images/BIO144_logo.jpeg>
Package pdftex.def Info: images/BIO144_logo.jpeg  used on input line 622.
(pdftex.def)             Requested size: 71.13188pt x 16.71474pt.
[25

]
<Bio144_lecture3_files/figure-beamer/unnamed-chunk-16-1.pdf, id=272, 289.08pt x
 289.08pt>
File: Bio144_lecture3_files/figure-beamer/unnamed-chunk-16-1.pdf Graphic file (
type pdf)
<use Bio144_lecture3_files/figure-beamer/unnamed-chunk-16-1.pdf>
Package pdftex.def Info: Bio144_lecture3_files/figure-beamer/unnamed-chunk-16-1
.pdf  used on input line 633.
(pdftex.def)             Requested size: 156.49014pt x 156.48903pt.
File: images/BIO144_logo.jpeg Graphic file (type jpg)
<use images/BIO144_logo.jpeg>
Package pdftex.def Info: images/BIO144_logo.jpeg  used on input line 633.
(pdftex.def)             Requested size: 71.13188pt x 16.71474pt.
[26

 <./Bio144_lecture3_files/figure-beamer/unnamed-chunk-16-1.pdf>]
\openout4 = `Bio144_lecture3.vrb'.

(./Bio144_lecture3.vrb
LaTeX Font Info:    Font shape `T1/lmtt/bx/n' in size <10.95> not available
(Font)              Font shape `T1/lmtt/b/n' tried instead on input line 12.
)
Overfull \vbox (6.29402pt too high) detected at line 670
 []

File: images/BIO144_logo.jpeg Graphic file (type jpg)
<use images/BIO144_logo.jpeg>
Package pdftex.def Info: images/BIO144_logo.jpeg  used on input line 670.
(pdftex.def)             Requested size: 71.13188pt x 16.71474pt.
[27

]
Overfull \hbox (5.99998pt too wide) in paragraph at lines 691--691
[][][][][][][]  
 []

File: images/BIO144_logo.jpeg Graphic file (type jpg)
<use images/BIO144_logo.jpeg>
Package pdftex.def Info: images/BIO144_logo.jpeg  used on input line 691.
(pdftex.def)             Requested size: 71.13188pt x 16.71474pt.
[28

]
File: images/BIO144_logo.jpeg Graphic file (type jpg)
<use images/BIO144_logo.jpeg>
Package pdftex.def Info: images/BIO144_logo.jpeg  used on input line 717.
(pdftex.def)             Requested size: 71.13188pt x 16.71474pt.
[29

]
\openout4 = `Bio144_lecture3.vrb'.

(./Bio144_lecture3.vrb)
File: images/BIO144_logo.jpeg Graphic file (type jpg)
<use images/BIO144_logo.jpeg>
Package pdftex.def Info: images/BIO144_logo.jpeg  used on input line 742.
(pdftex.def)             Requested size: 71.13188pt x 16.71474pt.
[30

]
Overfull \hbox (5.99998pt too wide) in paragraph at lines 767--767
[][][][][][][]  
 []


Overfull \hbox (5.99998pt too wide) in paragraph at lines 767--767
[][][][][][][]  
 []

File: images/BIO144_logo.jpeg Graphic file (type jpg)
<use images/BIO144_logo.jpeg>
Package pdftex.def Info: images/BIO144_logo.jpeg  used on input line 767.
(pdftex.def)             Requested size: 71.13188pt x 16.71474pt.
[31

]
File: images/BIO144_logo.jpeg Graphic file (type jpg)
<use images/BIO144_logo.jpeg>
Package pdftex.def Info: images/BIO144_logo.jpeg  used on input line 806.
(pdftex.def)             Requested size: 71.13188pt x 16.71474pt.
[32

]
\openout4 = `Bio144_lecture3.vrb'.

(./Bio144_lecture3.vrb)
File: images/BIO144_logo.jpeg Graphic file (type jpg)
<use images/BIO144_logo.jpeg>
Package pdftex.def Info: images/BIO144_logo.jpeg  used on input line 833.
(pdftex.def)             Requested size: 71.13188pt x 16.71474pt.
[33

]
Overfull \hbox (5.99998pt too wide) in paragraph at lines 849--849
[][][][][][][]  
 []

<Bio144_lecture3_files/figure-beamer/unnamed-chunk-21-1.pdf, id=340, 722.7pt x 
505.89pt>
File: Bio144_lecture3_files/figure-beamer/unnamed-chunk-21-1.pdf Graphic file (
type pdf)
<use Bio144_lecture3_files/figure-beamer/unnamed-chunk-21-1.pdf>
Package pdftex.def Info: Bio144_lecture3_files/figure-beamer/unnamed-chunk-21-1
.pdf  used on input line 849.
(pdftex.def)             Requested size: 170.71652pt x 119.5017pt.

Overfull \vbox (15.32205pt too high) detected at line 849
 []

File: images/BIO144_logo.jpeg Graphic file (type jpg)
<use images/BIO144_logo.jpeg>
Package pdftex.def Info: images/BIO144_logo.jpeg  used on input line 849.
(pdftex.def)             Requested size: 71.13188pt x 16.71474pt.
[34

 <./Bio144_lecture3_files/figure-beamer/unnamed-chunk-21-1.pdf>]
File: images/BIO144_logo.jpeg Graphic file (type jpg)
<use images/BIO144_logo.jpeg>
Package pdftex.def Info: images/BIO144_logo.jpeg  used on input line 864.
(pdftex.def)             Requested size: 71.13188pt x 16.71474pt.
[35

]
Overfull \hbox (5.99998pt too wide) in paragraph at lines 877--877
[][][][][][][]  
 []

File: images/BIO144_logo.jpeg Graphic file (type jpg)
<use images/BIO144_logo.jpeg>
Package pdftex.def Info: images/BIO144_logo.jpeg  used on input line 877.
(pdftex.def)             Requested size: 71.13188pt x 16.71474pt.
[36

]
Overfull \hbox (5.99998pt too wide) in paragraph at lines 906--906
[][][][][][][]  
 []

File: images/BIO144_logo.jpeg Graphic file (type jpg)
<use images/BIO144_logo.jpeg>
Package pdftex.def Info: images/BIO144_logo.jpeg  used on input line 906.
(pdftex.def)             Requested size: 71.13188pt x 16.71474pt.
[37

]
\openout4 = `Bio144_lecture3.vrb'.

(./Bio144_lecture3.vrb)
File: images/BIO144_logo.jpeg Graphic file (type jpg)
<use images/BIO144_logo.jpeg>
Package pdftex.def Info: images/BIO144_logo.jpeg  used on input line 939.
(pdftex.def)             Requested size: 71.13188pt x 16.71474pt.
[38

]
\openout4 = `Bio144_lecture3.vrb'.

(./Bio144_lecture3.vrb
LaTeX Font Info:    External font `lmex10' loaded for size
(Font)              <9> on input line 23.
LaTeX Font Info:    Font shape `T1/lmss/m/it' in size <9> not available
(Font)              Font shape `T1/lmss/m/sl' tried instead on input line 23.
)
File: images/BIO144_logo.jpeg Graphic file (type jpg)
<use images/BIO144_logo.jpeg>
Package pdftex.def Info: images/BIO144_logo.jpeg  used on input line 979.
(pdftex.def)             Requested size: 71.13188pt x 16.71474pt.
[39

]
File: images/BIO144_logo.jpeg Graphic file (type jpg)
<use images/BIO144_logo.jpeg>
Package pdftex.def Info: images/BIO144_logo.jpeg  used on input line 1001.
(pdftex.def)             Requested size: 71.13188pt x 16.71474pt.
[40

]
<Bio144_lecture3_files/figure-beamer/unnamed-chunk-25-1.pdf, id=401, 361.35pt x
 361.35pt>
File: Bio144_lecture3_files/figure-beamer/unnamed-chunk-25-1.pdf Graphic file (
type pdf)
<use Bio144_lecture3_files/figure-beamer/unnamed-chunk-25-1.pdf>
Package pdftex.def Info: Bio144_lecture3_files/figure-beamer/unnamed-chunk-25-1
.pdf  used on input line 1013.
(pdftex.def)             Requested size: 199.16928pt x 199.16766pt.

Overfull \vbox (10.85034pt too high) detected at line 1013
 []

File: images/BIO144_logo.jpeg Graphic file (type jpg)
<use images/BIO144_logo.jpeg>
Package pdftex.def Info: images/BIO144_logo.jpeg  used on input line 1013.
(pdftex.def)             Requested size: 71.13188pt x 16.71474pt.
[41

 <./Bio144_lecture3_files/figure-beamer/unnamed-chunk-25-1.pdf>]
Overfull \hbox (5.99998pt too wide) in paragraph at lines 1036--1036
[][][][][][][]  
 []


Overfull \hbox (5.99998pt too wide) in paragraph at lines 1036--1036
[][][][][][][]  
 []

File: images/BIO144_logo.jpeg Graphic file (type jpg)
<use images/BIO144_logo.jpeg>
Package pdftex.def Info: images/BIO144_logo.jpeg  used on input line 1036.
(pdftex.def)             Requested size: 71.13188pt x 16.71474pt.
[42

]
<Bio144_lecture3_files/figure-beamer/unnamed-chunk-26-1.pdf, id=422, 361.35pt x
 361.35pt>
File: Bio144_lecture3_files/figure-beamer/unnamed-chunk-26-1.pdf Graphic file (
type pdf)
<use Bio144_lecture3_files/figure-beamer/unnamed-chunk-26-1.pdf>
Package pdftex.def Info: Bio144_lecture3_files/figure-beamer/unnamed-chunk-26-1
.pdf  used on input line 1043.
(pdftex.def)             Requested size: 199.16928pt x 199.16766pt.
File: images/BIO144_logo.jpeg Graphic file (type jpg)
<use images/BIO144_logo.jpeg>
Package pdftex.def Info: images/BIO144_logo.jpeg  used on input line 1043.
(pdftex.def)             Requested size: 71.13188pt x 16.71474pt.
[43

 <./Bio144_lecture3_files/figure-beamer/unnamed-chunk-26-1.pdf>]
File: images/BIO144_logo.jpeg Graphic file (type jpg)
<use images/BIO144_logo.jpeg>
Package pdftex.def Info: images/BIO144_logo.jpeg  used on input line 1062.
(pdftex.def)             Requested size: 71.13188pt x 16.71474pt.
[44

]
<Bio144_lecture3_files/figure-beamer/unnamed-chunk-27-1.pdf, id=444, 361.35pt x
 361.35pt>
File: Bio144_lecture3_files/figure-beamer/unnamed-chunk-27-1.pdf Graphic file (
type pdf)
<use Bio144_lecture3_files/figure-beamer/unnamed-chunk-27-1.pdf>
Package pdftex.def Info: Bio144_lecture3_files/figure-beamer/unnamed-chunk-27-1
.pdf  used on input line 1069.
(pdftex.def)             Requested size: 199.16928pt x 199.16766pt.
File: images/BIO144_logo.jpeg Graphic file (type jpg)
<use images/BIO144_logo.jpeg>
Package pdftex.def Info: images/BIO144_logo.jpeg  used on input line 1069.
(pdftex.def)             Requested size: 71.13188pt x 16.71474pt.
[45

 <./Bio144_lecture3_files/figure-beamer/unnamed-chunk-27-1.pdf>]
File: images/BIO144_logo.jpeg Graphic file (type jpg)
<use images/BIO144_logo.jpeg>
Package pdftex.def Info: images/BIO144_logo.jpeg  used on input line 1088.
(pdftex.def)             Requested size: 71.13188pt x 16.71474pt.
[46

]
\tf@nav=\write7
\openout7 = `Bio144_lecture3.nav'.

\tf@toc=\write8
\openout8 = `Bio144_lecture3.toc'.

\tf@snm=\write9
\openout9 = `Bio144_lecture3.snm'.

(./Bio144_lecture3.aux)
Package rerunfilecheck Info: File `Bio144_lecture3.out' has not changed.
(rerunfilecheck)             Checksum: D41D8CD98F00B204E9800998ECF8427E;0.
 ) 
Here is how much of TeX's memory you used:
 22056 strings out of 481290
 408098 string characters out of 5915991
 682803 words of memory out of 5000000
 38294 multiletter control sequences out of 15000+600000
 488827 words of font info for 93 fonts, out of 8000000 for 9000
 14 hyphenation exceptions out of 8191
 112i,15n,116p,440b,444s stack positions out of 5000i,500n,10000p,200000b,80000s
{/Users/owenpetchey/Library/TinyTeX/texmf-dist/fonts/enc/dvips/lm/lm-mathit.e
nc}{/Users/owenpetchey/Library/TinyTeX/texmf-dist/fonts/enc/dvips/lm/lm-ec.enc}
{/Users/owenpetchey/Library/TinyTeX/texmf-dist/fonts/enc/dvips/lm/lm-rm.enc}{/U
sers/owenpetchey/Library/TinyTeX/texmf-dist/fonts/enc/dvips/lm/lm-mathsy.enc}{/
Users/owenpetchey/Library/TinyTeX/texmf-dist/fonts/enc/dvips/lm/lm-mathex.enc}<
/Users/owenpetchey/Library/TinyTeX/texmf-dist/fonts/type1/public/lm/lmex10.pfb>
</Users/owenpetchey/Library/TinyTeX/texmf-dist/fonts/type1/public/lm/lmmi10.pfb
></Users/owenpetchey/Library/TinyTeX/texmf-dist/fonts/type1/public/lm/lmmi12.pf
b></Users/owenpetchey/Library/TinyTeX/texmf-dist/fonts/type1/public/lm/lmmi6.pf
b></Users/owenpetchey/Library/TinyTeX/texmf-dist/fonts/type1/public/lm/lmmi8.pf
b></Users/owenpetchey/Library/TinyTeX/texmf-dist/fonts/type1/public/lm/lmmi9.pf
b></Users/owenpetchey/Library/TinyTeX/texmf-dist/fonts/type1/public/lm/lmss10.p
fb></Users/owenpetchey/Library/TinyTeX/texmf-dist/fonts/type1/public/lm/lmss12.
pfb></Users/owenpetchey/Library/TinyTeX/texmf-dist/fonts/type1/public/lm/lmss8.
pfb></Users/owenpetchey/Library/TinyTeX/texmf-dist/fonts/type1/public/lm/lmss9.
pfb></Users/owenpetchey/Library/TinyTeX/texmf-dist/fonts/type1/public/lm/lmssbx
10.pfb></Users/owenpetchey/Library/TinyTeX/texmf-dist/fonts/type1/public/lm/lms
so10.pfb></Users/owenpetchey/Library/TinyTeX/texmf-dist/fonts/type1/public/lm/l
msso12.pfb></Users/owenpetchey/Library/TinyTeX/texmf-dist/fonts/type1/public/lm
/lmsso8.pfb></Users/owenpetchey/Library/TinyTeX/texmf-dist/fonts/type1/public/l
m/lmsso9.pfb></Users/owenpetchey/Library/TinyTeX/texmf-dist/fonts/type1/public/
lm/lmsy10.pfb></Users/owenpetchey/Library/TinyTeX/texmf-dist/fonts/type1/public
/lm/lmsy8.pfb></Users/owenpetchey/Library/TinyTeX/texmf-dist/fonts/type1/public
/lm/lmtk10.pfb></Users/owenpetchey/Library/TinyTeX/texmf-dist/fonts/type1/publi
c/lm/lmtt10.pfb></Users/owenpetchey/Library/TinyTeX/texmf-dist/fonts/type1/publ
ic/lm/lmtt8.pfb></Users/owenpetchey/Library/TinyTeX/texmf-dist/fonts/type1/publ
ic/amsfonts/symbols/msam10.pfb>
Output written on Bio144_lecture3.pdf (46 pages, 711397 bytes).
PDF statistics:
 571 PDF objects out of 1000 (max. 8388607)
 459 compressed objects within 5 object streams
 139 named destinations out of 1000 (max. 500000)
 123 words of extra memory for PDF output out of 10000 (max. 10000000)

